[0.473s] Invoking command in '/home/ivan/Documents/PAS/zadatak2/pas/zadatak2/src/zadatak2': PYTHONPATH=/home/ivan/Documents/PAS/zadatak2/pas/zadatak2/build/zadatak2/prefix_override:/usr/lib/python3/dist-packages/colcon_core/task/python/colcon_distutils_commands:/home/ivan/Documents/PAS/zadatak2/pas/zadatak2/install/zadatak2/lib/python3.10/site-packages:${PYTHONPATH} /usr/bin/python3 -W ignore:setup.py install is deprecated -W ignore:easy_install command is deprecated setup.py egg_info --egg-base ../../build/zadatak2 build --build-base /home/ivan/Documents/PAS/zadatak2/pas/zadatak2/build/zadatak2/build install --record /home/ivan/Documents/PAS/zadatak2/pas/zadatak2/build/zadatak2/install.log --single-version-externally-managed install_data
[0.637s] running egg_info
[0.637s] creating ../../build/zadatak2/zadatak2.egg-info
[0.637s] writing ../../build/zadatak2/zadatak2.egg-info/PKG-INFO
[0.637s] writing dependency_links to ../../build/zadatak2/zadatak2.egg-info/dependency_links.txt
[0.637s] writing entry points to ../../build/zadatak2/zadatak2.egg-info/entry_points.txt
[0.637s] writing requirements to ../../build/zadatak2/zadatak2.egg-info/requires.txt
[0.637s] writing top-level names to ../../build/zadatak2/zadatak2.egg-info/top_level.txt
[0.637s] writing manifest file '../../build/zadatak2/zadatak2.egg-info/SOURCES.txt'
[0.638s] reading manifest file '../../build/zadatak2/zadatak2.egg-info/SOURCES.txt'
[0.638s] adding license file 'LICENSE'
[0.639s] writing manifest file '../../build/zadatak2/zadatak2.egg-info/SOURCES.txt'
[0.639s] running build
[0.639s] running build_py
[0.639s] creating /home/ivan/Documents/PAS/zadatak2/pas/zadatak2/build/zadatak2/build
[0.639s] creating /home/ivan/Documents/PAS/zadatak2/pas/zadatak2/build/zadatak2/build/lib
[0.639s] creating /home/ivan/Documents/PAS/zadatak2/pas/zadatak2/build/zadatak2/build/lib/zadatak2
[0.639s] copying zadatak2/path_follower_node.py -> /home/ivan/Documents/PAS/zadatak2/pas/zadatak2/build/zadatak2/build/lib/zadatak2
[0.639s] copying zadatak2/d_star_path_planner.py -> /home/ivan/Documents/PAS/zadatak2/pas/zadatak2/build/zadatak2/build/lib/zadatak2
[0.639s] copying zadatak2/__init__.py -> /home/ivan/Documents/PAS/zadatak2/pas/zadatak2/build/zadatak2/build/lib/zadatak2
[0.639s] copying zadatak2/goal_navigation_node.py -> /home/ivan/Documents/PAS/zadatak2/pas/zadatak2/build/zadatak2/build/lib/zadatak2
[0.639s] copying zadatak2/nav2_adapter.py -> /home/ivan/Documents/PAS/zadatak2/pas/zadatak2/build/zadatak2/build/lib/zadatak2
[0.639s] copying zadatak2/path_planning_node.py -> /home/ivan/Documents/PAS/zadatak2/pas/zadatak2/build/zadatak2/build/lib/zadatak2
[0.640s] copying zadatak2/navigation_complete_nav2.launch.py -> /home/ivan/Documents/PAS/zadatak2/pas/zadatak2/build/zadatak2/build/lib/zadatak2
[0.640s] copying zadatak2/map_republisher.py -> /home/ivan/Documents/PAS/zadatak2/pas/zadatak2/build/zadatak2/build/lib/zadatak2
[0.640s] running install
[0.640s] running install_lib
[0.640s] creating /home/ivan/Documents/PAS/zadatak2/pas/zadatak2/install/zadatak2/lib/python3.10/site-packages/zadatak2
[0.640s] copying /home/ivan/Documents/PAS/zadatak2/pas/zadatak2/build/zadatak2/build/lib/zadatak2/path_follower_node.py -> /home/ivan/Documents/PAS/zadatak2/pas/zadatak2/install/zadatak2/lib/python3.10/site-packages/zadatak2
[0.640s] copying /home/ivan/Documents/PAS/zadatak2/pas/zadatak2/build/zadatak2/build/lib/zadatak2/d_star_path_planner.py -> /home/ivan/Documents/PAS/zadatak2/pas/zadatak2/install/zadatak2/lib/python3.10/site-packages/zadatak2
[0.640s] copying /home/ivan/Documents/PAS/zadatak2/pas/zadatak2/build/zadatak2/build/lib/zadatak2/__init__.py -> /home/ivan/Documents/PAS/zadatak2/pas/zadatak2/install/zadatak2/lib/python3.10/site-packages/zadatak2
[0.640s] copying /home/ivan/Documents/PAS/zadatak2/pas/zadatak2/build/zadatak2/build/lib/zadatak2/goal_navigation_node.py -> /home/ivan/Documents/PAS/zadatak2/pas/zadatak2/install/zadatak2/lib/python3.10/site-packages/zadatak2
[0.640s] copying /home/ivan/Documents/PAS/zadatak2/pas/zadatak2/build/zadatak2/build/lib/zadatak2/nav2_adapter.py -> /home/ivan/Documents/PAS/zadatak2/pas/zadatak2/install/zadatak2/lib/python3.10/site-packages/zadatak2
[0.640s] copying /home/ivan/Documents/PAS/zadatak2/pas/zadatak2/build/zadatak2/build/lib/zadatak2/path_planning_node.py -> /home/ivan/Documents/PAS/zadatak2/pas/zadatak2/install/zadatak2/lib/python3.10/site-packages/zadatak2
[0.640s] copying /home/ivan/Documents/PAS/zadatak2/pas/zadatak2/build/zadatak2/build/lib/zadatak2/navigation_complete_nav2.launch.py -> /home/ivan/Documents/PAS/zadatak2/pas/zadatak2/install/zadatak2/lib/python3.10/site-packages/zadatak2
[0.640s] copying /home/ivan/Documents/PAS/zadatak2/pas/zadatak2/build/zadatak2/build/lib/zadatak2/map_republisher.py -> /home/ivan/Documents/PAS/zadatak2/pas/zadatak2/install/zadatak2/lib/python3.10/site-packages/zadatak2
[0.641s] byte-compiling /home/ivan/Documents/PAS/zadatak2/pas/zadatak2/install/zadatak2/lib/python3.10/site-packages/zadatak2/path_follower_node.py to path_follower_node.cpython-310.pyc
[0.642s] byte-compiling /home/ivan/Documents/PAS/zadatak2/pas/zadatak2/install/zadatak2/lib/python3.10/site-packages/zadatak2/d_star_path_planner.py to d_star_path_planner.cpython-310.pyc
[0.644s] byte-compiling /home/ivan/Documents/PAS/zadatak2/pas/zadatak2/install/zadatak2/lib/python3.10/site-packages/zadatak2/__init__.py to __init__.cpython-310.pyc
[0.644s] byte-compiling /home/ivan/Documents/PAS/zadatak2/pas/zadatak2/install/zadatak2/lib/python3.10/site-packages/zadatak2/goal_navigation_node.py to goal_navigation_node.cpython-310.pyc
[0.645s] byte-compiling /home/ivan/Documents/PAS/zadatak2/pas/zadatak2/install/zadatak2/lib/python3.10/site-packages/zadatak2/nav2_adapter.py to nav2_adapter.cpython-310.pyc
[0.645s] byte-compiling /home/ivan/Documents/PAS/zadatak2/pas/zadatak2/install/zadatak2/lib/python3.10/site-packages/zadatak2/path_planning_node.py to path_planning_node.cpython-310.pyc
[0.645s] byte-compiling /home/ivan/Documents/PAS/zadatak2/pas/zadatak2/install/zadatak2/lib/python3.10/site-packages/zadatak2/navigation_complete_nav2.launch.py to navigation_complete_nav2.launch.cpython-310.pyc
[0.646s] byte-compiling /home/ivan/Documents/PAS/zadatak2/pas/zadatak2/install/zadatak2/lib/python3.10/site-packages/zadatak2/map_republisher.py to map_republisher.cpython-310.pyc
[0.646s] running install_data
[0.646s] creating /home/ivan/Documents/PAS/zadatak2/pas/zadatak2/install/zadatak2/share/ament_index
[0.646s] creating /home/ivan/Documents/PAS/zadatak2/pas/zadatak2/install/zadatak2/share/ament_index/resource_index
[0.646s] creating /home/ivan/Documents/PAS/zadatak2/pas/zadatak2/install/zadatak2/share/ament_index/resource_index/packages
[0.646s] copying resource/zadatak2 -> /home/ivan/Documents/PAS/zadatak2/pas/zadatak2/install/zadatak2/share/ament_index/resource_index/packages
[0.646s] copying package.xml -> /home/ivan/Documents/PAS/zadatak2/pas/zadatak2/install/zadatak2/share/zadatak2
[0.646s] creating /home/ivan/Documents/PAS/zadatak2/pas/zadatak2/install/zadatak2/share/zadatak2/launch
[0.646s] copying launch/navigation_complete.launch.py -> /home/ivan/Documents/PAS/zadatak2/pas/zadatak2/install/zadatak2/share/zadatak2/launch
[0.646s] copying launch/stage_launch.py -> /home/ivan/Documents/PAS/zadatak2/pas/zadatak2/install/zadatak2/share/zadatak2/launch
[0.646s] copying launch/mapping_complete_launch.py -> /home/ivan/Documents/PAS/zadatak2/pas/zadatak2/install/zadatak2/share/zadatak2/launch
[0.646s] copying launch/localization_launch.py -> /home/ivan/Documents/PAS/zadatak2/pas/zadatak2/install/zadatak2/share/zadatak2/launch
[0.646s] copying launch/online_async_launch.py -> /home/ivan/Documents/PAS/zadatak2/pas/zadatak2/install/zadatak2/share/zadatak2/launch
[0.646s] copying launch/localization_complete_launch.py -> /home/ivan/Documents/PAS/zadatak2/pas/zadatak2/install/zadatak2/share/zadatak2/launch
[0.646s] copying launch/mapping_launch.py -> /home/ivan/Documents/PAS/zadatak2/pas/zadatak2/install/zadatak2/share/zadatak2/launch
[0.646s] copying launch/navigation_complete_nav2.launch.py -> /home/ivan/Documents/PAS/zadatak2/pas/zadatak2/install/zadatak2/share/zadatak2/launch
[0.646s] copying launch/navigation_launch.py -> /home/ivan/Documents/PAS/zadatak2/pas/zadatak2/install/zadatak2/share/zadatak2/launch
[0.647s] copying launch/d_star_path_planner.launch.py -> /home/ivan/Documents/PAS/zadatak2/pas/zadatak2/install/zadatak2/share/zadatak2/launch
[0.647s] creating /home/ivan/Documents/PAS/zadatak2/pas/zadatak2/install/zadatak2/share/zadatak2/config
[0.647s] copying config/mapper_params_online_async.yaml -> /home/ivan/Documents/PAS/zadatak2/pas/zadatak2/install/zadatak2/share/zadatak2/config
[0.647s] copying config/nav2_params.yaml -> /home/ivan/Documents/PAS/zadatak2/pas/zadatak2/install/zadatak2/share/zadatak2/config
[0.647s] copying config/a_star_path_planner_examples.yaml -> /home/ivan/Documents/PAS/zadatak2/pas/zadatak2/install/zadatak2/share/zadatak2/config
[0.647s] copying config/rviz_navigation.rviz -> /home/ivan/Documents/PAS/zadatak2/pas/zadatak2/install/zadatak2/share/zadatak2/config
[0.647s] copying config/rviz_config.rviz -> /home/ivan/Documents/PAS/zadatak2/pas/zadatak2/install/zadatak2/share/zadatak2/config
[0.647s] creating /home/ivan/Documents/PAS/zadatak2/pas/zadatak2/install/zadatak2/share/zadatak2/world
[0.647s] copying world/map_01.world -> /home/ivan/Documents/PAS/zadatak2/pas/zadatak2/install/zadatak2/share/zadatak2/world
[0.647s] copying world/map_01.png -> /home/ivan/Documents/PAS/zadatak2/pas/zadatak2/install/zadatak2/share/zadatak2/world
[0.647s] creating /home/ivan/Documents/PAS/zadatak2/pas/zadatak2/install/zadatak2/share/zadatak2/world/include
[0.647s] copying world/include/pioneer2dx.inc -> /home/ivan/Documents/PAS/zadatak2/pas/zadatak2/install/zadatak2/share/zadatak2/world/include
[0.647s] copying world/include/robots.inc -> /home/ivan/Documents/PAS/zadatak2/pas/zadatak2/install/zadatak2/share/zadatak2/world/include
[0.647s] creating /home/ivan/Documents/PAS/zadatak2/pas/zadatak2/install/zadatak2/share/zadatak2/mapped_maps
[0.647s] creating /home/ivan/Documents/PAS/zadatak2/pas/zadatak2/install/zadatak2/share/zadatak2/mapped_maps/map_01
[0.647s] copying mapped_maps/map_01/map_01.yaml -> /home/ivan/Documents/PAS/zadatak2/pas/zadatak2/install/zadatak2/share/zadatak2/mapped_maps/map_01
[0.647s] copying mapped_maps/map_01/map_01.pgm -> /home/ivan/Documents/PAS/zadatak2/pas/zadatak2/install/zadatak2/share/zadatak2/mapped_maps/map_01
[0.647s] running install_egg_info
[0.648s] Copying ../../build/zadatak2/zadatak2.egg-info to /home/ivan/Documents/PAS/zadatak2/pas/zadatak2/install/zadatak2/lib/python3.10/site-packages/zadatak2-0.0.0-py3.10.egg-info
[0.648s] running install_scripts
[0.662s] Installing d_star_path_planner script to /home/ivan/Documents/PAS/zadatak2/pas/zadatak2/install/zadatak2/lib/zadatak2
[0.662s] Installing goal_navigation_node script to /home/ivan/Documents/PAS/zadatak2/pas/zadatak2/install/zadatak2/lib/zadatak2
[0.662s] Installing map_republisher script to /home/ivan/Documents/PAS/zadatak2/pas/zadatak2/install/zadatak2/lib/zadatak2
[0.662s] Installing nav2_adapter script to /home/ivan/Documents/PAS/zadatak2/pas/zadatak2/install/zadatak2/lib/zadatak2
[0.662s] Installing path_follower script to /home/ivan/Documents/PAS/zadatak2/pas/zadatak2/install/zadatak2/lib/zadatak2
[0.662s] Installing path_planning_node script to /home/ivan/Documents/PAS/zadatak2/pas/zadatak2/install/zadatak2/lib/zadatak2
[0.662s] writing list of installed files to '/home/ivan/Documents/PAS/zadatak2/pas/zadatak2/build/zadatak2/install.log'
[0.677s] Invoked command in '/home/ivan/Documents/PAS/zadatak2/pas/zadatak2/src/zadatak2' returned '0': PYTHONPATH=/home/ivan/Documents/PAS/zadatak2/pas/zadatak2/build/zadatak2/prefix_override:/usr/lib/python3/dist-packages/colcon_core/task/python/colcon_distutils_commands:/home/ivan/Documents/PAS/zadatak2/pas/zadatak2/install/zadatak2/lib/python3.10/site-packages:${PYTHONPATH} /usr/bin/python3 -W ignore:setup.py install is deprecated -W ignore:easy_install command is deprecated setup.py egg_info --egg-base ../../build/zadatak2 build --build-base /home/ivan/Documents/PAS/zadatak2/pas/zadatak2/build/zadatak2/build install --record /home/ivan/Documents/PAS/zadatak2/pas/zadatak2/build/zadatak2/install.log --single-version-externally-managed install_data
