/home/ivan/Documents/PAS/zadatak2/projektiranje-autonomnih-sustava/zadatak2/install/zadatak2/lib/python3.10/site-packages/zadatak2/path_follower_node.py
/home/ivan/Documents/PAS/zadatak2/projektiranje-autonomnih-sustava/zadatak2/install/zadatak2/lib/python3.10/site-packages/zadatak2/d_star_path_planner.py
/home/ivan/Documents/PAS/zadatak2/projektiranje-autonomnih-sustava/zadatak2/install/zadatak2/lib/python3.10/site-packages/zadatak2/__init__.py
/home/ivan/Documents/PAS/zadatak2/projektiranje-autonomnih-sustava/zadatak2/install/zadatak2/lib/python3.10/site-packages/zadatak2/goal_navigation_node.py
/home/ivan/Documents/PAS/zadatak2/projektiranje-autonomnih-sustava/zadatak2/install/zadatak2/lib/python3.10/site-packages/zadatak2/nav2_adapter.py
/home/ivan/Documents/PAS/zadatak2/projektiranje-autonomnih-sustava/zadatak2/install/zadatak2/lib/python3.10/site-packages/zadatak2/path_planning_node.py
/home/ivan/Documents/PAS/zadatak2/projektiranje-autonomnih-sustava/zadatak2/install/zadatak2/lib/python3.10/site-packages/zadatak2/navigation_complete_nav2.launch.py
/home/ivan/Documents/PAS/zadatak2/projektiranje-autonomnih-sustava/zadatak2/install/zadatak2/lib/python3.10/site-packages/zadatak2/map_republisher.py
/home/ivan/Documents/PAS/zadatak2/projektiranje-autonomnih-sustava/zadatak2/install/zadatak2/lib/python3.10/site-packages/zadatak2/__pycache__/path_follower_node.cpython-310.pyc
/home/ivan/Documents/PAS/zadatak2/projektiranje-autonomnih-sustava/zadatak2/install/zadatak2/lib/python3.10/site-packages/zadatak2/__pycache__/d_star_path_planner.cpython-310.pyc
/home/ivan/Documents/PAS/zadatak2/projektiranje-autonomnih-sustava/zadatak2/install/zadatak2/lib/python3.10/site-packages/zadatak2/__pycache__/__init__.cpython-310.pyc
/home/ivan/Documents/PAS/zadatak2/projektiranje-autonomnih-sustava/zadatak2/install/zadatak2/lib/python3.10/site-packages/zadatak2/__pycache__/goal_navigation_node.cpython-310.pyc
/home/ivan/Documents/PAS/zadatak2/projektiranje-autonomnih-sustava/zadatak2/install/zadatak2/lib/python3.10/site-packages/zadatak2/__pycache__/nav2_adapter.cpython-310.pyc
/home/ivan/Documents/PAS/zadatak2/projektiranje-autonomnih-sustava/zadatak2/install/zadatak2/lib/python3.10/site-packages/zadatak2/__pycache__/path_planning_node.cpython-310.pyc
/home/ivan/Documents/PAS/zadatak2/projektiranje-autonomnih-sustava/zadatak2/install/zadatak2/lib/python3.10/site-packages/zadatak2/__pycache__/navigation_complete_nav2.launch.cpython-310.pyc
/home/ivan/Documents/PAS/zadatak2/projektiranje-autonomnih-sustava/zadatak2/install/zadatak2/lib/python3.10/site-packages/zadatak2/__pycache__/map_republisher.cpython-310.pyc
/home/ivan/Documents/PAS/zadatak2/projektiranje-autonomnih-sustava/zadatak2/install/zadatak2/share/ament_index/resource_index/packages/zadatak2
/home/ivan/Documents/PAS/zadatak2/projektiranje-autonomnih-sustava/zadatak2/install/zadatak2/share/zadatak2/package.xml
/home/ivan/Documents/PAS/zadatak2/projektiranje-autonomnih-sustava/zadatak2/install/zadatak2/share/zadatak2/launch/navigation_complete.launch.py
/home/ivan/Documents/PAS/zadatak2/projektiranje-autonomnih-sustava/zadatak2/install/zadatak2/share/zadatak2/launch/stage_launch.py
/home/ivan/Documents/PAS/zadatak2/projektiranje-autonomnih-sustava/zadatak2/install/zadatak2/share/zadatak2/launch/mapping_complete_launch.py
/home/ivan/Documents/PAS/zadatak2/projektiranje-autonomnih-sustava/zadatak2/install/zadatak2/share/zadatak2/launch/localization_launch.py
/home/ivan/Documents/PAS/zadatak2/projektiranje-autonomnih-sustava/zadatak2/install/zadatak2/share/zadatak2/launch/online_async_launch.py
/home/ivan/Documents/PAS/zadatak2/projektiranje-autonomnih-sustava/zadatak2/install/zadatak2/share/zadatak2/launch/localization_complete_launch.py
/home/ivan/Documents/PAS/zadatak2/projektiranje-autonomnih-sustava/zadatak2/install/zadatak2/share/zadatak2/launch/mapping_launch.py
/home/ivan/Documents/PAS/zadatak2/projektiranje-autonomnih-sustava/zadatak2/install/zadatak2/share/zadatak2/launch/navigation_complete_nav2.launch.py
/home/ivan/Documents/PAS/zadatak2/projektiranje-autonomnih-sustava/zadatak2/install/zadatak2/share/zadatak2/launch/navigation_launch.py
/home/ivan/Documents/PAS/zadatak2/projektiranje-autonomnih-sustava/zadatak2/install/zadatak2/share/zadatak2/launch/d_star_path_planner.launch.py
/home/ivan/Documents/PAS/zadatak2/projektiranje-autonomnih-sustava/zadatak2/install/zadatak2/share/zadatak2/config/mapper_params_online_async.yaml
/home/ivan/Documents/PAS/zadatak2/projektiranje-autonomnih-sustava/zadatak2/install/zadatak2/share/zadatak2/config/nav2_params.yaml
/home/ivan/Documents/PAS/zadatak2/projektiranje-autonomnih-sustava/zadatak2/install/zadatak2/share/zadatak2/config/a_star_path_planner_examples.yaml
/home/ivan/Documents/PAS/zadatak2/projektiranje-autonomnih-sustava/zadatak2/install/zadatak2/share/zadatak2/config/rviz_navigation.rviz
/home/ivan/Documents/PAS/zadatak2/projektiranje-autonomnih-sustava/zadatak2/install/zadatak2/share/zadatak2/config/rviz_config.rviz
/home/ivan/Documents/PAS/zadatak2/projektiranje-autonomnih-sustava/zadatak2/install/zadatak2/share/zadatak2/world/map_01.world
/home/ivan/Documents/PAS/zadatak2/projektiranje-autonomnih-sustava/zadatak2/install/zadatak2/share/zadatak2/world/map_01.png
/home/ivan/Documents/PAS/zadatak2/projektiranje-autonomnih-sustava/zadatak2/install/zadatak2/share/zadatak2/world/include/pioneer2dx.inc
/home/ivan/Documents/PAS/zadatak2/projektiranje-autonomnih-sustava/zadatak2/install/zadatak2/share/zadatak2/world/include/robots.inc
/home/ivan/Documents/PAS/zadatak2/projektiranje-autonomnih-sustava/zadatak2/install/zadatak2/share/zadatak2/mapped_maps/map_01/map_01.yaml
/home/ivan/Documents/PAS/zadatak2/projektiranje-autonomnih-sustava/zadatak2/install/zadatak2/share/zadatak2/mapped_maps/map_01/map_01.pgm
/home/ivan/Documents/PAS/zadatak2/projektiranje-autonomnih-sustava/zadatak2/install/zadatak2/lib/python3.10/site-packages/zadatak2-0.0.0-py3.10.egg-info/top_level.txt
/home/ivan/Documents/PAS/zadatak2/projektiranje-autonomnih-sustava/zadatak2/install/zadatak2/lib/python3.10/site-packages/zadatak2-0.0.0-py3.10.egg-info/entry_points.txt
/home/ivan/Documents/PAS/zadatak2/projektiranje-autonomnih-sustava/zadatak2/install/zadatak2/lib/python3.10/site-packages/zadatak2-0.0.0-py3.10.egg-info/requires.txt
/home/ivan/Documents/PAS/zadatak2/projektiranje-autonomnih-sustava/zadatak2/install/zadatak2/lib/python3.10/site-packages/zadatak2-0.0.0-py3.10.egg-info/zip-safe
/home/ivan/Documents/PAS/zadatak2/projektiranje-autonomnih-sustava/zadatak2/install/zadatak2/lib/python3.10/site-packages/zadatak2-0.0.0-py3.10.egg-info/PKG-INFO
/home/ivan/Documents/PAS/zadatak2/projektiranje-autonomnih-sustava/zadatak2/install/zadatak2/lib/python3.10/site-packages/zadatak2-0.0.0-py3.10.egg-info/dependency_links.txt
/home/ivan/Documents/PAS/zadatak2/projektiranje-autonomnih-sustava/zadatak2/install/zadatak2/lib/python3.10/site-packages/zadatak2-0.0.0-py3.10.egg-info/SOURCES.txt
/home/ivan/Documents/PAS/zadatak2/projektiranje-autonomnih-sustava/zadatak2/install/zadatak2/lib/zadatak2/d_star_path_planner
/home/ivan/Documents/PAS/zadatak2/projektiranje-autonomnih-sustava/zadatak2/install/zadatak2/lib/zadatak2/goal_navigation_node
/home/ivan/Documents/PAS/zadatak2/projektiranje-autonomnih-sustava/zadatak2/install/zadatak2/lib/zadatak2/map_republisher
/home/ivan/Documents/PAS/zadatak2/projektiranje-autonomnih-sustava/zadatak2/install/zadatak2/lib/zadatak2/nav2_adapter
/home/ivan/Documents/PAS/zadatak2/projektiranje-autonomnih-sustava/zadatak2/install/zadatak2/lib/zadatak2/path_follower
/home/ivan/Documents/PAS/zadatak2/projektiranje-autonomnih-sustava/zadatak2/install/zadatak2/lib/zadatak2/path_planning_node
