running develop
running egg_info
creating student_assignment_02.egg-info
writing student_assignment_02.egg-info/PKG-INFO
writing dependency_links to student_assignment_02.egg-info/dependency_links.txt
writing entry points to student_assignment_02.egg-info/entry_points.txt
writing requirements to student_assignment_02.egg-info/requires.txt
writing top-level names to student_assignment_02.egg-info/top_level.txt
writing manifest file 'student_assignment_02.egg-info/SOURCES.txt'
reading manifest file 'student_assignment_02.egg-info/SOURCES.txt'
writing manifest file 'student_assignment_02.egg-info/SOURCES.txt'
running build_ext
Creating /home/ivan/Documents/PAS/zadatak2_oroginal_novo/projektiranje-autonomnih-sustava/student-assignment-02/install/student_assignment_02/lib/python3.10/site-packages/student-assignment-02.egg-link (link to .)
Installing a_star_path_planner script to /home/ivan/Documents/PAS/zadatak2_oroginal_novo/projektiranje-autonomnih-sustava/student-assignment-02/install/student_assignment_02/lib/student_assignment_02
Installing d_star_path_planner script to /home/ivan/Documents/PAS/zadatak2_oroginal_novo/projektiranje-autonomnih-sustava/student-assignment-02/install/student_assignment_02/lib/student_assignment_02
Installing goal_navigation_node script to /home/ivan/Documents/PAS/zadatak2_oroginal_novo/projektiranje-autonomnih-sustava/student-assignment-02/install/student_assignment_02/lib/student_assignment_02
Installing map_republisher script to /home/ivan/Documents/PAS/zadatak2_oroginal_novo/projektiranje-autonomnih-sustava/student-assignment-02/install/student_assignment_02/lib/student_assignment_02
Installing nav2_adapter script to /home/ivan/Documents/PAS/zadatak2_oroginal_novo/projektiranje-autonomnih-sustava/student-assignment-02/install/student_assignment_02/lib/student_assignment_02
Installing path_follower script to /home/ivan/Documents/PAS/zadatak2_oroginal_novo/projektiranje-autonomnih-sustava/student-assignment-02/install/student_assignment_02/lib/student_assignment_02
Installing path_planning_node script to /home/ivan/Documents/PAS/zadatak2_oroginal_novo/projektiranje-autonomnih-sustava/student-assignment-02/install/student_assignment_02/lib/student_assignment_02

Installed /home/ivan/Documents/PAS/zadatak2_oroginal_novo/projektiranje-autonomnih-sustava/student-assignment-02/build/student_assignment_02
running symlink_data
creating /home/ivan/Documents/PAS/zadatak2_oroginal_novo/projektiranje-autonomnih-sustava/student-assignment-02/install/student_assignment_02/share/ament_index
creating /home/ivan/Documents/PAS/zadatak2_oroginal_novo/projektiranje-autonomnih-sustava/student-assignment-02/install/student_assignment_02/share/ament_index/resource_index
creating /home/ivan/Documents/PAS/zadatak2_oroginal_novo/projektiranje-autonomnih-sustava/student-assignment-02/install/student_assignment_02/share/ament_index/resource_index/packages
symbolically linking /home/ivan/Documents/PAS/zadatak2_oroginal_novo/projektiranje-autonomnih-sustava/student-assignment-02/build/student_assignment_02/resource/student_assignment_02 -> /home/ivan/Documents/PAS/zadatak2_oroginal_novo/projektiranje-autonomnih-sustava/student-assignment-02/install/student_assignment_02/share/ament_index/resource_index/packages
symbolically linking /home/ivan/Documents/PAS/zadatak2_oroginal_novo/projektiranje-autonomnih-sustava/student-assignment-02/build/student_assignment_02/package.xml -> /home/ivan/Documents/PAS/zadatak2_oroginal_novo/projektiranje-autonomnih-sustava/student-assignment-02/install/student_assignment_02/share/student_assignment_02
creating /home/ivan/Documents/PAS/zadatak2_oroginal_novo/projektiranje-autonomnih-sustava/student-assignment-02/install/student_assignment_02/share/student_assignment_02/launch
symbolically linking /home/ivan/Documents/PAS/zadatak2_oroginal_novo/projektiranje-autonomnih-sustava/student-assignment-02/build/student_assignment_02/launch/navigation_complete.launch.py -> /home/ivan/Documents/PAS/zadatak2_oroginal_novo/projektiranje-autonomnih-sustava/student-assignment-02/install/student_assignment_02/share/student_assignment_02/launch
symbolically linking /home/ivan/Documents/PAS/zadatak2_oroginal_novo/projektiranje-autonomnih-sustava/student-assignment-02/build/student_assignment_02/launch/stage_launch.py -> /home/ivan/Documents/PAS/zadatak2_oroginal_novo/projektiranje-autonomnih-sustava/student-assignment-02/install/student_assignment_02/share/student_assignment_02/launch
symbolically linking /home/ivan/Documents/PAS/zadatak2_oroginal_novo/projektiranje-autonomnih-sustava/student-assignment-02/build/student_assignment_02/launch/mapping_complete_launch.py -> /home/ivan/Documents/PAS/zadatak2_oroginal_novo/projektiranje-autonomnih-sustava/student-assignment-02/install/student_assignment_02/share/student_assignment_02/launch
symbolically linking /home/ivan/Documents/PAS/zadatak2_oroginal_novo/projektiranje-autonomnih-sustava/student-assignment-02/build/student_assignment_02/launch/localization_launch.py -> /home/ivan/Documents/PAS/zadatak2_oroginal_novo/projektiranje-autonomnih-sustava/student-assignment-02/install/student_assignment_02/share/student_assignment_02/launch
symbolically linking /home/ivan/Documents/PAS/zadatak2_oroginal_novo/projektiranje-autonomnih-sustava/student-assignment-02/build/student_assignment_02/launch/online_async_launch.py -> /home/ivan/Documents/PAS/zadatak2_oroginal_novo/projektiranje-autonomnih-sustava/student-assignment-02/install/student_assignment_02/share/student_assignment_02/launch
symbolically linking /home/ivan/Documents/PAS/zadatak2_oroginal_novo/projektiranje-autonomnih-sustava/student-assignment-02/build/student_assignment_02/launch/localization_complete_launch.py -> /home/ivan/Documents/PAS/zadatak2_oroginal_novo/projektiranje-autonomnih-sustava/student-assignment-02/install/student_assignment_02/share/student_assignment_02/launch
symbolically linking /home/ivan/Documents/PAS/zadatak2_oroginal_novo/projektiranje-autonomnih-sustava/student-assignment-02/build/student_assignment_02/launch/mapping_launch.py -> /home/ivan/Documents/PAS/zadatak2_oroginal_novo/projektiranje-autonomnih-sustava/student-assignment-02/install/student_assignment_02/share/student_assignment_02/launch
symbolically linking /home/ivan/Documents/PAS/zadatak2_oroginal_novo/projektiranje-autonomnih-sustava/student-assignment-02/build/student_assignment_02/launch/a_star_path_planner.launch.py -> /home/ivan/Documents/PAS/zadatak2_oroginal_novo/projektiranje-autonomnih-sustava/student-assignment-02/install/student_assignment_02/share/student_assignment_02/launch
symbolically linking /home/ivan/Documents/PAS/zadatak2_oroginal_novo/projektiranje-autonomnih-sustava/student-assignment-02/build/student_assignment_02/launch/navigation_complete_nav2.launch.py -> /home/ivan/Documents/PAS/zadatak2_oroginal_novo/projektiranje-autonomnih-sustava/student-assignment-02/install/student_assignment_02/share/student_assignment_02/launch
symbolically linking /home/ivan/Documents/PAS/zadatak2_oroginal_novo/projektiranje-autonomnih-sustava/student-assignment-02/build/student_assignment_02/launch/navigation_launch.py -> /home/ivan/Documents/PAS/zadatak2_oroginal_novo/projektiranje-autonomnih-sustava/student-assignment-02/install/student_assignment_02/share/student_assignment_02/launch
creating /home/ivan/Documents/PAS/zadatak2_oroginal_novo/projektiranje-autonomnih-sustava/student-assignment-02/install/student_assignment_02/share/student_assignment_02/config
symbolically linking /home/ivan/Documents/PAS/zadatak2_oroginal_novo/projektiranje-autonomnih-sustava/student-assignment-02/build/student_assignment_02/config/mapper_params_online_async.yaml -> /home/ivan/Documents/PAS/zadatak2_oroginal_novo/projektiranje-autonomnih-sustava/student-assignment-02/install/student_assignment_02/share/student_assignment_02/config
symbolically linking /home/ivan/Documents/PAS/zadatak2_oroginal_novo/projektiranje-autonomnih-sustava/student-assignment-02/build/student_assignment_02/config/nav2_params.yaml -> /home/ivan/Documents/PAS/zadatak2_oroginal_novo/projektiranje-autonomnih-sustava/student-assignment-02/install/student_assignment_02/share/student_assignment_02/config
symbolically linking /home/ivan/Documents/PAS/zadatak2_oroginal_novo/projektiranje-autonomnih-sustava/student-assignment-02/build/student_assignment_02/config/a_star_path_planner_examples.yaml -> /home/ivan/Documents/PAS/zadatak2_oroginal_novo/projektiranje-autonomnih-sustava/student-assignment-02/install/student_assignment_02/share/student_assignment_02/config
symbolically linking /home/ivan/Documents/PAS/zadatak2_oroginal_novo/projektiranje-autonomnih-sustava/student-assignment-02/build/student_assignment_02/config/rviz_navigation.rviz -> /home/ivan/Documents/PAS/zadatak2_oroginal_novo/projektiranje-autonomnih-sustava/student-assignment-02/install/student_assignment_02/share/student_assignment_02/config
symbolically linking /home/ivan/Documents/PAS/zadatak2_oroginal_novo/projektiranje-autonomnih-sustava/student-assignment-02/build/student_assignment_02/config/rviz_config.rviz -> /home/ivan/Documents/PAS/zadatak2_oroginal_novo/projektiranje-autonomnih-sustava/student-assignment-02/install/student_assignment_02/share/student_assignment_02/config
creating /home/ivan/Documents/PAS/zadatak2_oroginal_novo/projektiranje-autonomnih-sustava/student-assignment-02/install/student_assignment_02/share/student_assignment_02/world
symbolically linking /home/ivan/Documents/PAS/zadatak2_oroginal_novo/projektiranje-autonomnih-sustava/student-assignment-02/build/student_assignment_02/world/map_01.world -> /home/ivan/Documents/PAS/zadatak2_oroginal_novo/projektiranje-autonomnih-sustava/student-assignment-02/install/student_assignment_02/share/student_assignment_02/world
symbolically linking /home/ivan/Documents/PAS/zadatak2_oroginal_novo/projektiranje-autonomnih-sustava/student-assignment-02/build/student_assignment_02/world/map_01.png -> /home/ivan/Documents/PAS/zadatak2_oroginal_novo/projektiranje-autonomnih-sustava/student-assignment-02/install/student_assignment_02/share/student_assignment_02/world
creating /home/ivan/Documents/PAS/zadatak2_oroginal_novo/projektiranje-autonomnih-sustava/student-assignment-02/install/student_assignment_02/share/student_assignment_02/world/include
symbolically linking /home/ivan/Documents/PAS/zadatak2_oroginal_novo/projektiranje-autonomnih-sustava/student-assignment-02/build/student_assignment_02/world/include/pioneer2dx.inc -> /home/ivan/Documents/PAS/zadatak2_oroginal_novo/projektiranje-autonomnih-sustava/student-assignment-02/install/student_assignment_02/share/student_assignment_02/world/include
symbolically linking /home/ivan/Documents/PAS/zadatak2_oroginal_novo/projektiranje-autonomnih-sustava/student-assignment-02/build/student_assignment_02/world/include/robots.inc -> /home/ivan/Documents/PAS/zadatak2_oroginal_novo/projektiranje-autonomnih-sustava/student-assignment-02/install/student_assignment_02/share/student_assignment_02/world/include
creating /home/ivan/Documents/PAS/zadatak2_oroginal_novo/projektiranje-autonomnih-sustava/student-assignment-02/install/student_assignment_02/share/student_assignment_02/mapped_maps
creating /home/ivan/Documents/PAS/zadatak2_oroginal_novo/projektiranje-autonomnih-sustava/student-assignment-02/install/student_assignment_02/share/student_assignment_02/mapped_maps/map_01
symbolically linking /home/ivan/Documents/PAS/zadatak2_oroginal_novo/projektiranje-autonomnih-sustava/student-assignment-02/build/student_assignment_02/mapped_maps/map_01/map_01.yaml -> /home/ivan/Documents/PAS/zadatak2_oroginal_novo/projektiranje-autonomnih-sustava/student-assignment-02/install/student_assignment_02/share/student_assignment_02/mapped_maps/map_01
symbolically linking /home/ivan/Documents/PAS/zadatak2_oroginal_novo/projektiranje-autonomnih-sustava/student-assignment-02/build/student_assignment_02/mapped_maps/map_01/map_01.pgm -> /home/ivan/Documents/PAS/zadatak2_oroginal_novo/projektiranje-autonomnih-sustava/student-assignment-02/install/student_assignment_02/share/student_assignment_02/mapped_maps/map_01
