[0.137s] DEBUG:colcon:Command line arguments: ['/usr/bin/colcon', 'build']
[0.137s] DEBUG:colcon:Parsed command line arguments: Namespace(log_base=None, log_level=None, verb_name='build', build_base='build', install_base='install', merge_install=False, symlink_install=False, test_result_base=None, continue_on_error=False, executor='parallel', parallel_workers=16, event_handlers=None, ignore_user_meta=False, metas=['./colcon.meta'], base_paths=['.'], packages_ignore=None, packages_ignore_regex=None, paths=None, packages_up_to=None, packages_up_to_regex=None, packages_above=None, packages_above_and_dependencies=None, packages_above_depth=None, packages_select_by_dep=None, packages_skip_by_dep=None, packages_skip_up_to=None, packages_select_build_failed=False, packages_skip_build_finished=False, packages_select_test_failures=False, packages_skip_test_passed=False, packages_select=None, packages_skip=None, packages_select_regex=None, packages_skip_regex=None, packages_start=None, packages_end=None, allow_overriding=[], cmake_args=None, cmake_target=None, cmake_target_skip_unavailable=False, cmake_clean_cache=False, cmake_clean_first=False, cmake_force_configure=False, ament_cmake_args=None, catkin_cmake_args=None, catkin_skip_building_tests=False, mixin_files=None, mixin=None, verb_parser=<colcon_mixin.mixin.mixin_argument.MixinArgumentDecorator object at 0x7700e3c992d0>, verb_extension=<colcon_core.verb.build.BuildVerb object at 0x7700e3c11de0>, main=<bound method BuildVerb.main of <colcon_core.verb.build.BuildVerb object at 0x7700e3c11de0>>, mixin_verb=('build',))
[0.277s] Level 1:colcon.colcon_core.package_discovery:discover_packages(colcon_meta) check parameters
[0.277s] Level 1:colcon.colcon_core.package_discovery:discover_packages(recursive) check parameters
[0.277s] Level 1:colcon.colcon_core.package_discovery:discover_packages(ignore) check parameters
[0.277s] Level 1:colcon.colcon_core.package_discovery:discover_packages(path) check parameters
[0.277s] Level 1:colcon.colcon_core.package_discovery:discover_packages(colcon_meta) discover
[0.277s] Level 1:colcon.colcon_core.package_discovery:discover_packages(recursive) discover
[0.277s] INFO:colcon.colcon_core.package_discovery:Crawling recursively for packages in '/home/ivan/Documents/PAS/zadatak1'
[0.278s] Level 1:colcon.colcon_core.package_identification:_identify(.) by extensions ['ignore', 'ignore_ament_install']
[0.278s] Level 1:colcon.colcon_core.package_identification:_identify(.) by extension 'ignore'
[0.278s] Level 1:colcon.colcon_core.package_identification:_identify(.) by extension 'ignore_ament_install'
[0.278s] Level 1:colcon.colcon_core.package_identification:_identify(.) by extensions ['colcon_pkg']
[0.278s] Level 1:colcon.colcon_core.package_identification:_identify(.) by extension 'colcon_pkg'
[0.278s] Level 1:colcon.colcon_core.package_identification:_identify(.) by extensions ['colcon_meta']
[0.278s] Level 1:colcon.colcon_core.package_identification:_identify(.) by extension 'colcon_meta'
[0.278s] Level 1:colcon.colcon_core.package_identification:_identify(.) by extensions ['ros']
[0.278s] Level 1:colcon.colcon_core.package_identification:_identify(.) by extension 'ros'
[0.286s] Level 1:colcon.colcon_core.package_identification:_identify(.) by extensions ['cmake', 'python']
[0.286s] Level 1:colcon.colcon_core.package_identification:_identify(.) by extension 'cmake'
[0.286s] Level 1:colcon.colcon_core.package_identification:_identify(.) by extension 'python'
[0.286s] Level 1:colcon.colcon_core.package_identification:_identify(.) by extensions ['python_setup_py']
[0.286s] Level 1:colcon.colcon_core.package_identification:_identify(.) by extension 'python_setup_py'
[0.286s] Level 1:colcon.colcon_core.package_identification:_identify(build) by extensions ['ignore', 'ignore_ament_install']
[0.286s] Level 1:colcon.colcon_core.package_identification:_identify(build) by extension 'ignore'
[0.286s] Level 1:colcon.colcon_core.package_identification:_identify(build) ignored
[0.286s] Level 1:colcon.colcon_core.package_identification:_identify(install) by extensions ['ignore', 'ignore_ament_install']
[0.286s] Level 1:colcon.colcon_core.package_identification:_identify(install) by extension 'ignore'
[0.286s] Level 1:colcon.colcon_core.package_identification:_identify(install) ignored
[0.286s] Level 1:colcon.colcon_core.package_identification:_identify(log) by extensions ['ignore', 'ignore_ament_install']
[0.287s] Level 1:colcon.colcon_core.package_identification:_identify(log) by extension 'ignore'
[0.287s] Level 1:colcon.colcon_core.package_identification:_identify(log) ignored
[0.287s] Level 1:colcon.colcon_core.package_identification:_identify(src) by extensions ['ignore', 'ignore_ament_install']
[0.287s] Level 1:colcon.colcon_core.package_identification:_identify(src) by extension 'ignore'
[0.287s] Level 1:colcon.colcon_core.package_identification:_identify(src) by extension 'ignore_ament_install'
[0.287s] Level 1:colcon.colcon_core.package_identification:_identify(src) by extensions ['colcon_pkg']
[0.287s] Level 1:colcon.colcon_core.package_identification:_identify(src) by extension 'colcon_pkg'
[0.287s] Level 1:colcon.colcon_core.package_identification:_identify(src) by extensions ['colcon_meta']
[0.287s] Level 1:colcon.colcon_core.package_identification:_identify(src) by extension 'colcon_meta'
[0.287s] Level 1:colcon.colcon_core.package_identification:_identify(src) by extensions ['ros']
[0.287s] Level 1:colcon.colcon_core.package_identification:_identify(src) by extension 'ros'
[0.287s] Level 1:colcon.colcon_core.package_identification:_identify(src) by extensions ['cmake', 'python']
[0.287s] Level 1:colcon.colcon_core.package_identification:_identify(src) by extension 'cmake'
[0.287s] Level 1:colcon.colcon_core.package_identification:_identify(src) by extension 'python'
[0.287s] Level 1:colcon.colcon_core.package_identification:_identify(src) by extensions ['python_setup_py']
[0.287s] Level 1:colcon.colcon_core.package_identification:_identify(src) by extension 'python_setup_py'
[0.287s] Level 1:colcon.colcon_core.package_identification:_identify(src/fanuc_m710ic_support) by extensions ['ignore', 'ignore_ament_install']
[0.287s] Level 1:colcon.colcon_core.package_identification:_identify(src/fanuc_m710ic_support) by extension 'ignore'
[0.287s] Level 1:colcon.colcon_core.package_identification:_identify(src/fanuc_m710ic_support) by extension 'ignore_ament_install'
[0.287s] Level 1:colcon.colcon_core.package_identification:_identify(src/fanuc_m710ic_support) by extensions ['colcon_pkg']
[0.287s] Level 1:colcon.colcon_core.package_identification:_identify(src/fanuc_m710ic_support) by extension 'colcon_pkg'
[0.287s] Level 1:colcon.colcon_core.package_identification:_identify(src/fanuc_m710ic_support) by extensions ['colcon_meta']
[0.287s] Level 1:colcon.colcon_core.package_identification:_identify(src/fanuc_m710ic_support) by extension 'colcon_meta'
[0.287s] Level 1:colcon.colcon_core.package_identification:_identify(src/fanuc_m710ic_support) by extensions ['ros']
[0.287s] Level 1:colcon.colcon_core.package_identification:_identify(src/fanuc_m710ic_support) by extension 'ros'
[0.289s] DEBUG:colcon.colcon_core.package_identification:Package 'src/fanuc_m710ic_support' with type 'ros.ament_cmake' and name 'fanuc_m710ic_support'
[0.289s] Level 1:colcon.colcon_core.package_identification:_identify(src/fanuc_resources) by extensions ['ignore', 'ignore_ament_install']
[0.289s] Level 1:colcon.colcon_core.package_identification:_identify(src/fanuc_resources) by extension 'ignore'
[0.289s] Level 1:colcon.colcon_core.package_identification:_identify(src/fanuc_resources) by extension 'ignore_ament_install'
[0.289s] Level 1:colcon.colcon_core.package_identification:_identify(src/fanuc_resources) by extensions ['colcon_pkg']
[0.289s] Level 1:colcon.colcon_core.package_identification:_identify(src/fanuc_resources) by extension 'colcon_pkg'
[0.289s] Level 1:colcon.colcon_core.package_identification:_identify(src/fanuc_resources) by extensions ['colcon_meta']
[0.289s] Level 1:colcon.colcon_core.package_identification:_identify(src/fanuc_resources) by extension 'colcon_meta'
[0.289s] Level 1:colcon.colcon_core.package_identification:_identify(src/fanuc_resources) by extensions ['ros']
[0.289s] Level 1:colcon.colcon_core.package_identification:_identify(src/fanuc_resources) by extension 'ros'
[0.289s] DEBUG:colcon.colcon_core.package_identification:Package 'src/fanuc_resources' with type 'ros.ament_cmake' and name 'fanuc_resources'
[0.289s] Level 1:colcon.colcon_core.package_identification:_identify(src/robot_visualize) by extensions ['ignore', 'ignore_ament_install']
[0.289s] Level 1:colcon.colcon_core.package_identification:_identify(src/robot_visualize) by extension 'ignore'
[0.289s] Level 1:colcon.colcon_core.package_identification:_identify(src/robot_visualize) by extension 'ignore_ament_install'
[0.289s] Level 1:colcon.colcon_core.package_identification:_identify(src/robot_visualize) by extensions ['colcon_pkg']
[0.289s] Level 1:colcon.colcon_core.package_identification:_identify(src/robot_visualize) by extension 'colcon_pkg'
[0.290s] Level 1:colcon.colcon_core.package_identification:_identify(src/robot_visualize) by extensions ['colcon_meta']
[0.290s] Level 1:colcon.colcon_core.package_identification:_identify(src/robot_visualize) by extension 'colcon_meta'
[0.290s] Level 1:colcon.colcon_core.package_identification:_identify(src/robot_visualize) by extensions ['ros']
[0.290s] Level 1:colcon.colcon_core.package_identification:_identify(src/robot_visualize) by extension 'ros'
[0.290s] DEBUG:colcon.colcon_core.package_identification:Package 'src/robot_visualize' with type 'ros.ament_cmake' and name 'robot_visualize'
[0.290s] Level 1:colcon.colcon_core.package_discovery:discover_packages(recursive) using defaults
[0.290s] Level 1:colcon.colcon_core.package_discovery:discover_packages(ignore) discover
[0.290s] Level 1:colcon.colcon_core.package_discovery:discover_packages(ignore) using defaults
[0.290s] Level 1:colcon.colcon_core.package_discovery:discover_packages(path) discover
[0.290s] Level 1:colcon.colcon_core.package_discovery:discover_packages(path) using defaults
[0.317s] Level 1:colcon.colcon_core.package_discovery:discover_packages(prefix_path) check parameters
[0.317s] Level 1:colcon.colcon_core.package_discovery:discover_packages(prefix_path) discover
[0.323s] DEBUG:colcon.colcon_installed_package_information.package_discovery:Found 3 installed packages in /home/ivan/Documents/PAS/zadatak1/install
[0.327s] DEBUG:colcon.colcon_installed_package_information.package_discovery:Found 347 installed packages in /home/ivan/ros2_humble/install
[0.328s] Level 1:colcon.colcon_core.package_discovery:discover_packages(prefix_path) using defaults
[0.342s] Level 5:colcon.colcon_core.verb:set package 'fanuc_m710ic_support' build argument 'cmake_args' from command line to 'None'
[0.342s] Level 5:colcon.colcon_core.verb:set package 'fanuc_m710ic_support' build argument 'cmake_target' from command line to 'None'
[0.342s] Level 5:colcon.colcon_core.verb:set package 'fanuc_m710ic_support' build argument 'cmake_target_skip_unavailable' from command line to 'False'
[0.342s] Level 5:colcon.colcon_core.verb:set package 'fanuc_m710ic_support' build argument 'cmake_clean_cache' from command line to 'False'
[0.342s] Level 5:colcon.colcon_core.verb:set package 'fanuc_m710ic_support' build argument 'cmake_clean_first' from command line to 'False'
[0.342s] Level 5:colcon.colcon_core.verb:set package 'fanuc_m710ic_support' build argument 'cmake_force_configure' from command line to 'False'
[0.342s] Level 5:colcon.colcon_core.verb:set package 'fanuc_m710ic_support' build argument 'ament_cmake_args' from command line to 'None'
[0.342s] Level 5:colcon.colcon_core.verb:set package 'fanuc_m710ic_support' build argument 'catkin_cmake_args' from command line to 'None'
[0.342s] Level 5:colcon.colcon_core.verb:set package 'fanuc_m710ic_support' build argument 'catkin_skip_building_tests' from command line to 'False'
[0.342s] DEBUG:colcon.colcon_core.verb:Building package 'fanuc_m710ic_support' with the following arguments: {'ament_cmake_args': None, 'build_base': '/home/ivan/Documents/PAS/zadatak1/build/fanuc_m710ic_support', 'catkin_cmake_args': None, 'catkin_skip_building_tests': False, 'cmake_args': None, 'cmake_clean_cache': False, 'cmake_clean_first': False, 'cmake_force_configure': False, 'cmake_target': None, 'cmake_target_skip_unavailable': False, 'install_base': '/home/ivan/Documents/PAS/zadatak1/install/fanuc_m710ic_support', 'merge_install': False, 'path': '/home/ivan/Documents/PAS/zadatak1/src/fanuc_m710ic_support', 'symlink_install': False, 'test_result_base': None}
[0.342s] Level 5:colcon.colcon_core.verb:set package 'fanuc_resources' build argument 'cmake_args' from command line to 'None'
[0.342s] Level 5:colcon.colcon_core.verb:set package 'fanuc_resources' build argument 'cmake_target' from command line to 'None'
[0.342s] Level 5:colcon.colcon_core.verb:set package 'fanuc_resources' build argument 'cmake_target_skip_unavailable' from command line to 'False'
[0.342s] Level 5:colcon.colcon_core.verb:set package 'fanuc_resources' build argument 'cmake_clean_cache' from command line to 'False'
[0.342s] Level 5:colcon.colcon_core.verb:set package 'fanuc_resources' build argument 'cmake_clean_first' from command line to 'False'
[0.342s] Level 5:colcon.colcon_core.verb:set package 'fanuc_resources' build argument 'cmake_force_configure' from command line to 'False'
[0.342s] Level 5:colcon.colcon_core.verb:set package 'fanuc_resources' build argument 'ament_cmake_args' from command line to 'None'
[0.342s] Level 5:colcon.colcon_core.verb:set package 'fanuc_resources' build argument 'catkin_cmake_args' from command line to 'None'
[0.342s] Level 5:colcon.colcon_core.verb:set package 'fanuc_resources' build argument 'catkin_skip_building_tests' from command line to 'False'
[0.342s] DEBUG:colcon.colcon_core.verb:Building package 'fanuc_resources' with the following arguments: {'ament_cmake_args': None, 'build_base': '/home/ivan/Documents/PAS/zadatak1/build/fanuc_resources', 'catkin_cmake_args': None, 'catkin_skip_building_tests': False, 'cmake_args': None, 'cmake_clean_cache': False, 'cmake_clean_first': False, 'cmake_force_configure': False, 'cmake_target': None, 'cmake_target_skip_unavailable': False, 'install_base': '/home/ivan/Documents/PAS/zadatak1/install/fanuc_resources', 'merge_install': False, 'path': '/home/ivan/Documents/PAS/zadatak1/src/fanuc_resources', 'symlink_install': False, 'test_result_base': None}
[0.343s] Level 5:colcon.colcon_core.verb:set package 'robot_visualize' build argument 'cmake_args' from command line to 'None'
[0.343s] Level 5:colcon.colcon_core.verb:set package 'robot_visualize' build argument 'cmake_target' from command line to 'None'
[0.343s] Level 5:colcon.colcon_core.verb:set package 'robot_visualize' build argument 'cmake_target_skip_unavailable' from command line to 'False'
[0.343s] Level 5:colcon.colcon_core.verb:set package 'robot_visualize' build argument 'cmake_clean_cache' from command line to 'False'
[0.343s] Level 5:colcon.colcon_core.verb:set package 'robot_visualize' build argument 'cmake_clean_first' from command line to 'False'
[0.343s] Level 5:colcon.colcon_core.verb:set package 'robot_visualize' build argument 'cmake_force_configure' from command line to 'False'
[0.343s] Level 5:colcon.colcon_core.verb:set package 'robot_visualize' build argument 'ament_cmake_args' from command line to 'None'
[0.343s] Level 5:colcon.colcon_core.verb:set package 'robot_visualize' build argument 'catkin_cmake_args' from command line to 'None'
[0.343s] Level 5:colcon.colcon_core.verb:set package 'robot_visualize' build argument 'catkin_skip_building_tests' from command line to 'False'
[0.343s] DEBUG:colcon.colcon_core.verb:Building package 'robot_visualize' with the following arguments: {'ament_cmake_args': None, 'build_base': '/home/ivan/Documents/PAS/zadatak1/build/robot_visualize', 'catkin_cmake_args': None, 'catkin_skip_building_tests': False, 'cmake_args': None, 'cmake_clean_cache': False, 'cmake_clean_first': False, 'cmake_force_configure': False, 'cmake_target': None, 'cmake_target_skip_unavailable': False, 'install_base': '/home/ivan/Documents/PAS/zadatak1/install/robot_visualize', 'merge_install': False, 'path': '/home/ivan/Documents/PAS/zadatak1/src/robot_visualize', 'symlink_install': False, 'test_result_base': None}
[0.343s] INFO:colcon.colcon_core.executor:Executing jobs using 'parallel' executor
[0.344s] DEBUG:colcon.colcon_parallel_executor.executor.parallel:run_until_complete
[0.344s] INFO:colcon.colcon_ros.task.ament_cmake.build:Building ROS package in '/home/ivan/Documents/PAS/zadatak1/src/fanuc_m710ic_support' with build type 'ament_cmake'
[0.344s] INFO:colcon.colcon_cmake.task.cmake.build:Building CMake package in '/home/ivan/Documents/PAS/zadatak1/src/fanuc_m710ic_support'
[0.348s] INFO:colcon.colcon_core.plugin_system:Skipping extension 'colcon_core.shell.bat': Not used on non-Windows systems
[0.348s] INFO:colcon.colcon_core.shell:Skip shell extension 'powershell' for command environment: Not usable outside of PowerShell
[0.348s] DEBUG:colcon.colcon_core.shell:Skip shell extension 'dsv' for command environment
[0.359s] INFO:colcon.colcon_ros.task.ament_cmake.build:Building ROS package in '/home/ivan/Documents/PAS/zadatak1/src/fanuc_resources' with build type 'ament_cmake'
[0.359s] INFO:colcon.colcon_cmake.task.cmake.build:Building CMake package in '/home/ivan/Documents/PAS/zadatak1/src/fanuc_resources'
[0.359s] INFO:colcon.colcon_core.shell:Skip shell extension 'powershell' for command environment: Not usable outside of PowerShell
[0.359s] DEBUG:colcon.colcon_core.shell:Skip shell extension 'dsv' for command environment
[0.370s] INFO:colcon.colcon_ros.task.ament_cmake.build:Building ROS package in '/home/ivan/Documents/PAS/zadatak1/src/robot_visualize' with build type 'ament_cmake'
[0.370s] INFO:colcon.colcon_cmake.task.cmake.build:Building CMake package in '/home/ivan/Documents/PAS/zadatak1/src/robot_visualize'
[0.370s] INFO:colcon.colcon_core.shell:Skip shell extension 'powershell' for command environment: Not usable outside of PowerShell
[0.371s] DEBUG:colcon.colcon_core.shell:Skip shell extension 'dsv' for command environment
[0.388s] DEBUG:colcon.colcon_core.event_handler.log_command:Invoking command in '/home/ivan/Documents/PAS/zadatak1/build/fanuc_m710ic_support': CMAKE_PREFIX_PATH=${CMAKE_PREFIX_PATH}:/home/ivan/ros2_humble/install/rqt_bag_plugins:/home/ivan/ros2_humble/install/rqt_bag:/home/ivan/ros2_humble/install/launch_testing_examples:/home/ivan/ros2_humble/install/ros2bag:/home/ivan/ros2_humble/install/tracetools_test:/home/ivan/ros2_humble/install/tracetools_launch:/home/ivan/ros2_humble/install/topic_monitor:/home/ivan/ros2_humble/install/tf2_tools:/home/ivan/ros2_humble/install/examples_tf2_py:/home/ivan/ros2_humble/install/tf2_ros_py:/home/ivan/ros2_humble/install/sros2:/home/ivan/ros2_humble/install/rqt_topic:/home/ivan/ros2_humble/install/rqt_srv:/home/ivan/ros2_humble/install/rqt_shell:/home/ivan/ros2_humble/install/rqt_service_caller:/home/ivan/ros2_humble/install/rqt_reconfigure:/home/ivan/ros2_humble/install/rqt_py_console:/home/ivan/ros2_humble/install/rqt_publisher:/home/ivan/ros2_humble/install/rqt_plot:/home/ivan/ros2_humble/install/rqt_action:/home/ivan/ros2_humble/install/rqt_msg:/home/ivan/ros2_humble/install/rqt_console:/home/ivan/ros2_humble/install/rqt:/home/ivan/ros2_humble/install/rqt_graph:/home/ivan/ros2_humble/install/rqt_gui_py:/home/ivan/ros2_humble/install/rqt_gui:/home/ivan/ros2_humble/install/ros2trace:/home/ivan/ros2_humble/install/ros2topic:/home/ivan/ros2_humble/install/ros2test:/home/ivan/ros2_humble/install/ros2component:/home/ivan/ros2_humble/install/ros2param:/home/ivan/ros2_humble/install/ros2lifecycle:/home/ivan/ros2_humble/install/ros2service:/home/ivan/ros2_humble/install/ros2run:/home/ivan/ros2_humble/install/ros2plugin:/home/ivan/ros2_humble/install/ros2launch:/home/ivan/ros2_humble/install/ros2pkg:/home/ivan/ros2_humble/install/ros2node:/home/ivan/ros2_humble/install/ros2multicast:/home/ivan/ros2_humble/install/ros2interface:/home/ivan/ros2_humble/install/ros2doctor:/home/ivan/ros2_humble/install/ros2action:/home/ivan/ros2_humble/install/ros2cli:/home/ivan/ros2_humble/install/quality_of_service_demo_py:/home/ivan/ros2_humble/install/lifecycle_py:/home/ivan/ros2_humble/install/launch_testing_ros:/home/ivan/ros2_humble/install/launch_ros:/home/ivan/ros2_humble/install/examples_rclpy_pointcloud_publisher:/home/ivan/ros2_humble/install/examples_rclpy_minimal_subscriber:/home/ivan/ros2_humble/install/examples_rclpy_minimal_service:/home/ivan/ros2_humble/install/examples_rclpy_minimal_publisher:/home/ivan/ros2_humble/install/examples_rclpy_minimal_client:/home/ivan/ros2_humble/install/examples_rclpy_minimal_action_server:/home/ivan/ros2_humble/install/examples_rclpy_minimal_action_client:/home/ivan/ros2_humble/install/examples_rclpy_guard_conditions:/home/ivan/ros2_humble/install/examples_rclpy_executors:/home/ivan/ros2_humble/install/demo_nodes_py:/home/ivan/ros2_humble/install/camera_info_manager_py:/home/ivan/ros2_humble/install/action_tutorials_py:/home/ivan/ros2_humble/install/ament_uncrustify:/home/ivan/ros2_humble/install/tracetools_trace:/home/ivan/ros2_humble/install/tracetools_read:/home/ivan/ros2_humble/install/test_tracetools_launch:/home/ivan/ros2_humble/install/test_launch_ros:/home/ivan/ros2_humble/install/sensor_msgs_py:/home/ivan/ros2_humble/install/rpyutils:/home/ivan/ros2_humble/install/rosidl_runtime_py:/home/ivan/ros2_humble/install/rosidl_cli:/home/ivan/ros2_humble/install/launch_pytest:/home/ivan/ros2_humble/install/launch_testing:/home/ivan/ros2_humble/install/launch_yaml:/home/ivan/ros2_humble/install/launch_xml:/home/ivan/ros2_humble/install/launch:/home/ivan/ros2_humble/install/osrf_pycommon:/home/ivan/ros2_humble/install/domain_coordinator:/home/ivan/ros2_humble/install/ament_xmllint:/home/ivan/ros2_humble/install/ament_pyflakes:/home/ivan/ros2_humble/install/ament_pycodestyle:/home/ivan/ros2_humble/install/ament_pep257:/home/ivan/ros2_humble/install/ament_pclint:/home/ivan/ros2_humble/install/ament_package:/home/ivan/ros2_humble/install/ament_mypy:/home/ivan/ros2_humble/install/ament_lint_cmake:/home/ivan/ros2_humble/install/ament_flake8:/home/ivan/ros2_humble/install/ament_copyright:/home/ivan/ros2_humble/install/ament_lint:/home/ivan/ros2_humble/install/ament_index_python:/home/ivan/ros2_humble/install/ament_cpplint:/home/ivan/ros2_humble/install/ament_cppcheck:/home/ivan/ros2_humble/install/ament_clang_tidy:/home/ivan/ros2_humble/install/ament_clang_format /usr/bin/cmake --build /home/ivan/Documents/PAS/zadatak1/build/fanuc_m710ic_support -- -j16 -l16
[0.397s] DEBUG:colcon.colcon_core.event_handler.log_command:Invoking command in '/home/ivan/Documents/PAS/zadatak1/build/fanuc_resources': CMAKE_PREFIX_PATH=${CMAKE_PREFIX_PATH}:/home/ivan/ros2_humble/install/rqt_bag_plugins:/home/ivan/ros2_humble/install/rqt_bag:/home/ivan/ros2_humble/install/launch_testing_examples:/home/ivan/ros2_humble/install/ros2bag:/home/ivan/ros2_humble/install/tracetools_test:/home/ivan/ros2_humble/install/tracetools_launch:/home/ivan/ros2_humble/install/topic_monitor:/home/ivan/ros2_humble/install/tf2_tools:/home/ivan/ros2_humble/install/examples_tf2_py:/home/ivan/ros2_humble/install/tf2_ros_py:/home/ivan/ros2_humble/install/sros2:/home/ivan/ros2_humble/install/rqt_topic:/home/ivan/ros2_humble/install/rqt_srv:/home/ivan/ros2_humble/install/rqt_shell:/home/ivan/ros2_humble/install/rqt_service_caller:/home/ivan/ros2_humble/install/rqt_reconfigure:/home/ivan/ros2_humble/install/rqt_py_console:/home/ivan/ros2_humble/install/rqt_publisher:/home/ivan/ros2_humble/install/rqt_plot:/home/ivan/ros2_humble/install/rqt_action:/home/ivan/ros2_humble/install/rqt_msg:/home/ivan/ros2_humble/install/rqt_console:/home/ivan/ros2_humble/install/rqt:/home/ivan/ros2_humble/install/rqt_graph:/home/ivan/ros2_humble/install/rqt_gui_py:/home/ivan/ros2_humble/install/rqt_gui:/home/ivan/ros2_humble/install/ros2trace:/home/ivan/ros2_humble/install/ros2topic:/home/ivan/ros2_humble/install/ros2test:/home/ivan/ros2_humble/install/ros2component:/home/ivan/ros2_humble/install/ros2param:/home/ivan/ros2_humble/install/ros2lifecycle:/home/ivan/ros2_humble/install/ros2service:/home/ivan/ros2_humble/install/ros2run:/home/ivan/ros2_humble/install/ros2plugin:/home/ivan/ros2_humble/install/ros2launch:/home/ivan/ros2_humble/install/ros2pkg:/home/ivan/ros2_humble/install/ros2node:/home/ivan/ros2_humble/install/ros2multicast:/home/ivan/ros2_humble/install/ros2interface:/home/ivan/ros2_humble/install/ros2doctor:/home/ivan/ros2_humble/install/ros2action:/home/ivan/ros2_humble/install/ros2cli:/home/ivan/ros2_humble/install/quality_of_service_demo_py:/home/ivan/ros2_humble/install/lifecycle_py:/home/ivan/ros2_humble/install/launch_testing_ros:/home/ivan/ros2_humble/install/launch_ros:/home/ivan/ros2_humble/install/examples_rclpy_pointcloud_publisher:/home/ivan/ros2_humble/install/examples_rclpy_minimal_subscriber:/home/ivan/ros2_humble/install/examples_rclpy_minimal_service:/home/ivan/ros2_humble/install/examples_rclpy_minimal_publisher:/home/ivan/ros2_humble/install/examples_rclpy_minimal_client:/home/ivan/ros2_humble/install/examples_rclpy_minimal_action_server:/home/ivan/ros2_humble/install/examples_rclpy_minimal_action_client:/home/ivan/ros2_humble/install/examples_rclpy_guard_conditions:/home/ivan/ros2_humble/install/examples_rclpy_executors:/home/ivan/ros2_humble/install/demo_nodes_py:/home/ivan/ros2_humble/install/camera_info_manager_py:/home/ivan/ros2_humble/install/action_tutorials_py:/home/ivan/ros2_humble/install/ament_uncrustify:/home/ivan/ros2_humble/install/tracetools_trace:/home/ivan/ros2_humble/install/tracetools_read:/home/ivan/ros2_humble/install/test_tracetools_launch:/home/ivan/ros2_humble/install/test_launch_ros:/home/ivan/ros2_humble/install/sensor_msgs_py:/home/ivan/ros2_humble/install/rpyutils:/home/ivan/ros2_humble/install/rosidl_runtime_py:/home/ivan/ros2_humble/install/rosidl_cli:/home/ivan/ros2_humble/install/launch_pytest:/home/ivan/ros2_humble/install/launch_testing:/home/ivan/ros2_humble/install/launch_yaml:/home/ivan/ros2_humble/install/launch_xml:/home/ivan/ros2_humble/install/launch:/home/ivan/ros2_humble/install/osrf_pycommon:/home/ivan/ros2_humble/install/domain_coordinator:/home/ivan/ros2_humble/install/ament_xmllint:/home/ivan/ros2_humble/install/ament_pyflakes:/home/ivan/ros2_humble/install/ament_pycodestyle:/home/ivan/ros2_humble/install/ament_pep257:/home/ivan/ros2_humble/install/ament_pclint:/home/ivan/ros2_humble/install/ament_package:/home/ivan/ros2_humble/install/ament_mypy:/home/ivan/ros2_humble/install/ament_lint_cmake:/home/ivan/ros2_humble/install/ament_flake8:/home/ivan/ros2_humble/install/ament_copyright:/home/ivan/ros2_humble/install/ament_lint:/home/ivan/ros2_humble/install/ament_index_python:/home/ivan/ros2_humble/install/ament_cpplint:/home/ivan/ros2_humble/install/ament_cppcheck:/home/ivan/ros2_humble/install/ament_clang_tidy:/home/ivan/ros2_humble/install/ament_clang_format /usr/bin/cmake --build /home/ivan/Documents/PAS/zadatak1/build/fanuc_resources -- -j16 -l16
[0.401s] DEBUG:colcon.colcon_core.event_handler.log_command:Invoking command in '/home/ivan/Documents/PAS/zadatak1/build/robot_visualize': CMAKE_PREFIX_PATH=${CMAKE_PREFIX_PATH}:/home/ivan/ros2_humble/install/rqt_bag_plugins:/home/ivan/ros2_humble/install/rqt_bag:/home/ivan/ros2_humble/install/launch_testing_examples:/home/ivan/ros2_humble/install/ros2bag:/home/ivan/ros2_humble/install/tracetools_test:/home/ivan/ros2_humble/install/tracetools_launch:/home/ivan/ros2_humble/install/topic_monitor:/home/ivan/ros2_humble/install/tf2_tools:/home/ivan/ros2_humble/install/examples_tf2_py:/home/ivan/ros2_humble/install/tf2_ros_py:/home/ivan/ros2_humble/install/sros2:/home/ivan/ros2_humble/install/rqt_topic:/home/ivan/ros2_humble/install/rqt_srv:/home/ivan/ros2_humble/install/rqt_shell:/home/ivan/ros2_humble/install/rqt_service_caller:/home/ivan/ros2_humble/install/rqt_reconfigure:/home/ivan/ros2_humble/install/rqt_py_console:/home/ivan/ros2_humble/install/rqt_publisher:/home/ivan/ros2_humble/install/rqt_plot:/home/ivan/ros2_humble/install/rqt_action:/home/ivan/ros2_humble/install/rqt_msg:/home/ivan/ros2_humble/install/rqt_console:/home/ivan/ros2_humble/install/rqt:/home/ivan/ros2_humble/install/rqt_graph:/home/ivan/ros2_humble/install/rqt_gui_py:/home/ivan/ros2_humble/install/rqt_gui:/home/ivan/ros2_humble/install/ros2trace:/home/ivan/ros2_humble/install/ros2topic:/home/ivan/ros2_humble/install/ros2test:/home/ivan/ros2_humble/install/ros2component:/home/ivan/ros2_humble/install/ros2param:/home/ivan/ros2_humble/install/ros2lifecycle:/home/ivan/ros2_humble/install/ros2service:/home/ivan/ros2_humble/install/ros2run:/home/ivan/ros2_humble/install/ros2plugin:/home/ivan/ros2_humble/install/ros2launch:/home/ivan/ros2_humble/install/ros2pkg:/home/ivan/ros2_humble/install/ros2node:/home/ivan/ros2_humble/install/ros2multicast:/home/ivan/ros2_humble/install/ros2interface:/home/ivan/ros2_humble/install/ros2doctor:/home/ivan/ros2_humble/install/ros2action:/home/ivan/ros2_humble/install/ros2cli:/home/ivan/ros2_humble/install/quality_of_service_demo_py:/home/ivan/ros2_humble/install/lifecycle_py:/home/ivan/ros2_humble/install/launch_testing_ros:/home/ivan/ros2_humble/install/launch_ros:/home/ivan/ros2_humble/install/examples_rclpy_pointcloud_publisher:/home/ivan/ros2_humble/install/examples_rclpy_minimal_subscriber:/home/ivan/ros2_humble/install/examples_rclpy_minimal_service:/home/ivan/ros2_humble/install/examples_rclpy_minimal_publisher:/home/ivan/ros2_humble/install/examples_rclpy_minimal_client:/home/ivan/ros2_humble/install/examples_rclpy_minimal_action_server:/home/ivan/ros2_humble/install/examples_rclpy_minimal_action_client:/home/ivan/ros2_humble/install/examples_rclpy_guard_conditions:/home/ivan/ros2_humble/install/examples_rclpy_executors:/home/ivan/ros2_humble/install/demo_nodes_py:/home/ivan/ros2_humble/install/camera_info_manager_py:/home/ivan/ros2_humble/install/action_tutorials_py:/home/ivan/ros2_humble/install/ament_uncrustify:/home/ivan/ros2_humble/install/tracetools_trace:/home/ivan/ros2_humble/install/tracetools_read:/home/ivan/ros2_humble/install/test_tracetools_launch:/home/ivan/ros2_humble/install/test_launch_ros:/home/ivan/ros2_humble/install/sensor_msgs_py:/home/ivan/ros2_humble/install/rpyutils:/home/ivan/ros2_humble/install/rosidl_runtime_py:/home/ivan/ros2_humble/install/rosidl_cli:/home/ivan/ros2_humble/install/launch_pytest:/home/ivan/ros2_humble/install/launch_testing:/home/ivan/ros2_humble/install/launch_yaml:/home/ivan/ros2_humble/install/launch_xml:/home/ivan/ros2_humble/install/launch:/home/ivan/ros2_humble/install/osrf_pycommon:/home/ivan/ros2_humble/install/domain_coordinator:/home/ivan/ros2_humble/install/ament_xmllint:/home/ivan/ros2_humble/install/ament_pyflakes:/home/ivan/ros2_humble/install/ament_pycodestyle:/home/ivan/ros2_humble/install/ament_pep257:/home/ivan/ros2_humble/install/ament_pclint:/home/ivan/ros2_humble/install/ament_package:/home/ivan/ros2_humble/install/ament_mypy:/home/ivan/ros2_humble/install/ament_lint_cmake:/home/ivan/ros2_humble/install/ament_flake8:/home/ivan/ros2_humble/install/ament_copyright:/home/ivan/ros2_humble/install/ament_lint:/home/ivan/ros2_humble/install/ament_index_python:/home/ivan/ros2_humble/install/ament_cpplint:/home/ivan/ros2_humble/install/ament_cppcheck:/home/ivan/ros2_humble/install/ament_clang_tidy:/home/ivan/ros2_humble/install/ament_clang_format /usr/bin/cmake --build /home/ivan/Documents/PAS/zadatak1/build/robot_visualize -- -j16 -l16
[0.446s] DEBUG:colcon.colcon_core.event_handler.log_command:Invoked command in '/home/ivan/Documents/PAS/zadatak1/build/fanuc_m710ic_support' returned '0': CMAKE_PREFIX_PATH=${CMAKE_PREFIX_PATH}:/home/ivan/ros2_humble/install/rqt_bag_plugins:/home/ivan/ros2_humble/install/rqt_bag:/home/ivan/ros2_humble/install/launch_testing_examples:/home/ivan/ros2_humble/install/ros2bag:/home/ivan/ros2_humble/install/tracetools_test:/home/ivan/ros2_humble/install/tracetools_launch:/home/ivan/ros2_humble/install/topic_monitor:/home/ivan/ros2_humble/install/tf2_tools:/home/ivan/ros2_humble/install/examples_tf2_py:/home/ivan/ros2_humble/install/tf2_ros_py:/home/ivan/ros2_humble/install/sros2:/home/ivan/ros2_humble/install/rqt_topic:/home/ivan/ros2_humble/install/rqt_srv:/home/ivan/ros2_humble/install/rqt_shell:/home/ivan/ros2_humble/install/rqt_service_caller:/home/ivan/ros2_humble/install/rqt_reconfigure:/home/ivan/ros2_humble/install/rqt_py_console:/home/ivan/ros2_humble/install/rqt_publisher:/home/ivan/ros2_humble/install/rqt_plot:/home/ivan/ros2_humble/install/rqt_action:/home/ivan/ros2_humble/install/rqt_msg:/home/ivan/ros2_humble/install/rqt_console:/home/ivan/ros2_humble/install/rqt:/home/ivan/ros2_humble/install/rqt_graph:/home/ivan/ros2_humble/install/rqt_gui_py:/home/ivan/ros2_humble/install/rqt_gui:/home/ivan/ros2_humble/install/ros2trace:/home/ivan/ros2_humble/install/ros2topic:/home/ivan/ros2_humble/install/ros2test:/home/ivan/ros2_humble/install/ros2component:/home/ivan/ros2_humble/install/ros2param:/home/ivan/ros2_humble/install/ros2lifecycle:/home/ivan/ros2_humble/install/ros2service:/home/ivan/ros2_humble/install/ros2run:/home/ivan/ros2_humble/install/ros2plugin:/home/ivan/ros2_humble/install/ros2launch:/home/ivan/ros2_humble/install/ros2pkg:/home/ivan/ros2_humble/install/ros2node:/home/ivan/ros2_humble/install/ros2multicast:/home/ivan/ros2_humble/install/ros2interface:/home/ivan/ros2_humble/install/ros2doctor:/home/ivan/ros2_humble/install/ros2action:/home/ivan/ros2_humble/install/ros2cli:/home/ivan/ros2_humble/install/quality_of_service_demo_py:/home/ivan/ros2_humble/install/lifecycle_py:/home/ivan/ros2_humble/install/launch_testing_ros:/home/ivan/ros2_humble/install/launch_ros:/home/ivan/ros2_humble/install/examples_rclpy_pointcloud_publisher:/home/ivan/ros2_humble/install/examples_rclpy_minimal_subscriber:/home/ivan/ros2_humble/install/examples_rclpy_minimal_service:/home/ivan/ros2_humble/install/examples_rclpy_minimal_publisher:/home/ivan/ros2_humble/install/examples_rclpy_minimal_client:/home/ivan/ros2_humble/install/examples_rclpy_minimal_action_server:/home/ivan/ros2_humble/install/examples_rclpy_minimal_action_client:/home/ivan/ros2_humble/install/examples_rclpy_guard_conditions:/home/ivan/ros2_humble/install/examples_rclpy_executors:/home/ivan/ros2_humble/install/demo_nodes_py:/home/ivan/ros2_humble/install/camera_info_manager_py:/home/ivan/ros2_humble/install/action_tutorials_py:/home/ivan/ros2_humble/install/ament_uncrustify:/home/ivan/ros2_humble/install/tracetools_trace:/home/ivan/ros2_humble/install/tracetools_read:/home/ivan/ros2_humble/install/test_tracetools_launch:/home/ivan/ros2_humble/install/test_launch_ros:/home/ivan/ros2_humble/install/sensor_msgs_py:/home/ivan/ros2_humble/install/rpyutils:/home/ivan/ros2_humble/install/rosidl_runtime_py:/home/ivan/ros2_humble/install/rosidl_cli:/home/ivan/ros2_humble/install/launch_pytest:/home/ivan/ros2_humble/install/launch_testing:/home/ivan/ros2_humble/install/launch_yaml:/home/ivan/ros2_humble/install/launch_xml:/home/ivan/ros2_humble/install/launch:/home/ivan/ros2_humble/install/osrf_pycommon:/home/ivan/ros2_humble/install/domain_coordinator:/home/ivan/ros2_humble/install/ament_xmllint:/home/ivan/ros2_humble/install/ament_pyflakes:/home/ivan/ros2_humble/install/ament_pycodestyle:/home/ivan/ros2_humble/install/ament_pep257:/home/ivan/ros2_humble/install/ament_pclint:/home/ivan/ros2_humble/install/ament_package:/home/ivan/ros2_humble/install/ament_mypy:/home/ivan/ros2_humble/install/ament_lint_cmake:/home/ivan/ros2_humble/install/ament_flake8:/home/ivan/ros2_humble/install/ament_copyright:/home/ivan/ros2_humble/install/ament_lint:/home/ivan/ros2_humble/install/ament_index_python:/home/ivan/ros2_humble/install/ament_cpplint:/home/ivan/ros2_humble/install/ament_cppcheck:/home/ivan/ros2_humble/install/ament_clang_tidy:/home/ivan/ros2_humble/install/ament_clang_format /usr/bin/cmake --build /home/ivan/Documents/PAS/zadatak1/build/fanuc_m710ic_support -- -j16 -l16
[0.462s] DEBUG:colcon.colcon_core.event_handler.log_command:Invoking command in '/home/ivan/Documents/PAS/zadatak1/build/fanuc_m710ic_support': CMAKE_PREFIX_PATH=${CMAKE_PREFIX_PATH}:/home/ivan/ros2_humble/install/rqt_bag_plugins:/home/ivan/ros2_humble/install/rqt_bag:/home/ivan/ros2_humble/install/launch_testing_examples:/home/ivan/ros2_humble/install/ros2bag:/home/ivan/ros2_humble/install/tracetools_test:/home/ivan/ros2_humble/install/tracetools_launch:/home/ivan/ros2_humble/install/topic_monitor:/home/ivan/ros2_humble/install/tf2_tools:/home/ivan/ros2_humble/install/examples_tf2_py:/home/ivan/ros2_humble/install/tf2_ros_py:/home/ivan/ros2_humble/install/sros2:/home/ivan/ros2_humble/install/rqt_topic:/home/ivan/ros2_humble/install/rqt_srv:/home/ivan/ros2_humble/install/rqt_shell:/home/ivan/ros2_humble/install/rqt_service_caller:/home/ivan/ros2_humble/install/rqt_reconfigure:/home/ivan/ros2_humble/install/rqt_py_console:/home/ivan/ros2_humble/install/rqt_publisher:/home/ivan/ros2_humble/install/rqt_plot:/home/ivan/ros2_humble/install/rqt_action:/home/ivan/ros2_humble/install/rqt_msg:/home/ivan/ros2_humble/install/rqt_console:/home/ivan/ros2_humble/install/rqt:/home/ivan/ros2_humble/install/rqt_graph:/home/ivan/ros2_humble/install/rqt_gui_py:/home/ivan/ros2_humble/install/rqt_gui:/home/ivan/ros2_humble/install/ros2trace:/home/ivan/ros2_humble/install/ros2topic:/home/ivan/ros2_humble/install/ros2test:/home/ivan/ros2_humble/install/ros2component:/home/ivan/ros2_humble/install/ros2param:/home/ivan/ros2_humble/install/ros2lifecycle:/home/ivan/ros2_humble/install/ros2service:/home/ivan/ros2_humble/install/ros2run:/home/ivan/ros2_humble/install/ros2plugin:/home/ivan/ros2_humble/install/ros2launch:/home/ivan/ros2_humble/install/ros2pkg:/home/ivan/ros2_humble/install/ros2node:/home/ivan/ros2_humble/install/ros2multicast:/home/ivan/ros2_humble/install/ros2interface:/home/ivan/ros2_humble/install/ros2doctor:/home/ivan/ros2_humble/install/ros2action:/home/ivan/ros2_humble/install/ros2cli:/home/ivan/ros2_humble/install/quality_of_service_demo_py:/home/ivan/ros2_humble/install/lifecycle_py:/home/ivan/ros2_humble/install/launch_testing_ros:/home/ivan/ros2_humble/install/launch_ros:/home/ivan/ros2_humble/install/examples_rclpy_pointcloud_publisher:/home/ivan/ros2_humble/install/examples_rclpy_minimal_subscriber:/home/ivan/ros2_humble/install/examples_rclpy_minimal_service:/home/ivan/ros2_humble/install/examples_rclpy_minimal_publisher:/home/ivan/ros2_humble/install/examples_rclpy_minimal_client:/home/ivan/ros2_humble/install/examples_rclpy_minimal_action_server:/home/ivan/ros2_humble/install/examples_rclpy_minimal_action_client:/home/ivan/ros2_humble/install/examples_rclpy_guard_conditions:/home/ivan/ros2_humble/install/examples_rclpy_executors:/home/ivan/ros2_humble/install/demo_nodes_py:/home/ivan/ros2_humble/install/camera_info_manager_py:/home/ivan/ros2_humble/install/action_tutorials_py:/home/ivan/ros2_humble/install/ament_uncrustify:/home/ivan/ros2_humble/install/tracetools_trace:/home/ivan/ros2_humble/install/tracetools_read:/home/ivan/ros2_humble/install/test_tracetools_launch:/home/ivan/ros2_humble/install/test_launch_ros:/home/ivan/ros2_humble/install/sensor_msgs_py:/home/ivan/ros2_humble/install/rpyutils:/home/ivan/ros2_humble/install/rosidl_runtime_py:/home/ivan/ros2_humble/install/rosidl_cli:/home/ivan/ros2_humble/install/launch_pytest:/home/ivan/ros2_humble/install/launch_testing:/home/ivan/ros2_humble/install/launch_yaml:/home/ivan/ros2_humble/install/launch_xml:/home/ivan/ros2_humble/install/launch:/home/ivan/ros2_humble/install/osrf_pycommon:/home/ivan/ros2_humble/install/domain_coordinator:/home/ivan/ros2_humble/install/ament_xmllint:/home/ivan/ros2_humble/install/ament_pyflakes:/home/ivan/ros2_humble/install/ament_pycodestyle:/home/ivan/ros2_humble/install/ament_pep257:/home/ivan/ros2_humble/install/ament_pclint:/home/ivan/ros2_humble/install/ament_package:/home/ivan/ros2_humble/install/ament_mypy:/home/ivan/ros2_humble/install/ament_lint_cmake:/home/ivan/ros2_humble/install/ament_flake8:/home/ivan/ros2_humble/install/ament_copyright:/home/ivan/ros2_humble/install/ament_lint:/home/ivan/ros2_humble/install/ament_index_python:/home/ivan/ros2_humble/install/ament_cpplint:/home/ivan/ros2_humble/install/ament_cppcheck:/home/ivan/ros2_humble/install/ament_clang_tidy:/home/ivan/ros2_humble/install/ament_clang_format /usr/bin/cmake --install /home/ivan/Documents/PAS/zadatak1/build/fanuc_m710ic_support
[0.463s] DEBUG:colcon.colcon_core.event_handler.log_command:Invoked command in '/home/ivan/Documents/PAS/zadatak1/build/robot_visualize' returned '0': CMAKE_PREFIX_PATH=${CMAKE_PREFIX_PATH}:/home/ivan/ros2_humble/install/rqt_bag_plugins:/home/ivan/ros2_humble/install/rqt_bag:/home/ivan/ros2_humble/install/launch_testing_examples:/home/ivan/ros2_humble/install/ros2bag:/home/ivan/ros2_humble/install/tracetools_test:/home/ivan/ros2_humble/install/tracetools_launch:/home/ivan/ros2_humble/install/topic_monitor:/home/ivan/ros2_humble/install/tf2_tools:/home/ivan/ros2_humble/install/examples_tf2_py:/home/ivan/ros2_humble/install/tf2_ros_py:/home/ivan/ros2_humble/install/sros2:/home/ivan/ros2_humble/install/rqt_topic:/home/ivan/ros2_humble/install/rqt_srv:/home/ivan/ros2_humble/install/rqt_shell:/home/ivan/ros2_humble/install/rqt_service_caller:/home/ivan/ros2_humble/install/rqt_reconfigure:/home/ivan/ros2_humble/install/rqt_py_console:/home/ivan/ros2_humble/install/rqt_publisher:/home/ivan/ros2_humble/install/rqt_plot:/home/ivan/ros2_humble/install/rqt_action:/home/ivan/ros2_humble/install/rqt_msg:/home/ivan/ros2_humble/install/rqt_console:/home/ivan/ros2_humble/install/rqt:/home/ivan/ros2_humble/install/rqt_graph:/home/ivan/ros2_humble/install/rqt_gui_py:/home/ivan/ros2_humble/install/rqt_gui:/home/ivan/ros2_humble/install/ros2trace:/home/ivan/ros2_humble/install/ros2topic:/home/ivan/ros2_humble/install/ros2test:/home/ivan/ros2_humble/install/ros2component:/home/ivan/ros2_humble/install/ros2param:/home/ivan/ros2_humble/install/ros2lifecycle:/home/ivan/ros2_humble/install/ros2service:/home/ivan/ros2_humble/install/ros2run:/home/ivan/ros2_humble/install/ros2plugin:/home/ivan/ros2_humble/install/ros2launch:/home/ivan/ros2_humble/install/ros2pkg:/home/ivan/ros2_humble/install/ros2node:/home/ivan/ros2_humble/install/ros2multicast:/home/ivan/ros2_humble/install/ros2interface:/home/ivan/ros2_humble/install/ros2doctor:/home/ivan/ros2_humble/install/ros2action:/home/ivan/ros2_humble/install/ros2cli:/home/ivan/ros2_humble/install/quality_of_service_demo_py:/home/ivan/ros2_humble/install/lifecycle_py:/home/ivan/ros2_humble/install/launch_testing_ros:/home/ivan/ros2_humble/install/launch_ros:/home/ivan/ros2_humble/install/examples_rclpy_pointcloud_publisher:/home/ivan/ros2_humble/install/examples_rclpy_minimal_subscriber:/home/ivan/ros2_humble/install/examples_rclpy_minimal_service:/home/ivan/ros2_humble/install/examples_rclpy_minimal_publisher:/home/ivan/ros2_humble/install/examples_rclpy_minimal_client:/home/ivan/ros2_humble/install/examples_rclpy_minimal_action_server:/home/ivan/ros2_humble/install/examples_rclpy_minimal_action_client:/home/ivan/ros2_humble/install/examples_rclpy_guard_conditions:/home/ivan/ros2_humble/install/examples_rclpy_executors:/home/ivan/ros2_humble/install/demo_nodes_py:/home/ivan/ros2_humble/install/camera_info_manager_py:/home/ivan/ros2_humble/install/action_tutorials_py:/home/ivan/ros2_humble/install/ament_uncrustify:/home/ivan/ros2_humble/install/tracetools_trace:/home/ivan/ros2_humble/install/tracetools_read:/home/ivan/ros2_humble/install/test_tracetools_launch:/home/ivan/ros2_humble/install/test_launch_ros:/home/ivan/ros2_humble/install/sensor_msgs_py:/home/ivan/ros2_humble/install/rpyutils:/home/ivan/ros2_humble/install/rosidl_runtime_py:/home/ivan/ros2_humble/install/rosidl_cli:/home/ivan/ros2_humble/install/launch_pytest:/home/ivan/ros2_humble/install/launch_testing:/home/ivan/ros2_humble/install/launch_yaml:/home/ivan/ros2_humble/install/launch_xml:/home/ivan/ros2_humble/install/launch:/home/ivan/ros2_humble/install/osrf_pycommon:/home/ivan/ros2_humble/install/domain_coordinator:/home/ivan/ros2_humble/install/ament_xmllint:/home/ivan/ros2_humble/install/ament_pyflakes:/home/ivan/ros2_humble/install/ament_pycodestyle:/home/ivan/ros2_humble/install/ament_pep257:/home/ivan/ros2_humble/install/ament_pclint:/home/ivan/ros2_humble/install/ament_package:/home/ivan/ros2_humble/install/ament_mypy:/home/ivan/ros2_humble/install/ament_lint_cmake:/home/ivan/ros2_humble/install/ament_flake8:/home/ivan/ros2_humble/install/ament_copyright:/home/ivan/ros2_humble/install/ament_lint:/home/ivan/ros2_humble/install/ament_index_python:/home/ivan/ros2_humble/install/ament_cpplint:/home/ivan/ros2_humble/install/ament_cppcheck:/home/ivan/ros2_humble/install/ament_clang_tidy:/home/ivan/ros2_humble/install/ament_clang_format /usr/bin/cmake --build /home/ivan/Documents/PAS/zadatak1/build/robot_visualize -- -j16 -l16
[0.464s] DEBUG:colcon.colcon_core.event_handler.log_command:Invoking command in '/home/ivan/Documents/PAS/zadatak1/build/robot_visualize': CMAKE_PREFIX_PATH=${CMAKE_PREFIX_PATH}:/home/ivan/ros2_humble/install/rqt_bag_plugins:/home/ivan/ros2_humble/install/rqt_bag:/home/ivan/ros2_humble/install/launch_testing_examples:/home/ivan/ros2_humble/install/ros2bag:/home/ivan/ros2_humble/install/tracetools_test:/home/ivan/ros2_humble/install/tracetools_launch:/home/ivan/ros2_humble/install/topic_monitor:/home/ivan/ros2_humble/install/tf2_tools:/home/ivan/ros2_humble/install/examples_tf2_py:/home/ivan/ros2_humble/install/tf2_ros_py:/home/ivan/ros2_humble/install/sros2:/home/ivan/ros2_humble/install/rqt_topic:/home/ivan/ros2_humble/install/rqt_srv:/home/ivan/ros2_humble/install/rqt_shell:/home/ivan/ros2_humble/install/rqt_service_caller:/home/ivan/ros2_humble/install/rqt_reconfigure:/home/ivan/ros2_humble/install/rqt_py_console:/home/ivan/ros2_humble/install/rqt_publisher:/home/ivan/ros2_humble/install/rqt_plot:/home/ivan/ros2_humble/install/rqt_action:/home/ivan/ros2_humble/install/rqt_msg:/home/ivan/ros2_humble/install/rqt_console:/home/ivan/ros2_humble/install/rqt:/home/ivan/ros2_humble/install/rqt_graph:/home/ivan/ros2_humble/install/rqt_gui_py:/home/ivan/ros2_humble/install/rqt_gui:/home/ivan/ros2_humble/install/ros2trace:/home/ivan/ros2_humble/install/ros2topic:/home/ivan/ros2_humble/install/ros2test:/home/ivan/ros2_humble/install/ros2component:/home/ivan/ros2_humble/install/ros2param:/home/ivan/ros2_humble/install/ros2lifecycle:/home/ivan/ros2_humble/install/ros2service:/home/ivan/ros2_humble/install/ros2run:/home/ivan/ros2_humble/install/ros2plugin:/home/ivan/ros2_humble/install/ros2launch:/home/ivan/ros2_humble/install/ros2pkg:/home/ivan/ros2_humble/install/ros2node:/home/ivan/ros2_humble/install/ros2multicast:/home/ivan/ros2_humble/install/ros2interface:/home/ivan/ros2_humble/install/ros2doctor:/home/ivan/ros2_humble/install/ros2action:/home/ivan/ros2_humble/install/ros2cli:/home/ivan/ros2_humble/install/quality_of_service_demo_py:/home/ivan/ros2_humble/install/lifecycle_py:/home/ivan/ros2_humble/install/launch_testing_ros:/home/ivan/ros2_humble/install/launch_ros:/home/ivan/ros2_humble/install/examples_rclpy_pointcloud_publisher:/home/ivan/ros2_humble/install/examples_rclpy_minimal_subscriber:/home/ivan/ros2_humble/install/examples_rclpy_minimal_service:/home/ivan/ros2_humble/install/examples_rclpy_minimal_publisher:/home/ivan/ros2_humble/install/examples_rclpy_minimal_client:/home/ivan/ros2_humble/install/examples_rclpy_minimal_action_server:/home/ivan/ros2_humble/install/examples_rclpy_minimal_action_client:/home/ivan/ros2_humble/install/examples_rclpy_guard_conditions:/home/ivan/ros2_humble/install/examples_rclpy_executors:/home/ivan/ros2_humble/install/demo_nodes_py:/home/ivan/ros2_humble/install/camera_info_manager_py:/home/ivan/ros2_humble/install/action_tutorials_py:/home/ivan/ros2_humble/install/ament_uncrustify:/home/ivan/ros2_humble/install/tracetools_trace:/home/ivan/ros2_humble/install/tracetools_read:/home/ivan/ros2_humble/install/test_tracetools_launch:/home/ivan/ros2_humble/install/test_launch_ros:/home/ivan/ros2_humble/install/sensor_msgs_py:/home/ivan/ros2_humble/install/rpyutils:/home/ivan/ros2_humble/install/rosidl_runtime_py:/home/ivan/ros2_humble/install/rosidl_cli:/home/ivan/ros2_humble/install/launch_pytest:/home/ivan/ros2_humble/install/launch_testing:/home/ivan/ros2_humble/install/launch_yaml:/home/ivan/ros2_humble/install/launch_xml:/home/ivan/ros2_humble/install/launch:/home/ivan/ros2_humble/install/osrf_pycommon:/home/ivan/ros2_humble/install/domain_coordinator:/home/ivan/ros2_humble/install/ament_xmllint:/home/ivan/ros2_humble/install/ament_pyflakes:/home/ivan/ros2_humble/install/ament_pycodestyle:/home/ivan/ros2_humble/install/ament_pep257:/home/ivan/ros2_humble/install/ament_pclint:/home/ivan/ros2_humble/install/ament_package:/home/ivan/ros2_humble/install/ament_mypy:/home/ivan/ros2_humble/install/ament_lint_cmake:/home/ivan/ros2_humble/install/ament_flake8:/home/ivan/ros2_humble/install/ament_copyright:/home/ivan/ros2_humble/install/ament_lint:/home/ivan/ros2_humble/install/ament_index_python:/home/ivan/ros2_humble/install/ament_cpplint:/home/ivan/ros2_humble/install/ament_cppcheck:/home/ivan/ros2_humble/install/ament_clang_tidy:/home/ivan/ros2_humble/install/ament_clang_format /usr/bin/cmake --install /home/ivan/Documents/PAS/zadatak1/build/robot_visualize
[0.465s] DEBUG:colcon.colcon_core.event_handler.log_command:Invoked command in '/home/ivan/Documents/PAS/zadatak1/build/fanuc_resources' returned '0': CMAKE_PREFIX_PATH=${CMAKE_PREFIX_PATH}:/home/ivan/ros2_humble/install/rqt_bag_plugins:/home/ivan/ros2_humble/install/rqt_bag:/home/ivan/ros2_humble/install/launch_testing_examples:/home/ivan/ros2_humble/install/ros2bag:/home/ivan/ros2_humble/install/tracetools_test:/home/ivan/ros2_humble/install/tracetools_launch:/home/ivan/ros2_humble/install/topic_monitor:/home/ivan/ros2_humble/install/tf2_tools:/home/ivan/ros2_humble/install/examples_tf2_py:/home/ivan/ros2_humble/install/tf2_ros_py:/home/ivan/ros2_humble/install/sros2:/home/ivan/ros2_humble/install/rqt_topic:/home/ivan/ros2_humble/install/rqt_srv:/home/ivan/ros2_humble/install/rqt_shell:/home/ivan/ros2_humble/install/rqt_service_caller:/home/ivan/ros2_humble/install/rqt_reconfigure:/home/ivan/ros2_humble/install/rqt_py_console:/home/ivan/ros2_humble/install/rqt_publisher:/home/ivan/ros2_humble/install/rqt_plot:/home/ivan/ros2_humble/install/rqt_action:/home/ivan/ros2_humble/install/rqt_msg:/home/ivan/ros2_humble/install/rqt_console:/home/ivan/ros2_humble/install/rqt:/home/ivan/ros2_humble/install/rqt_graph:/home/ivan/ros2_humble/install/rqt_gui_py:/home/ivan/ros2_humble/install/rqt_gui:/home/ivan/ros2_humble/install/ros2trace:/home/ivan/ros2_humble/install/ros2topic:/home/ivan/ros2_humble/install/ros2test:/home/ivan/ros2_humble/install/ros2component:/home/ivan/ros2_humble/install/ros2param:/home/ivan/ros2_humble/install/ros2lifecycle:/home/ivan/ros2_humble/install/ros2service:/home/ivan/ros2_humble/install/ros2run:/home/ivan/ros2_humble/install/ros2plugin:/home/ivan/ros2_humble/install/ros2launch:/home/ivan/ros2_humble/install/ros2pkg:/home/ivan/ros2_humble/install/ros2node:/home/ivan/ros2_humble/install/ros2multicast:/home/ivan/ros2_humble/install/ros2interface:/home/ivan/ros2_humble/install/ros2doctor:/home/ivan/ros2_humble/install/ros2action:/home/ivan/ros2_humble/install/ros2cli:/home/ivan/ros2_humble/install/quality_of_service_demo_py:/home/ivan/ros2_humble/install/lifecycle_py:/home/ivan/ros2_humble/install/launch_testing_ros:/home/ivan/ros2_humble/install/launch_ros:/home/ivan/ros2_humble/install/examples_rclpy_pointcloud_publisher:/home/ivan/ros2_humble/install/examples_rclpy_minimal_subscriber:/home/ivan/ros2_humble/install/examples_rclpy_minimal_service:/home/ivan/ros2_humble/install/examples_rclpy_minimal_publisher:/home/ivan/ros2_humble/install/examples_rclpy_minimal_client:/home/ivan/ros2_humble/install/examples_rclpy_minimal_action_server:/home/ivan/ros2_humble/install/examples_rclpy_minimal_action_client:/home/ivan/ros2_humble/install/examples_rclpy_guard_conditions:/home/ivan/ros2_humble/install/examples_rclpy_executors:/home/ivan/ros2_humble/install/demo_nodes_py:/home/ivan/ros2_humble/install/camera_info_manager_py:/home/ivan/ros2_humble/install/action_tutorials_py:/home/ivan/ros2_humble/install/ament_uncrustify:/home/ivan/ros2_humble/install/tracetools_trace:/home/ivan/ros2_humble/install/tracetools_read:/home/ivan/ros2_humble/install/test_tracetools_launch:/home/ivan/ros2_humble/install/test_launch_ros:/home/ivan/ros2_humble/install/sensor_msgs_py:/home/ivan/ros2_humble/install/rpyutils:/home/ivan/ros2_humble/install/rosidl_runtime_py:/home/ivan/ros2_humble/install/rosidl_cli:/home/ivan/ros2_humble/install/launch_pytest:/home/ivan/ros2_humble/install/launch_testing:/home/ivan/ros2_humble/install/launch_yaml:/home/ivan/ros2_humble/install/launch_xml:/home/ivan/ros2_humble/install/launch:/home/ivan/ros2_humble/install/osrf_pycommon:/home/ivan/ros2_humble/install/domain_coordinator:/home/ivan/ros2_humble/install/ament_xmllint:/home/ivan/ros2_humble/install/ament_pyflakes:/home/ivan/ros2_humble/install/ament_pycodestyle:/home/ivan/ros2_humble/install/ament_pep257:/home/ivan/ros2_humble/install/ament_pclint:/home/ivan/ros2_humble/install/ament_package:/home/ivan/ros2_humble/install/ament_mypy:/home/ivan/ros2_humble/install/ament_lint_cmake:/home/ivan/ros2_humble/install/ament_flake8:/home/ivan/ros2_humble/install/ament_copyright:/home/ivan/ros2_humble/install/ament_lint:/home/ivan/ros2_humble/install/ament_index_python:/home/ivan/ros2_humble/install/ament_cpplint:/home/ivan/ros2_humble/install/ament_cppcheck:/home/ivan/ros2_humble/install/ament_clang_tidy:/home/ivan/ros2_humble/install/ament_clang_format /usr/bin/cmake --build /home/ivan/Documents/PAS/zadatak1/build/fanuc_resources -- -j16 -l16
[0.466s] DEBUG:colcon.colcon_core.event_handler.log_command:Invoking command in '/home/ivan/Documents/PAS/zadatak1/build/fanuc_resources': CMAKE_PREFIX_PATH=${CMAKE_PREFIX_PATH}:/home/ivan/ros2_humble/install/rqt_bag_plugins:/home/ivan/ros2_humble/install/rqt_bag:/home/ivan/ros2_humble/install/launch_testing_examples:/home/ivan/ros2_humble/install/ros2bag:/home/ivan/ros2_humble/install/tracetools_test:/home/ivan/ros2_humble/install/tracetools_launch:/home/ivan/ros2_humble/install/topic_monitor:/home/ivan/ros2_humble/install/tf2_tools:/home/ivan/ros2_humble/install/examples_tf2_py:/home/ivan/ros2_humble/install/tf2_ros_py:/home/ivan/ros2_humble/install/sros2:/home/ivan/ros2_humble/install/rqt_topic:/home/ivan/ros2_humble/install/rqt_srv:/home/ivan/ros2_humble/install/rqt_shell:/home/ivan/ros2_humble/install/rqt_service_caller:/home/ivan/ros2_humble/install/rqt_reconfigure:/home/ivan/ros2_humble/install/rqt_py_console:/home/ivan/ros2_humble/install/rqt_publisher:/home/ivan/ros2_humble/install/rqt_plot:/home/ivan/ros2_humble/install/rqt_action:/home/ivan/ros2_humble/install/rqt_msg:/home/ivan/ros2_humble/install/rqt_console:/home/ivan/ros2_humble/install/rqt:/home/ivan/ros2_humble/install/rqt_graph:/home/ivan/ros2_humble/install/rqt_gui_py:/home/ivan/ros2_humble/install/rqt_gui:/home/ivan/ros2_humble/install/ros2trace:/home/ivan/ros2_humble/install/ros2topic:/home/ivan/ros2_humble/install/ros2test:/home/ivan/ros2_humble/install/ros2component:/home/ivan/ros2_humble/install/ros2param:/home/ivan/ros2_humble/install/ros2lifecycle:/home/ivan/ros2_humble/install/ros2service:/home/ivan/ros2_humble/install/ros2run:/home/ivan/ros2_humble/install/ros2plugin:/home/ivan/ros2_humble/install/ros2launch:/home/ivan/ros2_humble/install/ros2pkg:/home/ivan/ros2_humble/install/ros2node:/home/ivan/ros2_humble/install/ros2multicast:/home/ivan/ros2_humble/install/ros2interface:/home/ivan/ros2_humble/install/ros2doctor:/home/ivan/ros2_humble/install/ros2action:/home/ivan/ros2_humble/install/ros2cli:/home/ivan/ros2_humble/install/quality_of_service_demo_py:/home/ivan/ros2_humble/install/lifecycle_py:/home/ivan/ros2_humble/install/launch_testing_ros:/home/ivan/ros2_humble/install/launch_ros:/home/ivan/ros2_humble/install/examples_rclpy_pointcloud_publisher:/home/ivan/ros2_humble/install/examples_rclpy_minimal_subscriber:/home/ivan/ros2_humble/install/examples_rclpy_minimal_service:/home/ivan/ros2_humble/install/examples_rclpy_minimal_publisher:/home/ivan/ros2_humble/install/examples_rclpy_minimal_client:/home/ivan/ros2_humble/install/examples_rclpy_minimal_action_server:/home/ivan/ros2_humble/install/examples_rclpy_minimal_action_client:/home/ivan/ros2_humble/install/examples_rclpy_guard_conditions:/home/ivan/ros2_humble/install/examples_rclpy_executors:/home/ivan/ros2_humble/install/demo_nodes_py:/home/ivan/ros2_humble/install/camera_info_manager_py:/home/ivan/ros2_humble/install/action_tutorials_py:/home/ivan/ros2_humble/install/ament_uncrustify:/home/ivan/ros2_humble/install/tracetools_trace:/home/ivan/ros2_humble/install/tracetools_read:/home/ivan/ros2_humble/install/test_tracetools_launch:/home/ivan/ros2_humble/install/test_launch_ros:/home/ivan/ros2_humble/install/sensor_msgs_py:/home/ivan/ros2_humble/install/rpyutils:/home/ivan/ros2_humble/install/rosidl_runtime_py:/home/ivan/ros2_humble/install/rosidl_cli:/home/ivan/ros2_humble/install/launch_pytest:/home/ivan/ros2_humble/install/launch_testing:/home/ivan/ros2_humble/install/launch_yaml:/home/ivan/ros2_humble/install/launch_xml:/home/ivan/ros2_humble/install/launch:/home/ivan/ros2_humble/install/osrf_pycommon:/home/ivan/ros2_humble/install/domain_coordinator:/home/ivan/ros2_humble/install/ament_xmllint:/home/ivan/ros2_humble/install/ament_pyflakes:/home/ivan/ros2_humble/install/ament_pycodestyle:/home/ivan/ros2_humble/install/ament_pep257:/home/ivan/ros2_humble/install/ament_pclint:/home/ivan/ros2_humble/install/ament_package:/home/ivan/ros2_humble/install/ament_mypy:/home/ivan/ros2_humble/install/ament_lint_cmake:/home/ivan/ros2_humble/install/ament_flake8:/home/ivan/ros2_humble/install/ament_copyright:/home/ivan/ros2_humble/install/ament_lint:/home/ivan/ros2_humble/install/ament_index_python:/home/ivan/ros2_humble/install/ament_cpplint:/home/ivan/ros2_humble/install/ament_cppcheck:/home/ivan/ros2_humble/install/ament_clang_tidy:/home/ivan/ros2_humble/install/ament_clang_format /usr/bin/cmake --install /home/ivan/Documents/PAS/zadatak1/build/fanuc_resources
[0.478s] Level 1:colcon.colcon_core.environment:create_environment_scripts_only(fanuc_m710ic_support)
[0.479s] DEBUG:colcon.colcon_core.event_handler.log_command:Invoked command in '/home/ivan/Documents/PAS/zadatak1/build/fanuc_m710ic_support' returned '0': CMAKE_PREFIX_PATH=${CMAKE_PREFIX_PATH}:/home/ivan/ros2_humble/install/rqt_bag_plugins:/home/ivan/ros2_humble/install/rqt_bag:/home/ivan/ros2_humble/install/launch_testing_examples:/home/ivan/ros2_humble/install/ros2bag:/home/ivan/ros2_humble/install/tracetools_test:/home/ivan/ros2_humble/install/tracetools_launch:/home/ivan/ros2_humble/install/topic_monitor:/home/ivan/ros2_humble/install/tf2_tools:/home/ivan/ros2_humble/install/examples_tf2_py:/home/ivan/ros2_humble/install/tf2_ros_py:/home/ivan/ros2_humble/install/sros2:/home/ivan/ros2_humble/install/rqt_topic:/home/ivan/ros2_humble/install/rqt_srv:/home/ivan/ros2_humble/install/rqt_shell:/home/ivan/ros2_humble/install/rqt_service_caller:/home/ivan/ros2_humble/install/rqt_reconfigure:/home/ivan/ros2_humble/install/rqt_py_console:/home/ivan/ros2_humble/install/rqt_publisher:/home/ivan/ros2_humble/install/rqt_plot:/home/ivan/ros2_humble/install/rqt_action:/home/ivan/ros2_humble/install/rqt_msg:/home/ivan/ros2_humble/install/rqt_console:/home/ivan/ros2_humble/install/rqt:/home/ivan/ros2_humble/install/rqt_graph:/home/ivan/ros2_humble/install/rqt_gui_py:/home/ivan/ros2_humble/install/rqt_gui:/home/ivan/ros2_humble/install/ros2trace:/home/ivan/ros2_humble/install/ros2topic:/home/ivan/ros2_humble/install/ros2test:/home/ivan/ros2_humble/install/ros2component:/home/ivan/ros2_humble/install/ros2param:/home/ivan/ros2_humble/install/ros2lifecycle:/home/ivan/ros2_humble/install/ros2service:/home/ivan/ros2_humble/install/ros2run:/home/ivan/ros2_humble/install/ros2plugin:/home/ivan/ros2_humble/install/ros2launch:/home/ivan/ros2_humble/install/ros2pkg:/home/ivan/ros2_humble/install/ros2node:/home/ivan/ros2_humble/install/ros2multicast:/home/ivan/ros2_humble/install/ros2interface:/home/ivan/ros2_humble/install/ros2doctor:/home/ivan/ros2_humble/install/ros2action:/home/ivan/ros2_humble/install/ros2cli:/home/ivan/ros2_humble/install/quality_of_service_demo_py:/home/ivan/ros2_humble/install/lifecycle_py:/home/ivan/ros2_humble/install/launch_testing_ros:/home/ivan/ros2_humble/install/launch_ros:/home/ivan/ros2_humble/install/examples_rclpy_pointcloud_publisher:/home/ivan/ros2_humble/install/examples_rclpy_minimal_subscriber:/home/ivan/ros2_humble/install/examples_rclpy_minimal_service:/home/ivan/ros2_humble/install/examples_rclpy_minimal_publisher:/home/ivan/ros2_humble/install/examples_rclpy_minimal_client:/home/ivan/ros2_humble/install/examples_rclpy_minimal_action_server:/home/ivan/ros2_humble/install/examples_rclpy_minimal_action_client:/home/ivan/ros2_humble/install/examples_rclpy_guard_conditions:/home/ivan/ros2_humble/install/examples_rclpy_executors:/home/ivan/ros2_humble/install/demo_nodes_py:/home/ivan/ros2_humble/install/camera_info_manager_py:/home/ivan/ros2_humble/install/action_tutorials_py:/home/ivan/ros2_humble/install/ament_uncrustify:/home/ivan/ros2_humble/install/tracetools_trace:/home/ivan/ros2_humble/install/tracetools_read:/home/ivan/ros2_humble/install/test_tracetools_launch:/home/ivan/ros2_humble/install/test_launch_ros:/home/ivan/ros2_humble/install/sensor_msgs_py:/home/ivan/ros2_humble/install/rpyutils:/home/ivan/ros2_humble/install/rosidl_runtime_py:/home/ivan/ros2_humble/install/rosidl_cli:/home/ivan/ros2_humble/install/launch_pytest:/home/ivan/ros2_humble/install/launch_testing:/home/ivan/ros2_humble/install/launch_yaml:/home/ivan/ros2_humble/install/launch_xml:/home/ivan/ros2_humble/install/launch:/home/ivan/ros2_humble/install/osrf_pycommon:/home/ivan/ros2_humble/install/domain_coordinator:/home/ivan/ros2_humble/install/ament_xmllint:/home/ivan/ros2_humble/install/ament_pyflakes:/home/ivan/ros2_humble/install/ament_pycodestyle:/home/ivan/ros2_humble/install/ament_pep257:/home/ivan/ros2_humble/install/ament_pclint:/home/ivan/ros2_humble/install/ament_package:/home/ivan/ros2_humble/install/ament_mypy:/home/ivan/ros2_humble/install/ament_lint_cmake:/home/ivan/ros2_humble/install/ament_flake8:/home/ivan/ros2_humble/install/ament_copyright:/home/ivan/ros2_humble/install/ament_lint:/home/ivan/ros2_humble/install/ament_index_python:/home/ivan/ros2_humble/install/ament_cpplint:/home/ivan/ros2_humble/install/ament_cppcheck:/home/ivan/ros2_humble/install/ament_clang_tidy:/home/ivan/ros2_humble/install/ament_clang_format /usr/bin/cmake --install /home/ivan/Documents/PAS/zadatak1/build/fanuc_m710ic_support
[0.486s] Level 1:colcon.colcon_core.environment:checking '/home/ivan/Documents/PAS/zadatak1/install/fanuc_m710ic_support' for CMake module files
[0.486s] Level 1:colcon.colcon_core.environment:checking '/home/ivan/Documents/PAS/zadatak1/install/fanuc_m710ic_support' for CMake config files
[0.486s] Level 1:colcon.colcon_core.shell:create_environment_hook('fanuc_m710ic_support', 'cmake_prefix_path')
[0.486s] INFO:colcon.colcon_core.shell:Creating environment hook '/home/ivan/Documents/PAS/zadatak1/install/fanuc_m710ic_support/share/fanuc_m710ic_support/hook/cmake_prefix_path.ps1'
[0.487s] INFO:colcon.colcon_core.shell:Creating environment descriptor '/home/ivan/Documents/PAS/zadatak1/install/fanuc_m710ic_support/share/fanuc_m710ic_support/hook/cmake_prefix_path.dsv'
[0.487s] INFO:colcon.colcon_core.shell:Creating environment hook '/home/ivan/Documents/PAS/zadatak1/install/fanuc_m710ic_support/share/fanuc_m710ic_support/hook/cmake_prefix_path.sh'
[0.488s] Level 1:colcon.colcon_core.environment:checking '/home/ivan/Documents/PAS/zadatak1/install/fanuc_m710ic_support/bin'
[0.488s] Level 1:colcon.colcon_core.environment:checking '/home/ivan/Documents/PAS/zadatak1/install/fanuc_m710ic_support/lib/pkgconfig/fanuc_m710ic_support.pc'
[0.490s] Level 1:colcon.colcon_core.environment:checking '/home/ivan/Documents/PAS/zadatak1/install/fanuc_m710ic_support/lib/python3.10/site-packages'
[0.490s] Level 1:colcon.colcon_core.environment:checking '/home/ivan/Documents/PAS/zadatak1/install/fanuc_m710ic_support/bin'
[0.490s] INFO:colcon.colcon_core.shell:Creating package script '/home/ivan/Documents/PAS/zadatak1/install/fanuc_m710ic_support/share/fanuc_m710ic_support/package.ps1'
[0.491s] INFO:colcon.colcon_core.shell:Creating package descriptor '/home/ivan/Documents/PAS/zadatak1/install/fanuc_m710ic_support/share/fanuc_m710ic_support/package.dsv'
[0.491s] INFO:colcon.colcon_core.shell:Creating package script '/home/ivan/Documents/PAS/zadatak1/install/fanuc_m710ic_support/share/fanuc_m710ic_support/package.sh'
[0.492s] INFO:colcon.colcon_core.shell:Creating package script '/home/ivan/Documents/PAS/zadatak1/install/fanuc_m710ic_support/share/fanuc_m710ic_support/package.bash'
[0.492s] INFO:colcon.colcon_core.shell:Creating package script '/home/ivan/Documents/PAS/zadatak1/install/fanuc_m710ic_support/share/fanuc_m710ic_support/package.zsh'
[0.492s] Level 1:colcon.colcon_core.environment:create_file_with_runtime_dependencies(/home/ivan/Documents/PAS/zadatak1/install/fanuc_m710ic_support/share/colcon-core/packages/fanuc_m710ic_support)
[0.493s] Level 1:colcon.colcon_core.environment:create_environment_scripts_only(fanuc_m710ic_support)
[0.493s] Level 1:colcon.colcon_core.environment:checking '/home/ivan/Documents/PAS/zadatak1/install/fanuc_m710ic_support' for CMake module files
[0.493s] Level 1:colcon.colcon_core.environment:checking '/home/ivan/Documents/PAS/zadatak1/install/fanuc_m710ic_support' for CMake config files
[0.493s] Level 1:colcon.colcon_core.shell:create_environment_hook('fanuc_m710ic_support', 'cmake_prefix_path')
[0.493s] INFO:colcon.colcon_core.shell:Creating environment hook '/home/ivan/Documents/PAS/zadatak1/install/fanuc_m710ic_support/share/fanuc_m710ic_support/hook/cmake_prefix_path.ps1'
[0.494s] INFO:colcon.colcon_core.shell:Creating environment descriptor '/home/ivan/Documents/PAS/zadatak1/install/fanuc_m710ic_support/share/fanuc_m710ic_support/hook/cmake_prefix_path.dsv'
[0.494s] INFO:colcon.colcon_core.shell:Creating environment hook '/home/ivan/Documents/PAS/zadatak1/install/fanuc_m710ic_support/share/fanuc_m710ic_support/hook/cmake_prefix_path.sh'
[0.494s] Level 1:colcon.colcon_core.environment:checking '/home/ivan/Documents/PAS/zadatak1/install/fanuc_m710ic_support/bin'
[0.494s] Level 1:colcon.colcon_core.environment:checking '/home/ivan/Documents/PAS/zadatak1/install/fanuc_m710ic_support/lib/pkgconfig/fanuc_m710ic_support.pc'
[0.494s] Level 1:colcon.colcon_core.environment:checking '/home/ivan/Documents/PAS/zadatak1/install/fanuc_m710ic_support/lib/python3.10/site-packages'
[0.494s] Level 1:colcon.colcon_core.environment:checking '/home/ivan/Documents/PAS/zadatak1/install/fanuc_m710ic_support/bin'
[0.495s] INFO:colcon.colcon_core.shell:Creating package script '/home/ivan/Documents/PAS/zadatak1/install/fanuc_m710ic_support/share/fanuc_m710ic_support/package.ps1'
[0.495s] INFO:colcon.colcon_core.shell:Creating package descriptor '/home/ivan/Documents/PAS/zadatak1/install/fanuc_m710ic_support/share/fanuc_m710ic_support/package.dsv'
[0.495s] INFO:colcon.colcon_core.shell:Creating package script '/home/ivan/Documents/PAS/zadatak1/install/fanuc_m710ic_support/share/fanuc_m710ic_support/package.sh'
[0.495s] INFO:colcon.colcon_core.shell:Creating package script '/home/ivan/Documents/PAS/zadatak1/install/fanuc_m710ic_support/share/fanuc_m710ic_support/package.bash'
[0.496s] INFO:colcon.colcon_core.shell:Creating package script '/home/ivan/Documents/PAS/zadatak1/install/fanuc_m710ic_support/share/fanuc_m710ic_support/package.zsh'
[0.496s] Level 1:colcon.colcon_core.environment:create_file_with_runtime_dependencies(/home/ivan/Documents/PAS/zadatak1/install/fanuc_m710ic_support/share/colcon-core/packages/fanuc_m710ic_support)
[0.497s] Level 1:colcon.colcon_core.environment:create_environment_scripts_only(fanuc_resources)
[0.497s] Level 1:colcon.colcon_core.environment:checking '/home/ivan/Documents/PAS/zadatak1/install/fanuc_resources' for CMake module files
[0.497s] DEBUG:colcon.colcon_core.event_handler.log_command:Invoked command in '/home/ivan/Documents/PAS/zadatak1/build/fanuc_resources' returned '0': CMAKE_PREFIX_PATH=${CMAKE_PREFIX_PATH}:/home/ivan/ros2_humble/install/rqt_bag_plugins:/home/ivan/ros2_humble/install/rqt_bag:/home/ivan/ros2_humble/install/launch_testing_examples:/home/ivan/ros2_humble/install/ros2bag:/home/ivan/ros2_humble/install/tracetools_test:/home/ivan/ros2_humble/install/tracetools_launch:/home/ivan/ros2_humble/install/topic_monitor:/home/ivan/ros2_humble/install/tf2_tools:/home/ivan/ros2_humble/install/examples_tf2_py:/home/ivan/ros2_humble/install/tf2_ros_py:/home/ivan/ros2_humble/install/sros2:/home/ivan/ros2_humble/install/rqt_topic:/home/ivan/ros2_humble/install/rqt_srv:/home/ivan/ros2_humble/install/rqt_shell:/home/ivan/ros2_humble/install/rqt_service_caller:/home/ivan/ros2_humble/install/rqt_reconfigure:/home/ivan/ros2_humble/install/rqt_py_console:/home/ivan/ros2_humble/install/rqt_publisher:/home/ivan/ros2_humble/install/rqt_plot:/home/ivan/ros2_humble/install/rqt_action:/home/ivan/ros2_humble/install/rqt_msg:/home/ivan/ros2_humble/install/rqt_console:/home/ivan/ros2_humble/install/rqt:/home/ivan/ros2_humble/install/rqt_graph:/home/ivan/ros2_humble/install/rqt_gui_py:/home/ivan/ros2_humble/install/rqt_gui:/home/ivan/ros2_humble/install/ros2trace:/home/ivan/ros2_humble/install/ros2topic:/home/ivan/ros2_humble/install/ros2test:/home/ivan/ros2_humble/install/ros2component:/home/ivan/ros2_humble/install/ros2param:/home/ivan/ros2_humble/install/ros2lifecycle:/home/ivan/ros2_humble/install/ros2service:/home/ivan/ros2_humble/install/ros2run:/home/ivan/ros2_humble/install/ros2plugin:/home/ivan/ros2_humble/install/ros2launch:/home/ivan/ros2_humble/install/ros2pkg:/home/ivan/ros2_humble/install/ros2node:/home/ivan/ros2_humble/install/ros2multicast:/home/ivan/ros2_humble/install/ros2interface:/home/ivan/ros2_humble/install/ros2doctor:/home/ivan/ros2_humble/install/ros2action:/home/ivan/ros2_humble/install/ros2cli:/home/ivan/ros2_humble/install/quality_of_service_demo_py:/home/ivan/ros2_humble/install/lifecycle_py:/home/ivan/ros2_humble/install/launch_testing_ros:/home/ivan/ros2_humble/install/launch_ros:/home/ivan/ros2_humble/install/examples_rclpy_pointcloud_publisher:/home/ivan/ros2_humble/install/examples_rclpy_minimal_subscriber:/home/ivan/ros2_humble/install/examples_rclpy_minimal_service:/home/ivan/ros2_humble/install/examples_rclpy_minimal_publisher:/home/ivan/ros2_humble/install/examples_rclpy_minimal_client:/home/ivan/ros2_humble/install/examples_rclpy_minimal_action_server:/home/ivan/ros2_humble/install/examples_rclpy_minimal_action_client:/home/ivan/ros2_humble/install/examples_rclpy_guard_conditions:/home/ivan/ros2_humble/install/examples_rclpy_executors:/home/ivan/ros2_humble/install/demo_nodes_py:/home/ivan/ros2_humble/install/camera_info_manager_py:/home/ivan/ros2_humble/install/action_tutorials_py:/home/ivan/ros2_humble/install/ament_uncrustify:/home/ivan/ros2_humble/install/tracetools_trace:/home/ivan/ros2_humble/install/tracetools_read:/home/ivan/ros2_humble/install/test_tracetools_launch:/home/ivan/ros2_humble/install/test_launch_ros:/home/ivan/ros2_humble/install/sensor_msgs_py:/home/ivan/ros2_humble/install/rpyutils:/home/ivan/ros2_humble/install/rosidl_runtime_py:/home/ivan/ros2_humble/install/rosidl_cli:/home/ivan/ros2_humble/install/launch_pytest:/home/ivan/ros2_humble/install/launch_testing:/home/ivan/ros2_humble/install/launch_yaml:/home/ivan/ros2_humble/install/launch_xml:/home/ivan/ros2_humble/install/launch:/home/ivan/ros2_humble/install/osrf_pycommon:/home/ivan/ros2_humble/install/domain_coordinator:/home/ivan/ros2_humble/install/ament_xmllint:/home/ivan/ros2_humble/install/ament_pyflakes:/home/ivan/ros2_humble/install/ament_pycodestyle:/home/ivan/ros2_humble/install/ament_pep257:/home/ivan/ros2_humble/install/ament_pclint:/home/ivan/ros2_humble/install/ament_package:/home/ivan/ros2_humble/install/ament_mypy:/home/ivan/ros2_humble/install/ament_lint_cmake:/home/ivan/ros2_humble/install/ament_flake8:/home/ivan/ros2_humble/install/ament_copyright:/home/ivan/ros2_humble/install/ament_lint:/home/ivan/ros2_humble/install/ament_index_python:/home/ivan/ros2_humble/install/ament_cpplint:/home/ivan/ros2_humble/install/ament_cppcheck:/home/ivan/ros2_humble/install/ament_clang_tidy:/home/ivan/ros2_humble/install/ament_clang_format /usr/bin/cmake --install /home/ivan/Documents/PAS/zadatak1/build/fanuc_resources
[0.497s] Level 1:colcon.colcon_core.environment:checking '/home/ivan/Documents/PAS/zadatak1/install/fanuc_resources' for CMake config files
[0.498s] Level 1:colcon.colcon_core.shell:create_environment_hook('fanuc_resources', 'cmake_prefix_path')
[0.498s] INFO:colcon.colcon_core.shell:Creating environment hook '/home/ivan/Documents/PAS/zadatak1/install/fanuc_resources/share/fanuc_resources/hook/cmake_prefix_path.ps1'
[0.498s] INFO:colcon.colcon_core.shell:Creating environment descriptor '/home/ivan/Documents/PAS/zadatak1/install/fanuc_resources/share/fanuc_resources/hook/cmake_prefix_path.dsv'
[0.498s] INFO:colcon.colcon_core.shell:Creating environment hook '/home/ivan/Documents/PAS/zadatak1/install/fanuc_resources/share/fanuc_resources/hook/cmake_prefix_path.sh'
[0.499s] Level 1:colcon.colcon_core.environment:checking '/home/ivan/Documents/PAS/zadatak1/install/fanuc_resources/bin'
[0.499s] Level 1:colcon.colcon_core.environment:checking '/home/ivan/Documents/PAS/zadatak1/install/fanuc_resources/lib/pkgconfig/fanuc_resources.pc'
[0.499s] Level 1:colcon.colcon_core.environment:checking '/home/ivan/Documents/PAS/zadatak1/install/fanuc_resources/lib/python3.10/site-packages'
[0.499s] Level 1:colcon.colcon_core.environment:checking '/home/ivan/Documents/PAS/zadatak1/install/fanuc_resources/bin'
[0.499s] INFO:colcon.colcon_core.shell:Creating package script '/home/ivan/Documents/PAS/zadatak1/install/fanuc_resources/share/fanuc_resources/package.ps1'
[0.499s] INFO:colcon.colcon_core.shell:Creating package descriptor '/home/ivan/Documents/PAS/zadatak1/install/fanuc_resources/share/fanuc_resources/package.dsv'
[0.500s] INFO:colcon.colcon_core.shell:Creating package script '/home/ivan/Documents/PAS/zadatak1/install/fanuc_resources/share/fanuc_resources/package.sh'
[0.500s] INFO:colcon.colcon_core.shell:Creating package script '/home/ivan/Documents/PAS/zadatak1/install/fanuc_resources/share/fanuc_resources/package.bash'
[0.500s] INFO:colcon.colcon_core.shell:Creating package script '/home/ivan/Documents/PAS/zadatak1/install/fanuc_resources/share/fanuc_resources/package.zsh'
[0.500s] Level 1:colcon.colcon_core.environment:create_file_with_runtime_dependencies(/home/ivan/Documents/PAS/zadatak1/install/fanuc_resources/share/colcon-core/packages/fanuc_resources)
[0.501s] Level 1:colcon.colcon_core.environment:create_environment_scripts_only(fanuc_resources)
[0.501s] Level 1:colcon.colcon_core.environment:checking '/home/ivan/Documents/PAS/zadatak1/install/fanuc_resources' for CMake module files
[0.501s] Level 1:colcon.colcon_core.environment:checking '/home/ivan/Documents/PAS/zadatak1/install/fanuc_resources' for CMake config files
[0.501s] Level 1:colcon.colcon_core.shell:create_environment_hook('fanuc_resources', 'cmake_prefix_path')
[0.501s] INFO:colcon.colcon_core.shell:Creating environment hook '/home/ivan/Documents/PAS/zadatak1/install/fanuc_resources/share/fanuc_resources/hook/cmake_prefix_path.ps1'
[0.501s] INFO:colcon.colcon_core.shell:Creating environment descriptor '/home/ivan/Documents/PAS/zadatak1/install/fanuc_resources/share/fanuc_resources/hook/cmake_prefix_path.dsv'
[0.502s] INFO:colcon.colcon_core.shell:Creating environment hook '/home/ivan/Documents/PAS/zadatak1/install/fanuc_resources/share/fanuc_resources/hook/cmake_prefix_path.sh'
[0.502s] Level 1:colcon.colcon_core.environment:checking '/home/ivan/Documents/PAS/zadatak1/install/fanuc_resources/bin'
[0.502s] Level 1:colcon.colcon_core.environment:checking '/home/ivan/Documents/PAS/zadatak1/install/fanuc_resources/lib/pkgconfig/fanuc_resources.pc'
[0.502s] Level 1:colcon.colcon_core.environment:checking '/home/ivan/Documents/PAS/zadatak1/install/fanuc_resources/lib/python3.10/site-packages'
[0.503s] Level 1:colcon.colcon_core.environment:checking '/home/ivan/Documents/PAS/zadatak1/install/fanuc_resources/bin'
[0.503s] INFO:colcon.colcon_core.shell:Creating package script '/home/ivan/Documents/PAS/zadatak1/install/fanuc_resources/share/fanuc_resources/package.ps1'
[0.503s] INFO:colcon.colcon_core.shell:Creating package descriptor '/home/ivan/Documents/PAS/zadatak1/install/fanuc_resources/share/fanuc_resources/package.dsv'
[0.503s] INFO:colcon.colcon_core.shell:Creating package script '/home/ivan/Documents/PAS/zadatak1/install/fanuc_resources/share/fanuc_resources/package.sh'
[0.504s] INFO:colcon.colcon_core.shell:Creating package script '/home/ivan/Documents/PAS/zadatak1/install/fanuc_resources/share/fanuc_resources/package.bash'
[0.504s] INFO:colcon.colcon_core.shell:Creating package script '/home/ivan/Documents/PAS/zadatak1/install/fanuc_resources/share/fanuc_resources/package.zsh'
[0.504s] Level 1:colcon.colcon_core.environment:create_file_with_runtime_dependencies(/home/ivan/Documents/PAS/zadatak1/install/fanuc_resources/share/colcon-core/packages/fanuc_resources)
[0.505s] Level 1:colcon.colcon_core.environment:create_environment_scripts_only(robot_visualize)
[0.505s] Level 1:colcon.colcon_core.environment:checking '/home/ivan/Documents/PAS/zadatak1/install/robot_visualize' for CMake module files
[0.505s] Level 1:colcon.colcon_core.environment:checking '/home/ivan/Documents/PAS/zadatak1/install/robot_visualize' for CMake config files
[0.507s] DEBUG:colcon.colcon_core.event_handler.log_command:Invoked command in '/home/ivan/Documents/PAS/zadatak1/build/robot_visualize' returned '0': CMAKE_PREFIX_PATH=${CMAKE_PREFIX_PATH}:/home/ivan/ros2_humble/install/rqt_bag_plugins:/home/ivan/ros2_humble/install/rqt_bag:/home/ivan/ros2_humble/install/launch_testing_examples:/home/ivan/ros2_humble/install/ros2bag:/home/ivan/ros2_humble/install/tracetools_test:/home/ivan/ros2_humble/install/tracetools_launch:/home/ivan/ros2_humble/install/topic_monitor:/home/ivan/ros2_humble/install/tf2_tools:/home/ivan/ros2_humble/install/examples_tf2_py:/home/ivan/ros2_humble/install/tf2_ros_py:/home/ivan/ros2_humble/install/sros2:/home/ivan/ros2_humble/install/rqt_topic:/home/ivan/ros2_humble/install/rqt_srv:/home/ivan/ros2_humble/install/rqt_shell:/home/ivan/ros2_humble/install/rqt_service_caller:/home/ivan/ros2_humble/install/rqt_reconfigure:/home/ivan/ros2_humble/install/rqt_py_console:/home/ivan/ros2_humble/install/rqt_publisher:/home/ivan/ros2_humble/install/rqt_plot:/home/ivan/ros2_humble/install/rqt_action:/home/ivan/ros2_humble/install/rqt_msg:/home/ivan/ros2_humble/install/rqt_console:/home/ivan/ros2_humble/install/rqt:/home/ivan/ros2_humble/install/rqt_graph:/home/ivan/ros2_humble/install/rqt_gui_py:/home/ivan/ros2_humble/install/rqt_gui:/home/ivan/ros2_humble/install/ros2trace:/home/ivan/ros2_humble/install/ros2topic:/home/ivan/ros2_humble/install/ros2test:/home/ivan/ros2_humble/install/ros2component:/home/ivan/ros2_humble/install/ros2param:/home/ivan/ros2_humble/install/ros2lifecycle:/home/ivan/ros2_humble/install/ros2service:/home/ivan/ros2_humble/install/ros2run:/home/ivan/ros2_humble/install/ros2plugin:/home/ivan/ros2_humble/install/ros2launch:/home/ivan/ros2_humble/install/ros2pkg:/home/ivan/ros2_humble/install/ros2node:/home/ivan/ros2_humble/install/ros2multicast:/home/ivan/ros2_humble/install/ros2interface:/home/ivan/ros2_humble/install/ros2doctor:/home/ivan/ros2_humble/install/ros2action:/home/ivan/ros2_humble/install/ros2cli:/home/ivan/ros2_humble/install/quality_of_service_demo_py:/home/ivan/ros2_humble/install/lifecycle_py:/home/ivan/ros2_humble/install/launch_testing_ros:/home/ivan/ros2_humble/install/launch_ros:/home/ivan/ros2_humble/install/examples_rclpy_pointcloud_publisher:/home/ivan/ros2_humble/install/examples_rclpy_minimal_subscriber:/home/ivan/ros2_humble/install/examples_rclpy_minimal_service:/home/ivan/ros2_humble/install/examples_rclpy_minimal_publisher:/home/ivan/ros2_humble/install/examples_rclpy_minimal_client:/home/ivan/ros2_humble/install/examples_rclpy_minimal_action_server:/home/ivan/ros2_humble/install/examples_rclpy_minimal_action_client:/home/ivan/ros2_humble/install/examples_rclpy_guard_conditions:/home/ivan/ros2_humble/install/examples_rclpy_executors:/home/ivan/ros2_humble/install/demo_nodes_py:/home/ivan/ros2_humble/install/camera_info_manager_py:/home/ivan/ros2_humble/install/action_tutorials_py:/home/ivan/ros2_humble/install/ament_uncrustify:/home/ivan/ros2_humble/install/tracetools_trace:/home/ivan/ros2_humble/install/tracetools_read:/home/ivan/ros2_humble/install/test_tracetools_launch:/home/ivan/ros2_humble/install/test_launch_ros:/home/ivan/ros2_humble/install/sensor_msgs_py:/home/ivan/ros2_humble/install/rpyutils:/home/ivan/ros2_humble/install/rosidl_runtime_py:/home/ivan/ros2_humble/install/rosidl_cli:/home/ivan/ros2_humble/install/launch_pytest:/home/ivan/ros2_humble/install/launch_testing:/home/ivan/ros2_humble/install/launch_yaml:/home/ivan/ros2_humble/install/launch_xml:/home/ivan/ros2_humble/install/launch:/home/ivan/ros2_humble/install/osrf_pycommon:/home/ivan/ros2_humble/install/domain_coordinator:/home/ivan/ros2_humble/install/ament_xmllint:/home/ivan/ros2_humble/install/ament_pyflakes:/home/ivan/ros2_humble/install/ament_pycodestyle:/home/ivan/ros2_humble/install/ament_pep257:/home/ivan/ros2_humble/install/ament_pclint:/home/ivan/ros2_humble/install/ament_package:/home/ivan/ros2_humble/install/ament_mypy:/home/ivan/ros2_humble/install/ament_lint_cmake:/home/ivan/ros2_humble/install/ament_flake8:/home/ivan/ros2_humble/install/ament_copyright:/home/ivan/ros2_humble/install/ament_lint:/home/ivan/ros2_humble/install/ament_index_python:/home/ivan/ros2_humble/install/ament_cpplint:/home/ivan/ros2_humble/install/ament_cppcheck:/home/ivan/ros2_humble/install/ament_clang_tidy:/home/ivan/ros2_humble/install/ament_clang_format /usr/bin/cmake --install /home/ivan/Documents/PAS/zadatak1/build/robot_visualize
[0.507s] Level 1:colcon.colcon_core.shell:create_environment_hook('robot_visualize', 'cmake_prefix_path')
[0.507s] INFO:colcon.colcon_core.shell:Creating environment hook '/home/ivan/Documents/PAS/zadatak1/install/robot_visualize/share/robot_visualize/hook/cmake_prefix_path.ps1'
[0.507s] INFO:colcon.colcon_core.shell:Creating environment descriptor '/home/ivan/Documents/PAS/zadatak1/install/robot_visualize/share/robot_visualize/hook/cmake_prefix_path.dsv'
[0.508s] INFO:colcon.colcon_core.shell:Creating environment hook '/home/ivan/Documents/PAS/zadatak1/install/robot_visualize/share/robot_visualize/hook/cmake_prefix_path.sh'
[0.508s] Level 1:colcon.colcon_core.environment:checking '/home/ivan/Documents/PAS/zadatak1/install/robot_visualize/bin'
[0.508s] Level 1:colcon.colcon_core.environment:checking '/home/ivan/Documents/PAS/zadatak1/install/robot_visualize/lib/pkgconfig/robot_visualize.pc'
[0.508s] Level 1:colcon.colcon_core.environment:checking '/home/ivan/Documents/PAS/zadatak1/install/robot_visualize/lib/python3.10/site-packages'
[0.509s] Level 1:colcon.colcon_core.environment:checking '/home/ivan/Documents/PAS/zadatak1/install/robot_visualize/bin'
[0.509s] INFO:colcon.colcon_core.shell:Creating package script '/home/ivan/Documents/PAS/zadatak1/install/robot_visualize/share/robot_visualize/package.ps1'
[0.509s] INFO:colcon.colcon_core.shell:Creating package descriptor '/home/ivan/Documents/PAS/zadatak1/install/robot_visualize/share/robot_visualize/package.dsv'
[0.509s] INFO:colcon.colcon_core.shell:Creating package script '/home/ivan/Documents/PAS/zadatak1/install/robot_visualize/share/robot_visualize/package.sh'
[0.510s] INFO:colcon.colcon_core.shell:Creating package script '/home/ivan/Documents/PAS/zadatak1/install/robot_visualize/share/robot_visualize/package.bash'
[0.510s] INFO:colcon.colcon_core.shell:Creating package script '/home/ivan/Documents/PAS/zadatak1/install/robot_visualize/share/robot_visualize/package.zsh'
[0.510s] Level 1:colcon.colcon_core.environment:create_file_with_runtime_dependencies(/home/ivan/Documents/PAS/zadatak1/install/robot_visualize/share/colcon-core/packages/robot_visualize)
[0.510s] Level 1:colcon.colcon_core.environment:create_environment_scripts_only(robot_visualize)
[0.510s] Level 1:colcon.colcon_core.environment:checking '/home/ivan/Documents/PAS/zadatak1/install/robot_visualize' for CMake module files
[0.511s] Level 1:colcon.colcon_core.environment:checking '/home/ivan/Documents/PAS/zadatak1/install/robot_visualize' for CMake config files
[0.511s] Level 1:colcon.colcon_core.shell:create_environment_hook('robot_visualize', 'cmake_prefix_path')
[0.511s] INFO:colcon.colcon_core.shell:Creating environment hook '/home/ivan/Documents/PAS/zadatak1/install/robot_visualize/share/robot_visualize/hook/cmake_prefix_path.ps1'
[0.511s] INFO:colcon.colcon_core.shell:Creating environment descriptor '/home/ivan/Documents/PAS/zadatak1/install/robot_visualize/share/robot_visualize/hook/cmake_prefix_path.dsv'
[0.511s] INFO:colcon.colcon_core.shell:Creating environment hook '/home/ivan/Documents/PAS/zadatak1/install/robot_visualize/share/robot_visualize/hook/cmake_prefix_path.sh'
[0.512s] Level 1:colcon.colcon_core.environment:checking '/home/ivan/Documents/PAS/zadatak1/install/robot_visualize/bin'
[0.512s] Level 1:colcon.colcon_core.environment:checking '/home/ivan/Documents/PAS/zadatak1/install/robot_visualize/lib/pkgconfig/robot_visualize.pc'
[0.512s] Level 1:colcon.colcon_core.environment:checking '/home/ivan/Documents/PAS/zadatak1/install/robot_visualize/lib/python3.10/site-packages'
[0.512s] Level 1:colcon.colcon_core.environment:checking '/home/ivan/Documents/PAS/zadatak1/install/robot_visualize/bin'
[0.512s] INFO:colcon.colcon_core.shell:Creating package script '/home/ivan/Documents/PAS/zadatak1/install/robot_visualize/share/robot_visualize/package.ps1'
[0.513s] INFO:colcon.colcon_core.shell:Creating package descriptor '/home/ivan/Documents/PAS/zadatak1/install/robot_visualize/share/robot_visualize/package.dsv'
[0.513s] INFO:colcon.colcon_core.shell:Creating package script '/home/ivan/Documents/PAS/zadatak1/install/robot_visualize/share/robot_visualize/package.sh'
[0.513s] INFO:colcon.colcon_core.shell:Creating package script '/home/ivan/Documents/PAS/zadatak1/install/robot_visualize/share/robot_visualize/package.bash'
[0.514s] INFO:colcon.colcon_core.shell:Creating package script '/home/ivan/Documents/PAS/zadatak1/install/robot_visualize/share/robot_visualize/package.zsh'
[0.514s] Level 1:colcon.colcon_core.environment:create_file_with_runtime_dependencies(/home/ivan/Documents/PAS/zadatak1/install/robot_visualize/share/colcon-core/packages/robot_visualize)
[0.514s] DEBUG:colcon.colcon_parallel_executor.executor.parallel:closing loop
[0.514s] DEBUG:colcon.colcon_parallel_executor.executor.parallel:loop closed
[0.514s] DEBUG:colcon.colcon_parallel_executor.executor.parallel:run_until_complete finished with '0'
[0.515s] DEBUG:colcon.colcon_core.event_reactor:joining thread
[0.522s] INFO:colcon.colcon_core.plugin_system:Skipping extension 'colcon_notification.desktop_notification.terminal_notifier': Not used on non-Darwin systems
[0.522s] INFO:colcon.colcon_core.plugin_system:Skipping extension 'colcon_notification.desktop_notification.win32': Not used on non-Windows systems
[0.522s] INFO:colcon.colcon_notification.desktop_notification:Sending desktop notification using 'notify2'
[0.529s] DEBUG:colcon.colcon_core.event_reactor:joined thread
[0.530s] INFO:colcon.colcon_core.shell:Creating prefix script '/home/ivan/Documents/PAS/zadatak1/install/local_setup.ps1'
[0.530s] INFO:colcon.colcon_core.shell:Creating prefix util module '/home/ivan/Documents/PAS/zadatak1/install/_local_setup_util_ps1.py'
[0.531s] INFO:colcon.colcon_core.shell:Creating prefix chain script '/home/ivan/Documents/PAS/zadatak1/install/setup.ps1'
[0.541s] INFO:colcon.colcon_core.shell:Creating prefix script '/home/ivan/Documents/PAS/zadatak1/install/local_setup.sh'
[0.542s] INFO:colcon.colcon_core.shell:Creating prefix util module '/home/ivan/Documents/PAS/zadatak1/install/_local_setup_util_sh.py'
[0.542s] INFO:colcon.colcon_core.shell:Creating prefix chain script '/home/ivan/Documents/PAS/zadatak1/install/setup.sh'
[0.549s] INFO:colcon.colcon_core.shell:Creating prefix script '/home/ivan/Documents/PAS/zadatak1/install/local_setup.bash'
[0.549s] INFO:colcon.colcon_core.shell:Creating prefix chain script '/home/ivan/Documents/PAS/zadatak1/install/setup.bash'
[0.556s] INFO:colcon.colcon_core.shell:Creating prefix script '/home/ivan/Documents/PAS/zadatak1/install/local_setup.zsh'
[0.556s] INFO:colcon.colcon_core.shell:Creating prefix chain script '/home/ivan/Documents/PAS/zadatak1/install/setup.zsh'
