[0.343s] DEBUG:colcon:Command line arguments: ['/usr/bin/colcon', 'build']
[0.344s] DEBUG:colcon:Parsed command line arguments: Namespace(log_base=None, log_level=None, verb_name='build', build_base='build', install_base='install', merge_install=False, symlink_install=False, test_result_base=None, continue_on_error=False, executor='parallel', parallel_workers=16, event_handlers=None, ignore_user_meta=False, metas=['./colcon.meta'], base_paths=['.'], packages_ignore=None, packages_ignore_regex=None, paths=None, packages_up_to=None, packages_up_to_regex=None, packages_above=None, packages_above_and_dependencies=None, packages_above_depth=None, packages_select_by_dep=None, packages_skip_by_dep=None, packages_skip_up_to=None, packages_select_build_failed=False, packages_skip_build_finished=False, packages_select_test_failures=False, packages_skip_test_passed=False, packages_select=None, packages_skip=None, packages_select_regex=None, packages_skip_regex=None, packages_start=None, packages_end=None, allow_overriding=[], cmake_args=None, cmake_target=None, cmake_target_skip_unavailable=False, cmake_clean_cache=False, cmake_clean_first=False, cmake_force_configure=False, ament_cmake_args=None, catkin_cmake_args=None, catkin_skip_building_tests=False, mixin_files=None, mixin=None, verb_parser=<colcon_mixin.mixin.mixin_argument.MixinArgumentDecorator object at 0x7549026fea10>, verb_extension=<colcon_core.verb.build.BuildVerb object at 0x7549028e36a0>, main=<bound method BuildVerb.main of <colcon_core.verb.build.BuildVerb object at 0x7549028e36a0>>, mixin_verb=('build',))
[0.624s] Level 1:colcon.colcon_core.package_discovery:discover_packages(colcon_meta) check parameters
[0.625s] Level 1:colcon.colcon_core.package_discovery:discover_packages(recursive) check parameters
[0.625s] Level 1:colcon.colcon_core.package_discovery:discover_packages(ignore) check parameters
[0.625s] Level 1:colcon.colcon_core.package_discovery:discover_packages(path) check parameters
[0.625s] Level 1:colcon.colcon_core.package_discovery:discover_packages(colcon_meta) discover
[0.625s] Level 1:colcon.colcon_core.package_discovery:discover_packages(recursive) discover
[0.625s] INFO:colcon.colcon_core.package_discovery:Crawling recursively for packages in '/home/ivan/Documents/PAS/zadatak1'
[0.625s] Level 1:colcon.colcon_core.package_identification:_identify(.) by extensions ['ignore', 'ignore_ament_install']
[0.625s] Level 1:colcon.colcon_core.package_identification:_identify(.) by extension 'ignore'
[0.625s] Level 1:colcon.colcon_core.package_identification:_identify(.) by extension 'ignore_ament_install'
[0.626s] Level 1:colcon.colcon_core.package_identification:_identify(.) by extensions ['colcon_pkg']
[0.626s] Level 1:colcon.colcon_core.package_identification:_identify(.) by extension 'colcon_pkg'
[0.626s] Level 1:colcon.colcon_core.package_identification:_identify(.) by extensions ['colcon_meta']
[0.626s] Level 1:colcon.colcon_core.package_identification:_identify(.) by extension 'colcon_meta'
[0.626s] Level 1:colcon.colcon_core.package_identification:_identify(.) by extensions ['ros']
[0.626s] Level 1:colcon.colcon_core.package_identification:_identify(.) by extension 'ros'
[0.642s] Level 1:colcon.colcon_core.package_identification:_identify(.) by extensions ['cmake', 'python']
[0.642s] Level 1:colcon.colcon_core.package_identification:_identify(.) by extension 'cmake'
[0.642s] Level 1:colcon.colcon_core.package_identification:_identify(.) by extension 'python'
[0.642s] Level 1:colcon.colcon_core.package_identification:_identify(.) by extensions ['python_setup_py']
[0.642s] Level 1:colcon.colcon_core.package_identification:_identify(.) by extension 'python_setup_py'
[0.642s] Level 1:colcon.colcon_core.package_identification:_identify(build) by extensions ['ignore', 'ignore_ament_install']
[0.642s] Level 1:colcon.colcon_core.package_identification:_identify(build) by extension 'ignore'
[0.642s] Level 1:colcon.colcon_core.package_identification:_identify(build) ignored
[0.642s] Level 1:colcon.colcon_core.package_identification:_identify(install) by extensions ['ignore', 'ignore_ament_install']
[0.642s] Level 1:colcon.colcon_core.package_identification:_identify(install) by extension 'ignore'
[0.642s] Level 1:colcon.colcon_core.package_identification:_identify(install) ignored
[0.642s] Level 1:colcon.colcon_core.package_identification:_identify(log) by extensions ['ignore', 'ignore_ament_install']
[0.642s] Level 1:colcon.colcon_core.package_identification:_identify(log) by extension 'ignore'
[0.642s] Level 1:colcon.colcon_core.package_identification:_identify(log) ignored
[0.642s] Level 1:colcon.colcon_core.package_identification:_identify(src) by extensions ['ignore', 'ignore_ament_install']
[0.642s] Level 1:colcon.colcon_core.package_identification:_identify(src) by extension 'ignore'
[0.642s] Level 1:colcon.colcon_core.package_identification:_identify(src) by extension 'ignore_ament_install'
[0.642s] Level 1:colcon.colcon_core.package_identification:_identify(src) by extensions ['colcon_pkg']
[0.642s] Level 1:colcon.colcon_core.package_identification:_identify(src) by extension 'colcon_pkg'
[0.642s] Level 1:colcon.colcon_core.package_identification:_identify(src) by extensions ['colcon_meta']
[0.643s] Level 1:colcon.colcon_core.package_identification:_identify(src) by extension 'colcon_meta'
[0.643s] Level 1:colcon.colcon_core.package_identification:_identify(src) by extensions ['ros']
[0.643s] Level 1:colcon.colcon_core.package_identification:_identify(src) by extension 'ros'
[0.643s] Level 1:colcon.colcon_core.package_identification:_identify(src) by extensions ['cmake', 'python']
[0.643s] Level 1:colcon.colcon_core.package_identification:_identify(src) by extension 'cmake'
[0.643s] Level 1:colcon.colcon_core.package_identification:_identify(src) by extension 'python'
[0.643s] Level 1:colcon.colcon_core.package_identification:_identify(src) by extensions ['python_setup_py']
[0.643s] Level 1:colcon.colcon_core.package_identification:_identify(src) by extension 'python_setup_py'
[0.643s] Level 1:colcon.colcon_core.package_identification:_identify(src/fanuc_m710ic_support) by extensions ['ignore', 'ignore_ament_install']
[0.643s] Level 1:colcon.colcon_core.package_identification:_identify(src/fanuc_m710ic_support) by extension 'ignore'
[0.643s] Level 1:colcon.colcon_core.package_identification:_identify(src/fanuc_m710ic_support) by extension 'ignore_ament_install'
[0.643s] Level 1:colcon.colcon_core.package_identification:_identify(src/fanuc_m710ic_support) by extensions ['colcon_pkg']
[0.643s] Level 1:colcon.colcon_core.package_identification:_identify(src/fanuc_m710ic_support) by extension 'colcon_pkg'
[0.643s] Level 1:colcon.colcon_core.package_identification:_identify(src/fanuc_m710ic_support) by extensions ['colcon_meta']
[0.643s] Level 1:colcon.colcon_core.package_identification:_identify(src/fanuc_m710ic_support) by extension 'colcon_meta'
[0.643s] Level 1:colcon.colcon_core.package_identification:_identify(src/fanuc_m710ic_support) by extensions ['ros']
[0.643s] Level 1:colcon.colcon_core.package_identification:_identify(src/fanuc_m710ic_support) by extension 'ros'
[0.645s] DEBUG:colcon.colcon_core.package_identification:Package 'src/fanuc_m710ic_support' with type 'ros.ament_cmake' and name 'fanuc_m710ic_support'
[0.645s] Level 1:colcon.colcon_core.package_identification:_identify(src/fanuc_resources) by extensions ['ignore', 'ignore_ament_install']
[0.645s] Level 1:colcon.colcon_core.package_identification:_identify(src/fanuc_resources) by extension 'ignore'
[0.645s] Level 1:colcon.colcon_core.package_identification:_identify(src/fanuc_resources) by extension 'ignore_ament_install'
[0.645s] Level 1:colcon.colcon_core.package_identification:_identify(src/fanuc_resources) by extensions ['colcon_pkg']
[0.645s] Level 1:colcon.colcon_core.package_identification:_identify(src/fanuc_resources) by extension 'colcon_pkg'
[0.645s] Level 1:colcon.colcon_core.package_identification:_identify(src/fanuc_resources) by extensions ['colcon_meta']
[0.645s] Level 1:colcon.colcon_core.package_identification:_identify(src/fanuc_resources) by extension 'colcon_meta'
[0.645s] Level 1:colcon.colcon_core.package_identification:_identify(src/fanuc_resources) by extensions ['ros']
[0.645s] Level 1:colcon.colcon_core.package_identification:_identify(src/fanuc_resources) by extension 'ros'
[0.646s] DEBUG:colcon.colcon_core.package_identification:Package 'src/fanuc_resources' with type 'ros.ament_cmake' and name 'fanuc_resources'
[0.646s] Level 1:colcon.colcon_core.package_identification:_identify(src/robot_visualize) by extensions ['ignore', 'ignore_ament_install']
[0.646s] Level 1:colcon.colcon_core.package_identification:_identify(src/robot_visualize) by extension 'ignore'
[0.646s] Level 1:colcon.colcon_core.package_identification:_identify(src/robot_visualize) by extension 'ignore_ament_install'
[0.646s] Level 1:colcon.colcon_core.package_identification:_identify(src/robot_visualize) by extensions ['colcon_pkg']
[0.646s] Level 1:colcon.colcon_core.package_identification:_identify(src/robot_visualize) by extension 'colcon_pkg'
[0.646s] Level 1:colcon.colcon_core.package_identification:_identify(src/robot_visualize) by extensions ['colcon_meta']
[0.646s] Level 1:colcon.colcon_core.package_identification:_identify(src/robot_visualize) by extension 'colcon_meta'
[0.646s] Level 1:colcon.colcon_core.package_identification:_identify(src/robot_visualize) by extensions ['ros']
[0.646s] Level 1:colcon.colcon_core.package_identification:_identify(src/robot_visualize) by extension 'ros'
[0.646s] DEBUG:colcon.colcon_core.package_identification:Package 'src/robot_visualize' with type 'ros.ament_cmake' and name 'robot_visualize'
[0.646s] Level 1:colcon.colcon_core.package_discovery:discover_packages(recursive) using defaults
[0.647s] Level 1:colcon.colcon_core.package_discovery:discover_packages(ignore) discover
[0.647s] Level 1:colcon.colcon_core.package_discovery:discover_packages(ignore) using defaults
[0.647s] Level 1:colcon.colcon_core.package_discovery:discover_packages(path) discover
[0.647s] Level 1:colcon.colcon_core.package_discovery:discover_packages(path) using defaults
[0.678s] Level 1:colcon.colcon_core.package_discovery:discover_packages(prefix_path) check parameters
[0.678s] Level 1:colcon.colcon_core.package_discovery:discover_packages(prefix_path) discover
[0.681s] DEBUG:colcon.colcon_installed_package_information.package_discovery:Found 326 installed packages in /opt/ros/humble
[0.682s] Level 1:colcon.colcon_core.package_discovery:discover_packages(prefix_path) using defaults
[0.707s] Level 5:colcon.colcon_core.verb:set package 'fanuc_m710ic_support' build argument 'cmake_args' from command line to 'None'
[0.707s] Level 5:colcon.colcon_core.verb:set package 'fanuc_m710ic_support' build argument 'cmake_target' from command line to 'None'
[0.707s] Level 5:colcon.colcon_core.verb:set package 'fanuc_m710ic_support' build argument 'cmake_target_skip_unavailable' from command line to 'False'
[0.707s] Level 5:colcon.colcon_core.verb:set package 'fanuc_m710ic_support' build argument 'cmake_clean_cache' from command line to 'False'
[0.707s] Level 5:colcon.colcon_core.verb:set package 'fanuc_m710ic_support' build argument 'cmake_clean_first' from command line to 'False'
[0.707s] Level 5:colcon.colcon_core.verb:set package 'fanuc_m710ic_support' build argument 'cmake_force_configure' from command line to 'False'
[0.707s] Level 5:colcon.colcon_core.verb:set package 'fanuc_m710ic_support' build argument 'ament_cmake_args' from command line to 'None'
[0.707s] Level 5:colcon.colcon_core.verb:set package 'fanuc_m710ic_support' build argument 'catkin_cmake_args' from command line to 'None'
[0.707s] Level 5:colcon.colcon_core.verb:set package 'fanuc_m710ic_support' build argument 'catkin_skip_building_tests' from command line to 'False'
[0.707s] DEBUG:colcon.colcon_core.verb:Building package 'fanuc_m710ic_support' with the following arguments: {'ament_cmake_args': None, 'build_base': '/home/ivan/Documents/PAS/zadatak1/build/fanuc_m710ic_support', 'catkin_cmake_args': None, 'catkin_skip_building_tests': False, 'cmake_args': None, 'cmake_clean_cache': False, 'cmake_clean_first': False, 'cmake_force_configure': False, 'cmake_target': None, 'cmake_target_skip_unavailable': False, 'install_base': '/home/ivan/Documents/PAS/zadatak1/install/fanuc_m710ic_support', 'merge_install': False, 'path': '/home/ivan/Documents/PAS/zadatak1/src/fanuc_m710ic_support', 'symlink_install': False, 'test_result_base': None}
[0.708s] Level 5:colcon.colcon_core.verb:set package 'fanuc_resources' build argument 'cmake_args' from command line to 'None'
[0.708s] Level 5:colcon.colcon_core.verb:set package 'fanuc_resources' build argument 'cmake_target' from command line to 'None'
[0.708s] Level 5:colcon.colcon_core.verb:set package 'fanuc_resources' build argument 'cmake_target_skip_unavailable' from command line to 'False'
[0.708s] Level 5:colcon.colcon_core.verb:set package 'fanuc_resources' build argument 'cmake_clean_cache' from command line to 'False'
[0.708s] Level 5:colcon.colcon_core.verb:set package 'fanuc_resources' build argument 'cmake_clean_first' from command line to 'False'
[0.708s] Level 5:colcon.colcon_core.verb:set package 'fanuc_resources' build argument 'cmake_force_configure' from command line to 'False'
[0.708s] Level 5:colcon.colcon_core.verb:set package 'fanuc_resources' build argument 'ament_cmake_args' from command line to 'None'
[0.708s] Level 5:colcon.colcon_core.verb:set package 'fanuc_resources' build argument 'catkin_cmake_args' from command line to 'None'
[0.708s] Level 5:colcon.colcon_core.verb:set package 'fanuc_resources' build argument 'catkin_skip_building_tests' from command line to 'False'
[0.708s] DEBUG:colcon.colcon_core.verb:Building package 'fanuc_resources' with the following arguments: {'ament_cmake_args': None, 'build_base': '/home/ivan/Documents/PAS/zadatak1/build/fanuc_resources', 'catkin_cmake_args': None, 'catkin_skip_building_tests': False, 'cmake_args': None, 'cmake_clean_cache': False, 'cmake_clean_first': False, 'cmake_force_configure': False, 'cmake_target': None, 'cmake_target_skip_unavailable': False, 'install_base': '/home/ivan/Documents/PAS/zadatak1/install/fanuc_resources', 'merge_install': False, 'path': '/home/ivan/Documents/PAS/zadatak1/src/fanuc_resources', 'symlink_install': False, 'test_result_base': None}
[0.708s] Level 5:colcon.colcon_core.verb:set package 'robot_visualize' build argument 'cmake_args' from command line to 'None'
[0.708s] Level 5:colcon.colcon_core.verb:set package 'robot_visualize' build argument 'cmake_target' from command line to 'None'
[0.708s] Level 5:colcon.colcon_core.verb:set package 'robot_visualize' build argument 'cmake_target_skip_unavailable' from command line to 'False'
[0.708s] Level 5:colcon.colcon_core.verb:set package 'robot_visualize' build argument 'cmake_clean_cache' from command line to 'False'
[0.708s] Level 5:colcon.colcon_core.verb:set package 'robot_visualize' build argument 'cmake_clean_first' from command line to 'False'
[0.708s] Level 5:colcon.colcon_core.verb:set package 'robot_visualize' build argument 'cmake_force_configure' from command line to 'False'
[0.708s] Level 5:colcon.colcon_core.verb:set package 'robot_visualize' build argument 'ament_cmake_args' from command line to 'None'
[0.708s] Level 5:colcon.colcon_core.verb:set package 'robot_visualize' build argument 'catkin_cmake_args' from command line to 'None'
[0.708s] Level 5:colcon.colcon_core.verb:set package 'robot_visualize' build argument 'catkin_skip_building_tests' from command line to 'False'
[0.708s] DEBUG:colcon.colcon_core.verb:Building package 'robot_visualize' with the following arguments: {'ament_cmake_args': None, 'build_base': '/home/ivan/Documents/PAS/zadatak1/build/robot_visualize', 'catkin_cmake_args': None, 'catkin_skip_building_tests': False, 'cmake_args': None, 'cmake_clean_cache': False, 'cmake_clean_first': False, 'cmake_force_configure': False, 'cmake_target': None, 'cmake_target_skip_unavailable': False, 'install_base': '/home/ivan/Documents/PAS/zadatak1/install/robot_visualize', 'merge_install': False, 'path': '/home/ivan/Documents/PAS/zadatak1/src/robot_visualize', 'symlink_install': False, 'test_result_base': None}
[0.708s] INFO:colcon.colcon_core.executor:Executing jobs using 'parallel' executor
[0.709s] DEBUG:colcon.colcon_parallel_executor.executor.parallel:run_until_complete
[0.709s] INFO:colcon.colcon_ros.task.ament_cmake.build:Building ROS package in '/home/ivan/Documents/PAS/zadatak1/src/fanuc_m710ic_support' with build type 'ament_cmake'
[0.709s] INFO:colcon.colcon_cmake.task.cmake.build:Building CMake package in '/home/ivan/Documents/PAS/zadatak1/src/fanuc_m710ic_support'
[0.714s] INFO:colcon.colcon_core.plugin_system:Skipping extension 'colcon_core.shell.bat': Not used on non-Windows systems
[0.714s] INFO:colcon.colcon_core.shell:Skip shell extension 'powershell' for command environment: Not usable outside of PowerShell
[0.714s] DEBUG:colcon.colcon_core.shell:Skip shell extension 'dsv' for command environment
[0.716s] INFO:colcon.colcon_ros.task.ament_cmake.build:Building ROS package in '/home/ivan/Documents/PAS/zadatak1/src/fanuc_resources' with build type 'ament_cmake'
[0.717s] INFO:colcon.colcon_cmake.task.cmake.build:Building CMake package in '/home/ivan/Documents/PAS/zadatak1/src/fanuc_resources'
[0.717s] INFO:colcon.colcon_core.shell:Skip shell extension 'powershell' for command environment: Not usable outside of PowerShell
[0.717s] DEBUG:colcon.colcon_core.shell:Skip shell extension 'dsv' for command environment
[0.718s] INFO:colcon.colcon_ros.task.ament_cmake.build:Building ROS package in '/home/ivan/Documents/PAS/zadatak1/src/robot_visualize' with build type 'ament_cmake'
[0.718s] INFO:colcon.colcon_cmake.task.cmake.build:Building CMake package in '/home/ivan/Documents/PAS/zadatak1/src/robot_visualize'
[0.718s] INFO:colcon.colcon_core.shell:Skip shell extension 'powershell' for command environment: Not usable outside of PowerShell
[0.718s] DEBUG:colcon.colcon_core.shell:Skip shell extension 'dsv' for command environment
[0.722s] DEBUG:colcon.colcon_core.event_handler.log_command:Invoking command in '/home/ivan/Documents/PAS/zadatak1/build/fanuc_m710ic_support': CMAKE_PREFIX_PATH=/opt/ros/humble /usr/bin/cmake --build /home/ivan/Documents/PAS/zadatak1/build/fanuc_m710ic_support -- -j16 -l16
[0.727s] DEBUG:colcon.colcon_core.event_handler.log_command:Invoking command in '/home/ivan/Documents/PAS/zadatak1/build/fanuc_resources': CMAKE_PREFIX_PATH=/opt/ros/humble /usr/bin/cmake --build /home/ivan/Documents/PAS/zadatak1/build/fanuc_resources -- -j16 -l16
[0.728s] DEBUG:colcon.colcon_core.event_handler.log_command:Invoking command in '/home/ivan/Documents/PAS/zadatak1/build/robot_visualize': CMAKE_PREFIX_PATH=/opt/ros/humble /usr/bin/cmake --build /home/ivan/Documents/PAS/zadatak1/build/robot_visualize -- -j16 -l16
[0.886s] DEBUG:colcon.colcon_core.event_handler.log_command:Invoked command in '/home/ivan/Documents/PAS/zadatak1/build/fanuc_m710ic_support' returned '0': CMAKE_PREFIX_PATH=/opt/ros/humble /usr/bin/cmake --build /home/ivan/Documents/PAS/zadatak1/build/fanuc_m710ic_support -- -j16 -l16
[0.898s] DEBUG:colcon.colcon_core.event_handler.log_command:Invoking command in '/home/ivan/Documents/PAS/zadatak1/build/fanuc_m710ic_support': CMAKE_PREFIX_PATH=/opt/ros/humble /usr/bin/cmake --install /home/ivan/Documents/PAS/zadatak1/build/fanuc_m710ic_support
[0.899s] DEBUG:colcon.colcon_core.event_handler.log_command:Invoked command in '/home/ivan/Documents/PAS/zadatak1/build/robot_visualize' returned '0': CMAKE_PREFIX_PATH=/opt/ros/humble /usr/bin/cmake --build /home/ivan/Documents/PAS/zadatak1/build/robot_visualize -- -j16 -l16
[0.900s] DEBUG:colcon.colcon_core.event_handler.log_command:Invoking command in '/home/ivan/Documents/PAS/zadatak1/build/robot_visualize': CMAKE_PREFIX_PATH=/opt/ros/humble /usr/bin/cmake --install /home/ivan/Documents/PAS/zadatak1/build/robot_visualize
[0.901s] DEBUG:colcon.colcon_core.event_handler.log_command:Invoked command in '/home/ivan/Documents/PAS/zadatak1/build/fanuc_resources' returned '0': CMAKE_PREFIX_PATH=/opt/ros/humble /usr/bin/cmake --build /home/ivan/Documents/PAS/zadatak1/build/fanuc_resources -- -j16 -l16
[0.902s] DEBUG:colcon.colcon_core.event_handler.log_command:Invoking command in '/home/ivan/Documents/PAS/zadatak1/build/fanuc_resources': CMAKE_PREFIX_PATH=/opt/ros/humble /usr/bin/cmake --install /home/ivan/Documents/PAS/zadatak1/build/fanuc_resources
[0.909s] Level 1:colcon.colcon_core.environment:create_environment_scripts_only(fanuc_m710ic_support)
[0.909s] DEBUG:colcon.colcon_core.event_handler.log_command:Invoked command in '/home/ivan/Documents/PAS/zadatak1/build/fanuc_m710ic_support' returned '0': CMAKE_PREFIX_PATH=/opt/ros/humble /usr/bin/cmake --install /home/ivan/Documents/PAS/zadatak1/build/fanuc_m710ic_support
[0.919s] Level 1:colcon.colcon_core.environment:checking '/home/ivan/Documents/PAS/zadatak1/install/fanuc_m710ic_support' for CMake module files
[0.920s] Level 1:colcon.colcon_core.environment:checking '/home/ivan/Documents/PAS/zadatak1/install/fanuc_m710ic_support' for CMake config files
[0.920s] Level 1:colcon.colcon_core.shell:create_environment_hook('fanuc_m710ic_support', 'cmake_prefix_path')
[0.920s] INFO:colcon.colcon_core.shell:Creating environment hook '/home/ivan/Documents/PAS/zadatak1/install/fanuc_m710ic_support/share/fanuc_m710ic_support/hook/cmake_prefix_path.ps1'
[0.921s] INFO:colcon.colcon_core.shell:Creating environment descriptor '/home/ivan/Documents/PAS/zadatak1/install/fanuc_m710ic_support/share/fanuc_m710ic_support/hook/cmake_prefix_path.dsv'
[0.922s] INFO:colcon.colcon_core.shell:Creating environment hook '/home/ivan/Documents/PAS/zadatak1/install/fanuc_m710ic_support/share/fanuc_m710ic_support/hook/cmake_prefix_path.sh'
[0.924s] Level 1:colcon.colcon_core.environment:checking '/home/ivan/Documents/PAS/zadatak1/install/fanuc_m710ic_support/bin'
[0.924s] Level 1:colcon.colcon_core.environment:checking '/home/ivan/Documents/PAS/zadatak1/install/fanuc_m710ic_support/lib/pkgconfig/fanuc_m710ic_support.pc'
[0.924s] Level 1:colcon.colcon_core.environment:checking '/home/ivan/Documents/PAS/zadatak1/install/fanuc_m710ic_support/lib/python3.10/site-packages'
[0.924s] Level 1:colcon.colcon_core.environment:checking '/home/ivan/Documents/PAS/zadatak1/install/fanuc_m710ic_support/bin'
[0.925s] INFO:colcon.colcon_core.shell:Creating package script '/home/ivan/Documents/PAS/zadatak1/install/fanuc_m710ic_support/share/fanuc_m710ic_support/package.ps1'
[0.926s] INFO:colcon.colcon_core.shell:Creating package descriptor '/home/ivan/Documents/PAS/zadatak1/install/fanuc_m710ic_support/share/fanuc_m710ic_support/package.dsv'
[0.927s] INFO:colcon.colcon_core.shell:Creating package script '/home/ivan/Documents/PAS/zadatak1/install/fanuc_m710ic_support/share/fanuc_m710ic_support/package.sh'
[0.928s] INFO:colcon.colcon_core.shell:Creating package script '/home/ivan/Documents/PAS/zadatak1/install/fanuc_m710ic_support/share/fanuc_m710ic_support/package.bash'
[0.929s] INFO:colcon.colcon_core.shell:Creating package script '/home/ivan/Documents/PAS/zadatak1/install/fanuc_m710ic_support/share/fanuc_m710ic_support/package.zsh'
[0.930s] Level 1:colcon.colcon_core.environment:create_file_with_runtime_dependencies(/home/ivan/Documents/PAS/zadatak1/install/fanuc_m710ic_support/share/colcon-core/packages/fanuc_m710ic_support)
[0.931s] Level 1:colcon.colcon_core.environment:create_environment_scripts_only(fanuc_m710ic_support)
[0.931s] Level 1:colcon.colcon_core.environment:checking '/home/ivan/Documents/PAS/zadatak1/install/fanuc_m710ic_support' for CMake module files
[0.932s] Level 1:colcon.colcon_core.environment:checking '/home/ivan/Documents/PAS/zadatak1/install/fanuc_m710ic_support' for CMake config files
[0.932s] Level 1:colcon.colcon_core.shell:create_environment_hook('fanuc_m710ic_support', 'cmake_prefix_path')
[0.932s] INFO:colcon.colcon_core.shell:Creating environment hook '/home/ivan/Documents/PAS/zadatak1/install/fanuc_m710ic_support/share/fanuc_m710ic_support/hook/cmake_prefix_path.ps1'
[0.932s] INFO:colcon.colcon_core.shell:Creating environment descriptor '/home/ivan/Documents/PAS/zadatak1/install/fanuc_m710ic_support/share/fanuc_m710ic_support/hook/cmake_prefix_path.dsv'
[0.933s] INFO:colcon.colcon_core.shell:Creating environment hook '/home/ivan/Documents/PAS/zadatak1/install/fanuc_m710ic_support/share/fanuc_m710ic_support/hook/cmake_prefix_path.sh'
[0.933s] Level 1:colcon.colcon_core.environment:checking '/home/ivan/Documents/PAS/zadatak1/install/fanuc_m710ic_support/bin'
[0.933s] Level 1:colcon.colcon_core.environment:checking '/home/ivan/Documents/PAS/zadatak1/install/fanuc_m710ic_support/lib/pkgconfig/fanuc_m710ic_support.pc'
[0.933s] Level 1:colcon.colcon_core.environment:checking '/home/ivan/Documents/PAS/zadatak1/install/fanuc_m710ic_support/lib/python3.10/site-packages'
[0.934s] Level 1:colcon.colcon_core.environment:checking '/home/ivan/Documents/PAS/zadatak1/install/fanuc_m710ic_support/bin'
[0.934s] INFO:colcon.colcon_core.shell:Creating package script '/home/ivan/Documents/PAS/zadatak1/install/fanuc_m710ic_support/share/fanuc_m710ic_support/package.ps1'
[0.934s] INFO:colcon.colcon_core.shell:Creating package descriptor '/home/ivan/Documents/PAS/zadatak1/install/fanuc_m710ic_support/share/fanuc_m710ic_support/package.dsv'
[0.935s] INFO:colcon.colcon_core.shell:Creating package script '/home/ivan/Documents/PAS/zadatak1/install/fanuc_m710ic_support/share/fanuc_m710ic_support/package.sh'
[0.935s] INFO:colcon.colcon_core.shell:Creating package script '/home/ivan/Documents/PAS/zadatak1/install/fanuc_m710ic_support/share/fanuc_m710ic_support/package.bash'
[0.935s] INFO:colcon.colcon_core.shell:Creating package script '/home/ivan/Documents/PAS/zadatak1/install/fanuc_m710ic_support/share/fanuc_m710ic_support/package.zsh'
[0.935s] Level 1:colcon.colcon_core.environment:create_file_with_runtime_dependencies(/home/ivan/Documents/PAS/zadatak1/install/fanuc_m710ic_support/share/colcon-core/packages/fanuc_m710ic_support)
[0.936s] Level 1:colcon.colcon_core.environment:create_environment_scripts_only(fanuc_resources)
[0.936s] Level 1:colcon.colcon_core.environment:checking '/home/ivan/Documents/PAS/zadatak1/install/fanuc_resources' for CMake module files
[0.937s] DEBUG:colcon.colcon_core.event_handler.log_command:Invoked command in '/home/ivan/Documents/PAS/zadatak1/build/fanuc_resources' returned '0': CMAKE_PREFIX_PATH=/opt/ros/humble /usr/bin/cmake --install /home/ivan/Documents/PAS/zadatak1/build/fanuc_resources
[0.937s] Level 1:colcon.colcon_core.environment:checking '/home/ivan/Documents/PAS/zadatak1/install/fanuc_resources' for CMake config files
[0.937s] Level 1:colcon.colcon_core.shell:create_environment_hook('fanuc_resources', 'cmake_prefix_path')
[0.937s] INFO:colcon.colcon_core.shell:Creating environment hook '/home/ivan/Documents/PAS/zadatak1/install/fanuc_resources/share/fanuc_resources/hook/cmake_prefix_path.ps1'
[0.938s] INFO:colcon.colcon_core.shell:Creating environment descriptor '/home/ivan/Documents/PAS/zadatak1/install/fanuc_resources/share/fanuc_resources/hook/cmake_prefix_path.dsv'
[0.938s] INFO:colcon.colcon_core.shell:Creating environment hook '/home/ivan/Documents/PAS/zadatak1/install/fanuc_resources/share/fanuc_resources/hook/cmake_prefix_path.sh'
[0.938s] Level 1:colcon.colcon_core.environment:checking '/home/ivan/Documents/PAS/zadatak1/install/fanuc_resources/bin'
[0.938s] Level 1:colcon.colcon_core.environment:checking '/home/ivan/Documents/PAS/zadatak1/install/fanuc_resources/lib/pkgconfig/fanuc_resources.pc'
[0.938s] Level 1:colcon.colcon_core.environment:checking '/home/ivan/Documents/PAS/zadatak1/install/fanuc_resources/lib/python3.10/site-packages'
[0.939s] Level 1:colcon.colcon_core.environment:checking '/home/ivan/Documents/PAS/zadatak1/install/fanuc_resources/bin'
[0.939s] INFO:colcon.colcon_core.shell:Creating package script '/home/ivan/Documents/PAS/zadatak1/install/fanuc_resources/share/fanuc_resources/package.ps1'
[0.939s] INFO:colcon.colcon_core.shell:Creating package descriptor '/home/ivan/Documents/PAS/zadatak1/install/fanuc_resources/share/fanuc_resources/package.dsv'
[0.939s] INFO:colcon.colcon_core.shell:Creating package script '/home/ivan/Documents/PAS/zadatak1/install/fanuc_resources/share/fanuc_resources/package.sh'
[0.939s] INFO:colcon.colcon_core.shell:Creating package script '/home/ivan/Documents/PAS/zadatak1/install/fanuc_resources/share/fanuc_resources/package.bash'
[0.940s] INFO:colcon.colcon_core.shell:Creating package script '/home/ivan/Documents/PAS/zadatak1/install/fanuc_resources/share/fanuc_resources/package.zsh'
[0.940s] Level 1:colcon.colcon_core.environment:create_file_with_runtime_dependencies(/home/ivan/Documents/PAS/zadatak1/install/fanuc_resources/share/colcon-core/packages/fanuc_resources)
[0.940s] Level 1:colcon.colcon_core.environment:create_environment_scripts_only(fanuc_resources)
[0.940s] Level 1:colcon.colcon_core.environment:checking '/home/ivan/Documents/PAS/zadatak1/install/fanuc_resources' for CMake module files
[0.940s] Level 1:colcon.colcon_core.environment:checking '/home/ivan/Documents/PAS/zadatak1/install/fanuc_resources' for CMake config files
[0.940s] Level 1:colcon.colcon_core.shell:create_environment_hook('fanuc_resources', 'cmake_prefix_path')
[0.941s] INFO:colcon.colcon_core.shell:Creating environment hook '/home/ivan/Documents/PAS/zadatak1/install/fanuc_resources/share/fanuc_resources/hook/cmake_prefix_path.ps1'
[0.941s] INFO:colcon.colcon_core.shell:Creating environment descriptor '/home/ivan/Documents/PAS/zadatak1/install/fanuc_resources/share/fanuc_resources/hook/cmake_prefix_path.dsv'
[0.941s] INFO:colcon.colcon_core.shell:Creating environment hook '/home/ivan/Documents/PAS/zadatak1/install/fanuc_resources/share/fanuc_resources/hook/cmake_prefix_path.sh'
[0.941s] Level 1:colcon.colcon_core.environment:checking '/home/ivan/Documents/PAS/zadatak1/install/fanuc_resources/bin'
[0.941s] Level 1:colcon.colcon_core.environment:checking '/home/ivan/Documents/PAS/zadatak1/install/fanuc_resources/lib/pkgconfig/fanuc_resources.pc'
[0.941s] Level 1:colcon.colcon_core.environment:checking '/home/ivan/Documents/PAS/zadatak1/install/fanuc_resources/lib/python3.10/site-packages'
[0.942s] Level 1:colcon.colcon_core.environment:checking '/home/ivan/Documents/PAS/zadatak1/install/fanuc_resources/bin'
[0.942s] INFO:colcon.colcon_core.shell:Creating package script '/home/ivan/Documents/PAS/zadatak1/install/fanuc_resources/share/fanuc_resources/package.ps1'
[0.942s] INFO:colcon.colcon_core.shell:Creating package descriptor '/home/ivan/Documents/PAS/zadatak1/install/fanuc_resources/share/fanuc_resources/package.dsv'
[0.942s] INFO:colcon.colcon_core.shell:Creating package script '/home/ivan/Documents/PAS/zadatak1/install/fanuc_resources/share/fanuc_resources/package.sh'
[0.943s] INFO:colcon.colcon_core.shell:Creating package script '/home/ivan/Documents/PAS/zadatak1/install/fanuc_resources/share/fanuc_resources/package.bash'
[0.943s] INFO:colcon.colcon_core.shell:Creating package script '/home/ivan/Documents/PAS/zadatak1/install/fanuc_resources/share/fanuc_resources/package.zsh'
[0.943s] Level 1:colcon.colcon_core.environment:create_file_with_runtime_dependencies(/home/ivan/Documents/PAS/zadatak1/install/fanuc_resources/share/colcon-core/packages/fanuc_resources)
[0.943s] Level 1:colcon.colcon_core.environment:create_environment_scripts_only(robot_visualize)
[0.943s] Level 1:colcon.colcon_core.environment:checking '/home/ivan/Documents/PAS/zadatak1/install/robot_visualize' for CMake module files
[0.944s] Level 1:colcon.colcon_core.environment:checking '/home/ivan/Documents/PAS/zadatak1/install/robot_visualize' for CMake config files
[0.944s] DEBUG:colcon.colcon_core.event_handler.log_command:Invoked command in '/home/ivan/Documents/PAS/zadatak1/build/robot_visualize' returned '0': CMAKE_PREFIX_PATH=/opt/ros/humble /usr/bin/cmake --install /home/ivan/Documents/PAS/zadatak1/build/robot_visualize
[0.944s] Level 1:colcon.colcon_core.shell:create_environment_hook('robot_visualize', 'cmake_prefix_path')
[0.945s] INFO:colcon.colcon_core.shell:Creating environment hook '/home/ivan/Documents/PAS/zadatak1/install/robot_visualize/share/robot_visualize/hook/cmake_prefix_path.ps1'
[0.945s] INFO:colcon.colcon_core.shell:Creating environment descriptor '/home/ivan/Documents/PAS/zadatak1/install/robot_visualize/share/robot_visualize/hook/cmake_prefix_path.dsv'
[0.945s] INFO:colcon.colcon_core.shell:Creating environment hook '/home/ivan/Documents/PAS/zadatak1/install/robot_visualize/share/robot_visualize/hook/cmake_prefix_path.sh'
[0.945s] Level 1:colcon.colcon_core.environment:checking '/home/ivan/Documents/PAS/zadatak1/install/robot_visualize/bin'
[0.945s] Level 1:colcon.colcon_core.environment:checking '/home/ivan/Documents/PAS/zadatak1/install/robot_visualize/lib/pkgconfig/robot_visualize.pc'
[0.945s] Level 1:colcon.colcon_core.environment:checking '/home/ivan/Documents/PAS/zadatak1/install/robot_visualize/lib/python3.10/site-packages'
[0.946s] Level 1:colcon.colcon_core.environment:checking '/home/ivan/Documents/PAS/zadatak1/install/robot_visualize/bin'
[0.946s] INFO:colcon.colcon_core.shell:Creating package script '/home/ivan/Documents/PAS/zadatak1/install/robot_visualize/share/robot_visualize/package.ps1'
[0.946s] INFO:colcon.colcon_core.shell:Creating package descriptor '/home/ivan/Documents/PAS/zadatak1/install/robot_visualize/share/robot_visualize/package.dsv'
[0.946s] INFO:colcon.colcon_core.shell:Creating package script '/home/ivan/Documents/PAS/zadatak1/install/robot_visualize/share/robot_visualize/package.sh'
[0.947s] INFO:colcon.colcon_core.shell:Creating package script '/home/ivan/Documents/PAS/zadatak1/install/robot_visualize/share/robot_visualize/package.bash'
[0.947s] INFO:colcon.colcon_core.shell:Creating package script '/home/ivan/Documents/PAS/zadatak1/install/robot_visualize/share/robot_visualize/package.zsh'
[0.947s] Level 1:colcon.colcon_core.environment:create_file_with_runtime_dependencies(/home/ivan/Documents/PAS/zadatak1/install/robot_visualize/share/colcon-core/packages/robot_visualize)
[0.947s] Level 1:colcon.colcon_core.environment:create_environment_scripts_only(robot_visualize)
[0.947s] Level 1:colcon.colcon_core.environment:checking '/home/ivan/Documents/PAS/zadatak1/install/robot_visualize' for CMake module files
[0.947s] Level 1:colcon.colcon_core.environment:checking '/home/ivan/Documents/PAS/zadatak1/install/robot_visualize' for CMake config files
[0.948s] Level 1:colcon.colcon_core.shell:create_environment_hook('robot_visualize', 'cmake_prefix_path')
[0.948s] INFO:colcon.colcon_core.shell:Creating environment hook '/home/ivan/Documents/PAS/zadatak1/install/robot_visualize/share/robot_visualize/hook/cmake_prefix_path.ps1'
[0.948s] INFO:colcon.colcon_core.shell:Creating environment descriptor '/home/ivan/Documents/PAS/zadatak1/install/robot_visualize/share/robot_visualize/hook/cmake_prefix_path.dsv'
[0.948s] INFO:colcon.colcon_core.shell:Creating environment hook '/home/ivan/Documents/PAS/zadatak1/install/robot_visualize/share/robot_visualize/hook/cmake_prefix_path.sh'
[0.948s] Level 1:colcon.colcon_core.environment:checking '/home/ivan/Documents/PAS/zadatak1/install/robot_visualize/bin'
[0.948s] Level 1:colcon.colcon_core.environment:checking '/home/ivan/Documents/PAS/zadatak1/install/robot_visualize/lib/pkgconfig/robot_visualize.pc'
[0.949s] Level 1:colcon.colcon_core.environment:checking '/home/ivan/Documents/PAS/zadatak1/install/robot_visualize/lib/python3.10/site-packages'
[0.949s] Level 1:colcon.colcon_core.environment:checking '/home/ivan/Documents/PAS/zadatak1/install/robot_visualize/bin'
[0.949s] INFO:colcon.colcon_core.shell:Creating package script '/home/ivan/Documents/PAS/zadatak1/install/robot_visualize/share/robot_visualize/package.ps1'
[0.949s] INFO:colcon.colcon_core.shell:Creating package descriptor '/home/ivan/Documents/PAS/zadatak1/install/robot_visualize/share/robot_visualize/package.dsv'
[0.949s] INFO:colcon.colcon_core.shell:Creating package script '/home/ivan/Documents/PAS/zadatak1/install/robot_visualize/share/robot_visualize/package.sh'
[0.950s] INFO:colcon.colcon_core.shell:Creating package script '/home/ivan/Documents/PAS/zadatak1/install/robot_visualize/share/robot_visualize/package.bash'
[0.950s] INFO:colcon.colcon_core.shell:Creating package script '/home/ivan/Documents/PAS/zadatak1/install/robot_visualize/share/robot_visualize/package.zsh'
[0.950s] Level 1:colcon.colcon_core.environment:create_file_with_runtime_dependencies(/home/ivan/Documents/PAS/zadatak1/install/robot_visualize/share/colcon-core/packages/robot_visualize)
[0.950s] DEBUG:colcon.colcon_parallel_executor.executor.parallel:closing loop
[0.950s] DEBUG:colcon.colcon_parallel_executor.executor.parallel:loop closed
[0.950s] DEBUG:colcon.colcon_parallel_executor.executor.parallel:run_until_complete finished with '0'
[0.950s] DEBUG:colcon.colcon_core.event_reactor:joining thread
[0.958s] INFO:colcon.colcon_core.plugin_system:Skipping extension 'colcon_notification.desktop_notification.terminal_notifier': Not used on non-Darwin systems
[0.958s] INFO:colcon.colcon_core.plugin_system:Skipping extension 'colcon_notification.desktop_notification.win32': Not used on non-Windows systems
[0.958s] INFO:colcon.colcon_notification.desktop_notification:Sending desktop notification using 'notify2'
[0.978s] DEBUG:colcon.colcon_core.event_reactor:joined thread
[0.978s] INFO:colcon.colcon_core.shell:Creating prefix script '/home/ivan/Documents/PAS/zadatak1/install/local_setup.ps1'
[0.980s] INFO:colcon.colcon_core.shell:Creating prefix util module '/home/ivan/Documents/PAS/zadatak1/install/_local_setup_util_ps1.py'
[0.981s] INFO:colcon.colcon_core.shell:Creating prefix chain script '/home/ivan/Documents/PAS/zadatak1/install/setup.ps1'
[0.982s] INFO:colcon.colcon_core.shell:Creating prefix script '/home/ivan/Documents/PAS/zadatak1/install/local_setup.sh'
[0.983s] INFO:colcon.colcon_core.shell:Creating prefix util module '/home/ivan/Documents/PAS/zadatak1/install/_local_setup_util_sh.py'
[0.983s] INFO:colcon.colcon_core.shell:Creating prefix chain script '/home/ivan/Documents/PAS/zadatak1/install/setup.sh'
[0.984s] INFO:colcon.colcon_core.shell:Creating prefix script '/home/ivan/Documents/PAS/zadatak1/install/local_setup.bash'
[0.985s] INFO:colcon.colcon_core.shell:Creating prefix chain script '/home/ivan/Documents/PAS/zadatak1/install/setup.bash'
[0.985s] INFO:colcon.colcon_core.shell:Creating prefix script '/home/ivan/Documents/PAS/zadatak1/install/local_setup.zsh'
[0.986s] INFO:colcon.colcon_core.shell:Creating prefix chain script '/home/ivan/Documents/PAS/zadatak1/install/setup.zsh'
