[0.482s] Invoking command in '/home/ivan/Documents/PAS/zadatak2/projektiranje-autonomnih-sustava/student-assignment-02/build/student_assignment_02': PYTHONPATH=/home/ivan/Documents/PAS/zadatak2/projektiranje-autonomnih-sustava/student-assignment-02/build/student_assignment_02/prefix_override:/usr/lib/python3/dist-packages/colcon_core/task/python/colcon_distutils_commands:/home/ivan/Documents/PAS/zadatak2/projektiranje-autonomnih-sustava/student-assignment-02/install/student_assignment_02/lib/python3.10/site-packages:${PYTHONPATH} /usr/bin/python3 -W ignore:setup.py install is deprecated -W ignore:easy_install command is deprecated setup.py develop --uninstall --editable --build-directory /home/ivan/Documents/PAS/zadatak2/projektiranje-autonomnih-sustava/student-assignment-02/build/student_assignment_02/build
[0.653s] running develop
[0.765s] Removing /home/ivan/Documents/PAS/zadatak2/projektiranje-autonomnih-sustava/student-assignment-02/install/student_assignment_02/lib/python3.10/site-packages/student-assignment-02.egg-link (link to .)
[0.780s] Invoked command in '/home/ivan/Documents/PAS/zadatak2/projektiranje-autonomnih-sustava/student-assignment-02/build/student_assignment_02' returned '0': PYTHONPATH=/home/ivan/Documents/PAS/zadatak2/projektiranje-autonomnih-sustava/student-assignment-02/build/student_assignment_02/prefix_override:/usr/lib/python3/dist-packages/colcon_core/task/python/colcon_distutils_commands:/home/ivan/Documents/PAS/zadatak2/projektiranje-autonomnih-sustava/student-assignment-02/install/student_assignment_02/lib/python3.10/site-packages:${PYTHONPATH} /usr/bin/python3 -W ignore:setup.py install is deprecated -W ignore:easy_install command is deprecated setup.py develop --uninstall --editable --build-directory /home/ivan/Documents/PAS/zadatak2/projektiranje-autonomnih-sustava/student-assignment-02/build/student_assignment_02/build
[0.782s] Invoking command in '/home/ivan/Documents/PAS/zadatak2/projektiranje-autonomnih-sustava/student-assignment-02/src/student_assignment_02': PYTHONPATH=/home/ivan/Documents/PAS/zadatak2/projektiranje-autonomnih-sustava/student-assignment-02/build/student_assignment_02/prefix_override:/usr/lib/python3/dist-packages/colcon_core/task/python/colcon_distutils_commands:/home/ivan/Documents/PAS/zadatak2/projektiranje-autonomnih-sustava/student-assignment-02/install/student_assignment_02/lib/python3.10/site-packages:${PYTHONPATH} /usr/bin/python3 -W ignore:setup.py install is deprecated -W ignore:easy_install command is deprecated setup.py egg_info --egg-base ../../build/student_assignment_02 build --build-base /home/ivan/Documents/PAS/zadatak2/projektiranje-autonomnih-sustava/student-assignment-02/build/student_assignment_02/build install --record /home/ivan/Documents/PAS/zadatak2/projektiranje-autonomnih-sustava/student-assignment-02/build/student_assignment_02/install.log --single-version-externally-managed install_data --force
[0.942s] running egg_info
[0.943s] writing ../../build/student_assignment_02/student_assignment_02.egg-info/PKG-INFO
[0.943s] writing dependency_links to ../../build/student_assignment_02/student_assignment_02.egg-info/dependency_links.txt
[0.943s] writing entry points to ../../build/student_assignment_02/student_assignment_02.egg-info/entry_points.txt
[0.943s] writing requirements to ../../build/student_assignment_02/student_assignment_02.egg-info/requires.txt
[0.943s] writing top-level names to ../../build/student_assignment_02/student_assignment_02.egg-info/top_level.txt
[0.944s] reading manifest file '../../build/student_assignment_02/student_assignment_02.egg-info/SOURCES.txt'
[0.944s] adding license file 'LICENSE'
[0.945s] writing manifest file '../../build/student_assignment_02/student_assignment_02.egg-info/SOURCES.txt'
[0.945s] running build
[0.945s] running build_py
[0.945s] creating /home/ivan/Documents/PAS/zadatak2/projektiranje-autonomnih-sustava/student-assignment-02/build/student_assignment_02/build
[0.945s] creating /home/ivan/Documents/PAS/zadatak2/projektiranje-autonomnih-sustava/student-assignment-02/build/student_assignment_02/build/lib
[0.945s] creating /home/ivan/Documents/PAS/zadatak2/projektiranje-autonomnih-sustava/student-assignment-02/build/student_assignment_02/build/lib/student_assignment_02
[0.945s] copying student_assignment_02/path_follower_node.py -> /home/ivan/Documents/PAS/zadatak2/projektiranje-autonomnih-sustava/student-assignment-02/build/student_assignment_02/build/lib/student_assignment_02
[0.945s] copying student_assignment_02/d_star_path_planner.py -> /home/ivan/Documents/PAS/zadatak2/projektiranje-autonomnih-sustava/student-assignment-02/build/student_assignment_02/build/lib/student_assignment_02
[0.945s] copying student_assignment_02/__init__.py -> /home/ivan/Documents/PAS/zadatak2/projektiranje-autonomnih-sustava/student-assignment-02/build/student_assignment_02/build/lib/student_assignment_02
[0.945s] copying student_assignment_02/goal_navigation_node.py -> /home/ivan/Documents/PAS/zadatak2/projektiranje-autonomnih-sustava/student-assignment-02/build/student_assignment_02/build/lib/student_assignment_02
[0.945s] copying student_assignment_02/nav2_adapter.py -> /home/ivan/Documents/PAS/zadatak2/projektiranje-autonomnih-sustava/student-assignment-02/build/student_assignment_02/build/lib/student_assignment_02
[0.945s] copying student_assignment_02/path_planning_node.py -> /home/ivan/Documents/PAS/zadatak2/projektiranje-autonomnih-sustava/student-assignment-02/build/student_assignment_02/build/lib/student_assignment_02
[0.946s] copying student_assignment_02/navigation_complete_nav2.launch.py -> /home/ivan/Documents/PAS/zadatak2/projektiranje-autonomnih-sustava/student-assignment-02/build/student_assignment_02/build/lib/student_assignment_02
[0.946s] copying student_assignment_02/a_star_path_planner.py -> /home/ivan/Documents/PAS/zadatak2/projektiranje-autonomnih-sustava/student-assignment-02/build/student_assignment_02/build/lib/student_assignment_02
[0.946s] copying student_assignment_02/map_republisher.py -> /home/ivan/Documents/PAS/zadatak2/projektiranje-autonomnih-sustava/student-assignment-02/build/student_assignment_02/build/lib/student_assignment_02
[0.946s] running install
[0.946s] running install_lib
[0.946s] creating /home/ivan/Documents/PAS/zadatak2/projektiranje-autonomnih-sustava/student-assignment-02/install/student_assignment_02/lib/python3.10/site-packages/student_assignment_02
[0.946s] copying /home/ivan/Documents/PAS/zadatak2/projektiranje-autonomnih-sustava/student-assignment-02/build/student_assignment_02/build/lib/student_assignment_02/path_follower_node.py -> /home/ivan/Documents/PAS/zadatak2/projektiranje-autonomnih-sustava/student-assignment-02/install/student_assignment_02/lib/python3.10/site-packages/student_assignment_02
[0.946s] copying /home/ivan/Documents/PAS/zadatak2/projektiranje-autonomnih-sustava/student-assignment-02/build/student_assignment_02/build/lib/student_assignment_02/d_star_path_planner.py -> /home/ivan/Documents/PAS/zadatak2/projektiranje-autonomnih-sustava/student-assignment-02/install/student_assignment_02/lib/python3.10/site-packages/student_assignment_02
[0.946s] copying /home/ivan/Documents/PAS/zadatak2/projektiranje-autonomnih-sustava/student-assignment-02/build/student_assignment_02/build/lib/student_assignment_02/__init__.py -> /home/ivan/Documents/PAS/zadatak2/projektiranje-autonomnih-sustava/student-assignment-02/install/student_assignment_02/lib/python3.10/site-packages/student_assignment_02
[0.946s] copying /home/ivan/Documents/PAS/zadatak2/projektiranje-autonomnih-sustava/student-assignment-02/build/student_assignment_02/build/lib/student_assignment_02/goal_navigation_node.py -> /home/ivan/Documents/PAS/zadatak2/projektiranje-autonomnih-sustava/student-assignment-02/install/student_assignment_02/lib/python3.10/site-packages/student_assignment_02
[0.946s] copying /home/ivan/Documents/PAS/zadatak2/projektiranje-autonomnih-sustava/student-assignment-02/build/student_assignment_02/build/lib/student_assignment_02/nav2_adapter.py -> /home/ivan/Documents/PAS/zadatak2/projektiranje-autonomnih-sustava/student-assignment-02/install/student_assignment_02/lib/python3.10/site-packages/student_assignment_02
[0.946s] copying /home/ivan/Documents/PAS/zadatak2/projektiranje-autonomnih-sustava/student-assignment-02/build/student_assignment_02/build/lib/student_assignment_02/path_planning_node.py -> /home/ivan/Documents/PAS/zadatak2/projektiranje-autonomnih-sustava/student-assignment-02/install/student_assignment_02/lib/python3.10/site-packages/student_assignment_02
[0.946s] copying /home/ivan/Documents/PAS/zadatak2/projektiranje-autonomnih-sustava/student-assignment-02/build/student_assignment_02/build/lib/student_assignment_02/navigation_complete_nav2.launch.py -> /home/ivan/Documents/PAS/zadatak2/projektiranje-autonomnih-sustava/student-assignment-02/install/student_assignment_02/lib/python3.10/site-packages/student_assignment_02
[0.946s] copying /home/ivan/Documents/PAS/zadatak2/projektiranje-autonomnih-sustava/student-assignment-02/build/student_assignment_02/build/lib/student_assignment_02/a_star_path_planner.py -> /home/ivan/Documents/PAS/zadatak2/projektiranje-autonomnih-sustava/student-assignment-02/install/student_assignment_02/lib/python3.10/site-packages/student_assignment_02
[0.946s] copying /home/ivan/Documents/PAS/zadatak2/projektiranje-autonomnih-sustava/student-assignment-02/build/student_assignment_02/build/lib/student_assignment_02/map_republisher.py -> /home/ivan/Documents/PAS/zadatak2/projektiranje-autonomnih-sustava/student-assignment-02/install/student_assignment_02/lib/python3.10/site-packages/student_assignment_02
[0.947s] byte-compiling /home/ivan/Documents/PAS/zadatak2/projektiranje-autonomnih-sustava/student-assignment-02/install/student_assignment_02/lib/python3.10/site-packages/student_assignment_02/path_follower_node.py to path_follower_node.cpython-310.pyc
[0.948s] byte-compiling /home/ivan/Documents/PAS/zadatak2/projektiranje-autonomnih-sustava/student-assignment-02/install/student_assignment_02/lib/python3.10/site-packages/student_assignment_02/d_star_path_planner.py to d_star_path_planner.cpython-310.pyc
[0.950s] byte-compiling /home/ivan/Documents/PAS/zadatak2/projektiranje-autonomnih-sustava/student-assignment-02/install/student_assignment_02/lib/python3.10/site-packages/student_assignment_02/__init__.py to __init__.cpython-310.pyc
[0.950s] byte-compiling /home/ivan/Documents/PAS/zadatak2/projektiranje-autonomnih-sustava/student-assignment-02/install/student_assignment_02/lib/python3.10/site-packages/student_assignment_02/goal_navigation_node.py to goal_navigation_node.cpython-310.pyc
[0.950s] byte-compiling /home/ivan/Documents/PAS/zadatak2/projektiranje-autonomnih-sustava/student-assignment-02/install/student_assignment_02/lib/python3.10/site-packages/student_assignment_02/nav2_adapter.py to nav2_adapter.cpython-310.pyc
[0.951s] byte-compiling /home/ivan/Documents/PAS/zadatak2/projektiranje-autonomnih-sustava/student-assignment-02/install/student_assignment_02/lib/python3.10/site-packages/student_assignment_02/path_planning_node.py to path_planning_node.cpython-310.pyc
[0.951s] byte-compiling /home/ivan/Documents/PAS/zadatak2/projektiranje-autonomnih-sustava/student-assignment-02/install/student_assignment_02/lib/python3.10/site-packages/student_assignment_02/navigation_complete_nav2.launch.py to navigation_complete_nav2.launch.cpython-310.pyc
[0.951s] byte-compiling /home/ivan/Documents/PAS/zadatak2/projektiranje-autonomnih-sustava/student-assignment-02/install/student_assignment_02/lib/python3.10/site-packages/student_assignment_02/a_star_path_planner.py to a_star_path_planner.cpython-310.pyc
[0.953s] byte-compiling /home/ivan/Documents/PAS/zadatak2/projektiranje-autonomnih-sustava/student-assignment-02/install/student_assignment_02/lib/python3.10/site-packages/student_assignment_02/map_republisher.py to map_republisher.cpython-310.pyc
[0.954s] running install_data
[0.954s] copying resource/student_assignment_02 -> /home/ivan/Documents/PAS/zadatak2/projektiranje-autonomnih-sustava/student-assignment-02/install/student_assignment_02/share/ament_index/resource_index/packages
[0.954s] copying package.xml -> /home/ivan/Documents/PAS/zadatak2/projektiranje-autonomnih-sustava/student-assignment-02/install/student_assignment_02/share/student_assignment_02
[0.954s] copying launch/navigation_complete.launch.py -> /home/ivan/Documents/PAS/zadatak2/projektiranje-autonomnih-sustava/student-assignment-02/install/student_assignment_02/share/student_assignment_02/launch
[0.954s] copying launch/d_star_path_planner.py -> /home/ivan/Documents/PAS/zadatak2/projektiranje-autonomnih-sustava/student-assignment-02/install/student_assignment_02/share/student_assignment_02/launch
[0.954s] copying launch/stage_launch.py -> /home/ivan/Documents/PAS/zadatak2/projektiranje-autonomnih-sustava/student-assignment-02/install/student_assignment_02/share/student_assignment_02/launch
[0.954s] copying launch/mapping_complete_launch.py -> /home/ivan/Documents/PAS/zadatak2/projektiranje-autonomnih-sustava/student-assignment-02/install/student_assignment_02/share/student_assignment_02/launch
[0.954s] copying launch/localization_launch.py -> /home/ivan/Documents/PAS/zadatak2/projektiranje-autonomnih-sustava/student-assignment-02/install/student_assignment_02/share/student_assignment_02/launch
[0.954s] copying launch/online_async_launch.py -> /home/ivan/Documents/PAS/zadatak2/projektiranje-autonomnih-sustava/student-assignment-02/install/student_assignment_02/share/student_assignment_02/launch
[0.954s] copying launch/localization_complete_launch.py -> /home/ivan/Documents/PAS/zadatak2/projektiranje-autonomnih-sustava/student-assignment-02/install/student_assignment_02/share/student_assignment_02/launch
[0.954s] copying launch/mapping_launch.py -> /home/ivan/Documents/PAS/zadatak2/projektiranje-autonomnih-sustava/student-assignment-02/install/student_assignment_02/share/student_assignment_02/launch
[0.954s] copying launch/a_star_path_planner.launch.py -> /home/ivan/Documents/PAS/zadatak2/projektiranje-autonomnih-sustava/student-assignment-02/install/student_assignment_02/share/student_assignment_02/launch
[0.954s] copying launch/navigation_complete_nav2.launch.py -> /home/ivan/Documents/PAS/zadatak2/projektiranje-autonomnih-sustava/student-assignment-02/install/student_assignment_02/share/student_assignment_02/launch
[0.954s] copying launch/navigation_launch.py -> /home/ivan/Documents/PAS/zadatak2/projektiranje-autonomnih-sustava/student-assignment-02/install/student_assignment_02/share/student_assignment_02/launch
[0.954s] copying config/mapper_params_online_async.yaml -> /home/ivan/Documents/PAS/zadatak2/projektiranje-autonomnih-sustava/student-assignment-02/install/student_assignment_02/share/student_assignment_02/config
[0.954s] copying config/nav2_params.yaml -> /home/ivan/Documents/PAS/zadatak2/projektiranje-autonomnih-sustava/student-assignment-02/install/student_assignment_02/share/student_assignment_02/config
[0.954s] copying config/a_star_path_planner_examples.yaml -> /home/ivan/Documents/PAS/zadatak2/projektiranje-autonomnih-sustava/student-assignment-02/install/student_assignment_02/share/student_assignment_02/config
[0.954s] copying config/rviz_navigation.rviz -> /home/ivan/Documents/PAS/zadatak2/projektiranje-autonomnih-sustava/student-assignment-02/install/student_assignment_02/share/student_assignment_02/config
[0.955s] copying config/rviz_config.rviz -> /home/ivan/Documents/PAS/zadatak2/projektiranje-autonomnih-sustava/student-assignment-02/install/student_assignment_02/share/student_assignment_02/config
[0.955s] copying world/map_01.world -> /home/ivan/Documents/PAS/zadatak2/projektiranje-autonomnih-sustava/student-assignment-02/install/student_assignment_02/share/student_assignment_02/world
[0.955s] copying world/map_01.png -> /home/ivan/Documents/PAS/zadatak2/projektiranje-autonomnih-sustava/student-assignment-02/install/student_assignment_02/share/student_assignment_02/world
[0.955s] copying world/include/pioneer2dx.inc -> /home/ivan/Documents/PAS/zadatak2/projektiranje-autonomnih-sustava/student-assignment-02/install/student_assignment_02/share/student_assignment_02/world/include
[0.955s] copying world/include/robots.inc -> /home/ivan/Documents/PAS/zadatak2/projektiranje-autonomnih-sustava/student-assignment-02/install/student_assignment_02/share/student_assignment_02/world/include
[0.955s] copying mapped_maps/map_01/map_01.yaml -> /home/ivan/Documents/PAS/zadatak2/projektiranje-autonomnih-sustava/student-assignment-02/install/student_assignment_02/share/student_assignment_02/mapped_maps/map_01
[0.955s] copying mapped_maps/map_01/map_01.pgm -> /home/ivan/Documents/PAS/zadatak2/projektiranje-autonomnih-sustava/student-assignment-02/install/student_assignment_02/share/student_assignment_02/mapped_maps/map_01
[0.955s] running install_egg_info
[0.956s] Copying ../../build/student_assignment_02/student_assignment_02.egg-info to /home/ivan/Documents/PAS/zadatak2/projektiranje-autonomnih-sustava/student-assignment-02/install/student_assignment_02/lib/python3.10/site-packages/student_assignment_02-0.0.0-py3.10.egg-info
[0.956s] running install_scripts
[0.969s] Installing a_star_path_planner script to /home/ivan/Documents/PAS/zadatak2/projektiranje-autonomnih-sustava/student-assignment-02/install/student_assignment_02/lib/student_assignment_02
[0.970s] Installing d_star_path_planner script to /home/ivan/Documents/PAS/zadatak2/projektiranje-autonomnih-sustava/student-assignment-02/install/student_assignment_02/lib/student_assignment_02
[0.970s] Installing goal_navigation_node script to /home/ivan/Documents/PAS/zadatak2/projektiranje-autonomnih-sustava/student-assignment-02/install/student_assignment_02/lib/student_assignment_02
[0.970s] Installing map_republisher script to /home/ivan/Documents/PAS/zadatak2/projektiranje-autonomnih-sustava/student-assignment-02/install/student_assignment_02/lib/student_assignment_02
[0.970s] Installing nav2_adapter script to /home/ivan/Documents/PAS/zadatak2/projektiranje-autonomnih-sustava/student-assignment-02/install/student_assignment_02/lib/student_assignment_02
[0.970s] Installing path_follower script to /home/ivan/Documents/PAS/zadatak2/projektiranje-autonomnih-sustava/student-assignment-02/install/student_assignment_02/lib/student_assignment_02
[0.970s] Installing path_planning_node script to /home/ivan/Documents/PAS/zadatak2/projektiranje-autonomnih-sustava/student-assignment-02/install/student_assignment_02/lib/student_assignment_02
[0.970s] writing list of installed files to '/home/ivan/Documents/PAS/zadatak2/projektiranje-autonomnih-sustava/student-assignment-02/build/student_assignment_02/install.log'
[0.984s] Invoked command in '/home/ivan/Documents/PAS/zadatak2/projektiranje-autonomnih-sustava/student-assignment-02/src/student_assignment_02' returned '0': PYTHONPATH=/home/ivan/Documents/PAS/zadatak2/projektiranje-autonomnih-sustava/student-assignment-02/build/student_assignment_02/prefix_override:/usr/lib/python3/dist-packages/colcon_core/task/python/colcon_distutils_commands:/home/ivan/Documents/PAS/zadatak2/projektiranje-autonomnih-sustava/student-assignment-02/install/student_assignment_02/lib/python3.10/site-packages:${PYTHONPATH} /usr/bin/python3 -W ignore:setup.py install is deprecated -W ignore:easy_install command is deprecated setup.py egg_info --egg-base ../../build/student_assignment_02 build --build-base /home/ivan/Documents/PAS/zadatak2/projektiranje-autonomnih-sustava/student-assignment-02/build/student_assignment_02/build install --record /home/ivan/Documents/PAS/zadatak2/projektiranje-autonomnih-sustava/student-assignment-02/build/student_assignment_02/install.log --single-version-externally-managed install_data --force
