-- The C compiler identification is GNU 11.4.0
-- The CXX compiler identification is GNU 11.4.0
-- Detecting C compiler ABI info
-- Detecting C compiler ABI info - done
-- Check for working C compiler: /usr/bin/cc - skipped
-- Detecting C compile features
-- Detecting C compile features - done
-- Detecting CXX compiler ABI info
-- Detecting CXX compiler ABI info - done
-- Check for working CXX compiler: /usr/bin/c++ - skipped
-- Detecting CXX compile features
-- Detecting CXX compile features - done
-- Found ament_cmake: 1.3.12 (/home/ivan/ros2_humble/install/ament_cmake/share/ament_cmake/cmake)
-- Found Python3: /usr/bin/python3 (found version "3.10.12") found components: Interpreter 
-- Found ament_lint_auto: 0.12.14 (/home/ivan/ros2_humble/install/ament_lint_auto/share/ament_lint_auto/cmake)
-- Added test 'flake8' to check Python code syntax and style conventions
-- Added test 'lint_cmake' to check CMake code style
-- Added test 'pep257' to check Python code against some of the docstring style conventions in PEP 257
-- Added test 'xmllint' to check XML markup files
-- Configuring done
-- Generating done
-- Build files have been written to: /home/ivan/Documents/PAS/zadatak1/build/robot_visualize
-- Install configuration: ""
-- Installing: /home/ivan/Documents/PAS/zadatak1/install/robot_visualize/share/ament_index/resource_index/package_run_dependencies/robot_visualize
-- Installing: /home/ivan/Documents/PAS/zadatak1/install/robot_visualize/share/ament_index/resource_index/parent_prefix_path/robot_visualize
-- Installing: /home/ivan/Documents/PAS/zadatak1/install/robot_visualize/share/robot_visualize/environment/ament_prefix_path.sh
-- Installing: /home/ivan/Documents/PAS/zadatak1/install/robot_visualize/share/robot_visualize/environment/ament_prefix_path.dsv
-- Installing: /home/ivan/Documents/PAS/zadatak1/install/robot_visualize/share/robot_visualize/environment/path.sh
-- Installing: /home/ivan/Documents/PAS/zadatak1/install/robot_visualize/share/robot_visualize/environment/path.dsv
-- Installing: /home/ivan/Documents/PAS/zadatak1/install/robot_visualize/share/robot_visualize/local_setup.bash
-- Installing: /home/ivan/Documents/PAS/zadatak1/install/robot_visualize/share/robot_visualize/local_setup.sh
-- Installing: /home/ivan/Documents/PAS/zadatak1/install/robot_visualize/share/robot_visualize/local_setup.zsh
-- Installing: /home/ivan/Documents/PAS/zadatak1/install/robot_visualize/share/robot_visualize/local_setup.dsv
-- Installing: /home/ivan/Documents/PAS/zadatak1/install/robot_visualize/share/robot_visualize/package.dsv
-- Installing: /home/ivan/Documents/PAS/zadatak1/install/robot_visualize/share/ament_index/resource_index/packages/robot_visualize
-- Installing: /home/ivan/Documents/PAS/zadatak1/install/robot_visualize/share/robot_visualize/cmake/robot_visualizeConfig.cmake
-- Installing: /home/ivan/Documents/PAS/zadatak1/install/robot_visualize/share/robot_visualize/cmake/robot_visualizeConfig-version.cmake
-- Installing: /home/ivan/Documents/PAS/zadatak1/install/robot_visualize/share/robot_visualize/package.xml
