[0.009s] Invoking command in '/home/ivan/Documents/PAS/zadatak1_sve/build/fanuc_m710ic_support': CMAKE_PREFIX_PATH=${CMAKE_PREFIX_PATH}:/opt/ros/humble /usr/bin/cmake /home/ivan/Documents/PAS/zadatak1_sve/src/fanuc_m710ic_support -DCMAKE_INSTALL_PREFIX=/home/ivan/Documents/PAS/zadatak1_sve/install/fanuc_m710ic_support
[0.055s] -- The C compiler identification is GNU 11.4.0
[0.107s] -- The CXX compiler identification is GNU 11.4.0
[0.112s] -- Detecting C compiler ABI info
[0.165s] -- Detecting C compiler ABI info - done
[0.170s] -- Check for working C compiler: /usr/bin/cc - skipped
[0.170s] -- Detecting C compile features
[0.170s] -- Detecting C compile features - done
[0.172s] -- Detecting CXX compiler ABI info
[0.247s] -- Detecting CXX compiler ABI info - done
[0.253s] -- Check for working CXX compiler: /usr/bin/c++ - skipped
[0.253s] -- Detecting CXX compile features
[0.254s] -- Detecting CXX compile features - done
[0.255s] -- Found ament_cmake: 1.3.12 (/opt/ros/humble/share/ament_cmake/cmake)
[0.372s] -- Found Python3: /usr/bin/python3 (found version "3.10.12") found components: Interpreter 
[0.434s] -- Found ament_lint_auto: 0.12.14 (/opt/ros/humble/share/ament_lint_auto/cmake)
[0.498s] -- Added test 'flake8' to check Python code syntax and style conventions
[0.498s] -- Added test 'lint_cmake' to check CMake code style
[0.500s] -- Added test 'pep257' to check Python code against some of the docstring style conventions in PEP 257
[0.500s] -- Added test 'xmllint' to check XML markup files
[0.501s] -- Configuring done
[0.501s] -- Generating done
[0.502s] -- Build files have been written to: /home/ivan/Documents/PAS/zadatak1_sve/build/fanuc_m710ic_support
[0.505s] Invoked command in '/home/ivan/Documents/PAS/zadatak1_sve/build/fanuc_m710ic_support' returned '0': CMAKE_PREFIX_PATH=${CMAKE_PREFIX_PATH}:/opt/ros/humble /usr/bin/cmake /home/ivan/Documents/PAS/zadatak1_sve/src/fanuc_m710ic_support -DCMAKE_INSTALL_PREFIX=/home/ivan/Documents/PAS/zadatak1_sve/install/fanuc_m710ic_support
[0.506s] Invoking command in '/home/ivan/Documents/PAS/zadatak1_sve/build/fanuc_m710ic_support': CMAKE_PREFIX_PATH=${CMAKE_PREFIX_PATH}:/opt/ros/humble /usr/bin/cmake --build /home/ivan/Documents/PAS/zadatak1_sve/build/fanuc_m710ic_support -- -j16 -l16
[0.546s] Invoked command in '/home/ivan/Documents/PAS/zadatak1_sve/build/fanuc_m710ic_support' returned '0': CMAKE_PREFIX_PATH=${CMAKE_PREFIX_PATH}:/opt/ros/humble /usr/bin/cmake --build /home/ivan/Documents/PAS/zadatak1_sve/build/fanuc_m710ic_support -- -j16 -l16
[0.547s] Invoking command in '/home/ivan/Documents/PAS/zadatak1_sve/build/fanuc_m710ic_support': CMAKE_PREFIX_PATH=${CMAKE_PREFIX_PATH}:/opt/ros/humble /usr/bin/cmake --install /home/ivan/Documents/PAS/zadatak1_sve/build/fanuc_m710ic_support
[0.555s] -- Install configuration: ""
[0.555s] -- Installing: /home/ivan/Documents/PAS/zadatak1_sve/install/fanuc_m710ic_support/share/fanuc_m710ic_support//launch
[0.555s] -- Installing: /home/ivan/Documents/PAS/zadatak1_sve/install/fanuc_m710ic_support/share/fanuc_m710ic_support//launch/view_robot.launch.py
[0.556s] -- Installing: /home/ivan/Documents/PAS/zadatak1_sve/install/fanuc_m710ic_support/share/fanuc_m710ic_support//launch/fanuc_controllers.launch.py
[0.556s] -- Installing: /home/ivan/Documents/PAS/zadatak1_sve/install/fanuc_m710ic_support/share/fanuc_m710ic_support//launch/publish_trajectory.launch.py
[0.556s] -- Installing: /home/ivan/Documents/PAS/zadatak1_sve/install/fanuc_m710ic_support/share/fanuc_m710ic_support//launch/publish_forward_positions.launch.py
[0.556s] -- Installing: /home/ivan/Documents/PAS/zadatak1_sve/install/fanuc_m710ic_support/share/fanuc_m710ic_support//config
[0.557s] -- Installing: /home/ivan/Documents/PAS/zadatak1_sve/install/fanuc_m710ic_support/share/fanuc_m710ic_support//config/fanuc_controllers.yaml
[0.557s] -- Installing: /home/ivan/Documents/PAS/zadatak1_sve/install/fanuc_m710ic_support/share/fanuc_m710ic_support//rviz
[0.557s] -- Installing: /home/ivan/Documents/PAS/zadatak1_sve/install/fanuc_m710ic_support/share/fanuc_m710ic_support//rviz/view_robot.rviz
[0.557s] -- Installing: /home/ivan/Documents/PAS/zadatak1_sve/install/fanuc_m710ic_support/lib/fanuc_m710ic_support/test_trajectory.py
[0.557s] -- Installing: /home/ivan/Documents/PAS/zadatak1_sve/install/fanuc_m710ic_support/lib/fanuc_m710ic_support/forward_position_publisher.py
[0.557s] -- Installing: /home/ivan/Documents/PAS/zadatak1_sve/install/fanuc_m710ic_support/share/fanuc_m710ic_support//urdf
[0.557s] -- Installing: /home/ivan/Documents/PAS/zadatak1_sve/install/fanuc_m710ic_support/share/fanuc_m710ic_support//urdf/m710ic45m_macro.xacro
[0.557s] -- Installing: /home/ivan/Documents/PAS/zadatak1_sve/install/fanuc_m710ic_support/share/fanuc_m710ic_support//urdf/m710ic50_ros2_control.xacro
[0.557s] -- Installing: /home/ivan/Documents/PAS/zadatak1_sve/install/fanuc_m710ic_support/share/fanuc_m710ic_support//urdf/m710ic50_macro.xacro
[0.557s] -- Installing: /home/ivan/Documents/PAS/zadatak1_sve/install/fanuc_m710ic_support/share/fanuc_m710ic_support//urdf/m710ic50.xacro
[0.557s] -- Installing: /home/ivan/Documents/PAS/zadatak1_sve/install/fanuc_m710ic_support/share/fanuc_m710ic_support//urdf/m710ic45m.xacro
[0.557s] -- Installing: /home/ivan/Documents/PAS/zadatak1_sve/install/fanuc_m710ic_support/share/fanuc_m710ic_support//meshes
[0.557s] -- Installing: /home/ivan/Documents/PAS/zadatak1_sve/install/fanuc_m710ic_support/share/fanuc_m710ic_support//meshes/m710ic45m
[0.557s] -- Installing: /home/ivan/Documents/PAS/zadatak1_sve/install/fanuc_m710ic_support/share/fanuc_m710ic_support//meshes/m710ic45m/collision
[0.557s] -- Installing: /home/ivan/Documents/PAS/zadatak1_sve/install/fanuc_m710ic_support/share/fanuc_m710ic_support//meshes/m710ic45m/collision/link_4.stl
[0.557s] -- Installing: /home/ivan/Documents/PAS/zadatak1_sve/install/fanuc_m710ic_support/share/fanuc_m710ic_support//meshes/m710ic45m/collision/link_2.stl
[0.557s] -- Installing: /home/ivan/Documents/PAS/zadatak1_sve/install/fanuc_m710ic_support/share/fanuc_m710ic_support//meshes/m710ic45m/visual
[0.557s] -- Installing: /home/ivan/Documents/PAS/zadatak1_sve/install/fanuc_m710ic_support/share/fanuc_m710ic_support//meshes/m710ic45m/visual/link_4.stl
[0.557s] -- Installing: /home/ivan/Documents/PAS/zadatak1_sve/install/fanuc_m710ic_support/share/fanuc_m710ic_support//meshes/m710ic45m/visual/link_2.stl
[0.557s] -- Installing: /home/ivan/Documents/PAS/zadatak1_sve/install/fanuc_m710ic_support/share/fanuc_m710ic_support//meshes/m710ic50
[0.557s] -- Installing: /home/ivan/Documents/PAS/zadatak1_sve/install/fanuc_m710ic_support/share/fanuc_m710ic_support//meshes/m710ic50/collision
[0.558s] -- Installing: /home/ivan/Documents/PAS/zadatak1_sve/install/fanuc_m710ic_support/share/fanuc_m710ic_support//meshes/m710ic50/collision/link_5.stl
[0.558s] -- Installing: /home/ivan/Documents/PAS/zadatak1_sve/install/fanuc_m710ic_support/share/fanuc_m710ic_support//meshes/m710ic50/collision/base_link.stl
[0.558s] -- Installing: /home/ivan/Documents/PAS/zadatak1_sve/install/fanuc_m710ic_support/share/fanuc_m710ic_support//meshes/m710ic50/collision/link_6.stl
[0.558s] -- Installing: /home/ivan/Documents/PAS/zadatak1_sve/install/fanuc_m710ic_support/share/fanuc_m710ic_support//meshes/m710ic50/collision/link_1.stl
[0.558s] -- Installing: /home/ivan/Documents/PAS/zadatak1_sve/install/fanuc_m710ic_support/share/fanuc_m710ic_support//meshes/m710ic50/collision/link_4.stl
[0.558s] -- Installing: /home/ivan/Documents/PAS/zadatak1_sve/install/fanuc_m710ic_support/share/fanuc_m710ic_support//meshes/m710ic50/collision/link_3.stl
[0.558s] -- Installing: /home/ivan/Documents/PAS/zadatak1_sve/install/fanuc_m710ic_support/share/fanuc_m710ic_support//meshes/m710ic50/collision/link_2.stl
[0.558s] -- Installing: /home/ivan/Documents/PAS/zadatak1_sve/install/fanuc_m710ic_support/share/fanuc_m710ic_support//meshes/m710ic50/visual
[0.558s] -- Installing: /home/ivan/Documents/PAS/zadatak1_sve/install/fanuc_m710ic_support/share/fanuc_m710ic_support//meshes/m710ic50/visual/link_5.stl
[0.558s] -- Installing: /home/ivan/Documents/PAS/zadatak1_sve/install/fanuc_m710ic_support/share/fanuc_m710ic_support//meshes/m710ic50/visual/base_link.stl
[0.558s] -- Installing: /home/ivan/Documents/PAS/zadatak1_sve/install/fanuc_m710ic_support/share/fanuc_m710ic_support//meshes/m710ic50/visual/link_6.stl
[0.558s] -- Installing: /home/ivan/Documents/PAS/zadatak1_sve/install/fanuc_m710ic_support/share/fanuc_m710ic_support//meshes/m710ic50/visual/link_1.stl
[0.558s] -- Installing: /home/ivan/Documents/PAS/zadatak1_sve/install/fanuc_m710ic_support/share/fanuc_m710ic_support//meshes/m710ic50/visual/link_4.stl
[0.558s] -- Installing: /home/ivan/Documents/PAS/zadatak1_sve/install/fanuc_m710ic_support/share/fanuc_m710ic_support//meshes/m710ic50/visual/link_3.stl
[0.558s] -- Installing: /home/ivan/Documents/PAS/zadatak1_sve/install/fanuc_m710ic_support/share/fanuc_m710ic_support//meshes/m710ic50/visual/link_2.stl
[0.558s] -- Installing: /home/ivan/Documents/PAS/zadatak1_sve/install/fanuc_m710ic_support/share/ament_index/resource_index/package_run_dependencies/fanuc_m710ic_support
[0.558s] -- Installing: /home/ivan/Documents/PAS/zadatak1_sve/install/fanuc_m710ic_support/share/ament_index/resource_index/parent_prefix_path/fanuc_m710ic_support
[0.558s] -- Installing: /home/ivan/Documents/PAS/zadatak1_sve/install/fanuc_m710ic_support/share/fanuc_m710ic_support/environment/ament_prefix_path.sh
[0.558s] -- Installing: /home/ivan/Documents/PAS/zadatak1_sve/install/fanuc_m710ic_support/share/fanuc_m710ic_support/environment/ament_prefix_path.dsv
[0.558s] -- Installing: /home/ivan/Documents/PAS/zadatak1_sve/install/fanuc_m710ic_support/share/fanuc_m710ic_support/environment/path.sh
[0.558s] -- Installing: /home/ivan/Documents/PAS/zadatak1_sve/install/fanuc_m710ic_support/share/fanuc_m710ic_support/environment/path.dsv
[0.558s] -- Installing: /home/ivan/Documents/PAS/zadatak1_sve/install/fanuc_m710ic_support/share/fanuc_m710ic_support/local_setup.bash
[0.558s] -- Installing: /home/ivan/Documents/PAS/zadatak1_sve/install/fanuc_m710ic_support/share/fanuc_m710ic_support/local_setup.sh
[0.558s] -- Installing: /home/ivan/Documents/PAS/zadatak1_sve/install/fanuc_m710ic_support/share/fanuc_m710ic_support/local_setup.zsh
[0.558s] -- Installing: /home/ivan/Documents/PAS/zadatak1_sve/install/fanuc_m710ic_support/share/fanuc_m710ic_support/local_setup.dsv
[0.558s] -- Installing: /home/ivan/Documents/PAS/zadatak1_sve/install/fanuc_m710ic_support/share/fanuc_m710ic_support/package.dsv
[0.558s] -- Installing: /home/ivan/Documents/PAS/zadatak1_sve/install/fanuc_m710ic_support/share/ament_index/resource_index/packages/fanuc_m710ic_support
[0.558s] -- Installing: /home/ivan/Documents/PAS/zadatak1_sve/install/fanuc_m710ic_support/share/fanuc_m710ic_support/cmake/fanuc_m710ic_supportConfig.cmake
[0.558s] -- Installing: /home/ivan/Documents/PAS/zadatak1_sve/install/fanuc_m710ic_support/share/fanuc_m710ic_support/cmake/fanuc_m710ic_supportConfig-version.cmake
[0.558s] -- Installing: /home/ivan/Documents/PAS/zadatak1_sve/install/fanuc_m710ic_support/share/fanuc_m710ic_support/package.xml
[0.569s] Invoked command in '/home/ivan/Documents/PAS/zadatak1_sve/build/fanuc_m710ic_support' returned '0': CMAKE_PREFIX_PATH=${CMAKE_PREFIX_PATH}:/opt/ros/humble /usr/bin/cmake --install /home/ivan/Documents/PAS/zadatak1_sve/build/fanuc_m710ic_support
