[0.408s] DEBUG:colcon:Command line arguments: ['/usr/bin/colcon', 'build']
[0.408s] DEBUG:colcon:Parsed command line arguments: Namespace(log_base=None, log_level=None, verb_name='build', build_base='build', install_base='install', merge_install=False, symlink_install=False, test_result_base=None, continue_on_error=False, executor='parallel', parallel_workers=16, event_handlers=None, ignore_user_meta=False, metas=['./colcon.meta'], base_paths=['.'], packages_ignore=None, packages_ignore_regex=None, paths=None, packages_up_to=None, packages_up_to_regex=None, packages_above=None, packages_above_and_dependencies=None, packages_above_depth=None, packages_select_by_dep=None, packages_skip_by_dep=None, packages_skip_up_to=None, packages_select_build_failed=False, packages_skip_build_finished=False, packages_select_test_failures=False, packages_skip_test_passed=False, packages_select=None, packages_skip=None, packages_select_regex=None, packages_skip_regex=None, packages_start=None, packages_end=None, allow_overriding=[], cmake_args=None, cmake_target=None, cmake_target_skip_unavailable=False, cmake_clean_cache=False, cmake_clean_first=False, cmake_force_configure=False, ament_cmake_args=None, catkin_cmake_args=None, catkin_skip_building_tests=False, mixin_files=None, mixin=None, verb_parser=<colcon_mixin.mixin.mixin_argument.MixinArgumentDecorator object at 0x7afbc1c66a10>, verb_extension=<colcon_core.verb.build.BuildVerb object at 0x7afbc1def6a0>, main=<bound method BuildVerb.main of <colcon_core.verb.build.BuildVerb object at 0x7afbc1def6a0>>, mixin_verb=('build',))
[0.694s] Level 1:colcon.colcon_core.package_discovery:discover_packages(colcon_meta) check parameters
[0.694s] Level 1:colcon.colcon_core.package_discovery:discover_packages(recursive) check parameters
[0.694s] Level 1:colcon.colcon_core.package_discovery:discover_packages(ignore) check parameters
[0.694s] Level 1:colcon.colcon_core.package_discovery:discover_packages(path) check parameters
[0.694s] Level 1:colcon.colcon_core.package_discovery:discover_packages(colcon_meta) discover
[0.694s] Level 1:colcon.colcon_core.package_discovery:discover_packages(recursive) discover
[0.694s] INFO:colcon.colcon_core.package_discovery:Crawling recursively for packages in '/home/ivan/Documents/PAS/zadatak1'
[0.694s] Level 1:colcon.colcon_core.package_identification:_identify(.) by extensions ['ignore', 'ignore_ament_install']
[0.694s] Level 1:colcon.colcon_core.package_identification:_identify(.) by extension 'ignore'
[0.695s] Level 1:colcon.colcon_core.package_identification:_identify(.) by extension 'ignore_ament_install'
[0.695s] Level 1:colcon.colcon_core.package_identification:_identify(.) by extensions ['colcon_pkg']
[0.695s] Level 1:colcon.colcon_core.package_identification:_identify(.) by extension 'colcon_pkg'
[0.695s] Level 1:colcon.colcon_core.package_identification:_identify(.) by extensions ['colcon_meta']
[0.695s] Level 1:colcon.colcon_core.package_identification:_identify(.) by extension 'colcon_meta'
[0.695s] Level 1:colcon.colcon_core.package_identification:_identify(.) by extensions ['ros']
[0.695s] Level 1:colcon.colcon_core.package_identification:_identify(.) by extension 'ros'
[0.705s] Level 1:colcon.colcon_core.package_identification:_identify(.) by extensions ['cmake', 'python']
[0.705s] Level 1:colcon.colcon_core.package_identification:_identify(.) by extension 'cmake'
[0.705s] Level 1:colcon.colcon_core.package_identification:_identify(.) by extension 'python'
[0.705s] Level 1:colcon.colcon_core.package_identification:_identify(.) by extensions ['python_setup_py']
[0.705s] Level 1:colcon.colcon_core.package_identification:_identify(.) by extension 'python_setup_py'
[0.705s] Level 1:colcon.colcon_core.package_identification:_identify(build) by extensions ['ignore', 'ignore_ament_install']
[0.705s] Level 1:colcon.colcon_core.package_identification:_identify(build) by extension 'ignore'
[0.705s] Level 1:colcon.colcon_core.package_identification:_identify(build) ignored
[0.705s] Level 1:colcon.colcon_core.package_identification:_identify(install) by extensions ['ignore', 'ignore_ament_install']
[0.705s] Level 1:colcon.colcon_core.package_identification:_identify(install) by extension 'ignore'
[0.705s] Level 1:colcon.colcon_core.package_identification:_identify(install) ignored
[0.705s] Level 1:colcon.colcon_core.package_identification:_identify(log) by extensions ['ignore', 'ignore_ament_install']
[0.705s] Level 1:colcon.colcon_core.package_identification:_identify(log) by extension 'ignore'
[0.705s] Level 1:colcon.colcon_core.package_identification:_identify(log) ignored
[0.706s] Level 1:colcon.colcon_core.package_identification:_identify(src) by extensions ['ignore', 'ignore_ament_install']
[0.706s] Level 1:colcon.colcon_core.package_identification:_identify(src) by extension 'ignore'
[0.706s] Level 1:colcon.colcon_core.package_identification:_identify(src) by extension 'ignore_ament_install'
[0.706s] Level 1:colcon.colcon_core.package_identification:_identify(src) by extensions ['colcon_pkg']
[0.706s] Level 1:colcon.colcon_core.package_identification:_identify(src) by extension 'colcon_pkg'
[0.706s] Level 1:colcon.colcon_core.package_identification:_identify(src) by extensions ['colcon_meta']
[0.706s] Level 1:colcon.colcon_core.package_identification:_identify(src) by extension 'colcon_meta'
[0.706s] Level 1:colcon.colcon_core.package_identification:_identify(src) by extensions ['ros']
[0.706s] Level 1:colcon.colcon_core.package_identification:_identify(src) by extension 'ros'
[0.706s] Level 1:colcon.colcon_core.package_identification:_identify(src) by extensions ['cmake', 'python']
[0.706s] Level 1:colcon.colcon_core.package_identification:_identify(src) by extension 'cmake'
[0.706s] Level 1:colcon.colcon_core.package_identification:_identify(src) by extension 'python'
[0.706s] Level 1:colcon.colcon_core.package_identification:_identify(src) by extensions ['python_setup_py']
[0.706s] Level 1:colcon.colcon_core.package_identification:_identify(src) by extension 'python_setup_py'
[0.706s] Level 1:colcon.colcon_core.package_identification:_identify(src/fanuc_m710ic_support) by extensions ['ignore', 'ignore_ament_install']
[0.706s] Level 1:colcon.colcon_core.package_identification:_identify(src/fanuc_m710ic_support) by extension 'ignore'
[0.706s] Level 1:colcon.colcon_core.package_identification:_identify(src/fanuc_m710ic_support) by extension 'ignore_ament_install'
[0.706s] Level 1:colcon.colcon_core.package_identification:_identify(src/fanuc_m710ic_support) by extensions ['colcon_pkg']
[0.706s] Level 1:colcon.colcon_core.package_identification:_identify(src/fanuc_m710ic_support) by extension 'colcon_pkg'
[0.706s] Level 1:colcon.colcon_core.package_identification:_identify(src/fanuc_m710ic_support) by extensions ['colcon_meta']
[0.706s] Level 1:colcon.colcon_core.package_identification:_identify(src/fanuc_m710ic_support) by extension 'colcon_meta'
[0.706s] Level 1:colcon.colcon_core.package_identification:_identify(src/fanuc_m710ic_support) by extensions ['ros']
[0.706s] Level 1:colcon.colcon_core.package_identification:_identify(src/fanuc_m710ic_support) by extension 'ros'
[0.709s] DEBUG:colcon.colcon_core.package_identification:Package 'src/fanuc_m710ic_support' with type 'ros.ament_cmake' and name 'fanuc_m710ic_support'
[0.709s] Level 1:colcon.colcon_core.package_identification:_identify(src/fanuc_resources) by extensions ['ignore', 'ignore_ament_install']
[0.709s] Level 1:colcon.colcon_core.package_identification:_identify(src/fanuc_resources) by extension 'ignore'
[0.709s] Level 1:colcon.colcon_core.package_identification:_identify(src/fanuc_resources) by extension 'ignore_ament_install'
[0.709s] Level 1:colcon.colcon_core.package_identification:_identify(src/fanuc_resources) by extensions ['colcon_pkg']
[0.709s] Level 1:colcon.colcon_core.package_identification:_identify(src/fanuc_resources) by extension 'colcon_pkg'
[0.709s] Level 1:colcon.colcon_core.package_identification:_identify(src/fanuc_resources) by extensions ['colcon_meta']
[0.709s] Level 1:colcon.colcon_core.package_identification:_identify(src/fanuc_resources) by extension 'colcon_meta'
[0.709s] Level 1:colcon.colcon_core.package_identification:_identify(src/fanuc_resources) by extensions ['ros']
[0.709s] Level 1:colcon.colcon_core.package_identification:_identify(src/fanuc_resources) by extension 'ros'
[0.710s] DEBUG:colcon.colcon_core.package_identification:Package 'src/fanuc_resources' with type 'ros.ament_cmake' and name 'fanuc_resources'
[0.710s] Level 1:colcon.colcon_core.package_identification:_identify(src/robot_visualize) by extensions ['ignore', 'ignore_ament_install']
[0.710s] Level 1:colcon.colcon_core.package_identification:_identify(src/robot_visualize) by extension 'ignore'
[0.710s] Level 1:colcon.colcon_core.package_identification:_identify(src/robot_visualize) by extension 'ignore_ament_install'
[0.710s] Level 1:colcon.colcon_core.package_identification:_identify(src/robot_visualize) by extensions ['colcon_pkg']
[0.710s] Level 1:colcon.colcon_core.package_identification:_identify(src/robot_visualize) by extension 'colcon_pkg'
[0.710s] Level 1:colcon.colcon_core.package_identification:_identify(src/robot_visualize) by extensions ['colcon_meta']
[0.710s] Level 1:colcon.colcon_core.package_identification:_identify(src/robot_visualize) by extension 'colcon_meta'
[0.710s] Level 1:colcon.colcon_core.package_identification:_identify(src/robot_visualize) by extensions ['ros']
[0.710s] Level 1:colcon.colcon_core.package_identification:_identify(src/robot_visualize) by extension 'ros'
[0.711s] DEBUG:colcon.colcon_core.package_identification:Package 'src/robot_visualize' with type 'ros.ament_cmake' and name 'robot_visualize'
[0.711s] Level 1:colcon.colcon_core.package_discovery:discover_packages(recursive) using defaults
[0.711s] Level 1:colcon.colcon_core.package_discovery:discover_packages(ignore) discover
[0.711s] Level 1:colcon.colcon_core.package_discovery:discover_packages(ignore) using defaults
[0.711s] Level 1:colcon.colcon_core.package_discovery:discover_packages(path) discover
[0.711s] Level 1:colcon.colcon_core.package_discovery:discover_packages(path) using defaults
[0.744s] Level 1:colcon.colcon_core.package_discovery:discover_packages(prefix_path) check parameters
[0.745s] Level 1:colcon.colcon_core.package_discovery:discover_packages(prefix_path) discover
[0.748s] DEBUG:colcon.colcon_installed_package_information.package_discovery:Found 325 installed packages in /opt/ros/humble
[0.749s] Level 1:colcon.colcon_core.package_discovery:discover_packages(prefix_path) using defaults
[0.775s] Level 5:colcon.colcon_core.verb:set package 'fanuc_m710ic_support' build argument 'cmake_args' from command line to 'None'
[0.775s] Level 5:colcon.colcon_core.verb:set package 'fanuc_m710ic_support' build argument 'cmake_target' from command line to 'None'
[0.775s] Level 5:colcon.colcon_core.verb:set package 'fanuc_m710ic_support' build argument 'cmake_target_skip_unavailable' from command line to 'False'
[0.775s] Level 5:colcon.colcon_core.verb:set package 'fanuc_m710ic_support' build argument 'cmake_clean_cache' from command line to 'False'
[0.775s] Level 5:colcon.colcon_core.verb:set package 'fanuc_m710ic_support' build argument 'cmake_clean_first' from command line to 'False'
[0.775s] Level 5:colcon.colcon_core.verb:set package 'fanuc_m710ic_support' build argument 'cmake_force_configure' from command line to 'False'
[0.775s] Level 5:colcon.colcon_core.verb:set package 'fanuc_m710ic_support' build argument 'ament_cmake_args' from command line to 'None'
[0.775s] Level 5:colcon.colcon_core.verb:set package 'fanuc_m710ic_support' build argument 'catkin_cmake_args' from command line to 'None'
[0.775s] Level 5:colcon.colcon_core.verb:set package 'fanuc_m710ic_support' build argument 'catkin_skip_building_tests' from command line to 'False'
[0.775s] DEBUG:colcon.colcon_core.verb:Building package 'fanuc_m710ic_support' with the following arguments: {'ament_cmake_args': None, 'build_base': '/home/ivan/Documents/PAS/zadatak1/build/fanuc_m710ic_support', 'catkin_cmake_args': None, 'catkin_skip_building_tests': False, 'cmake_args': None, 'cmake_clean_cache': False, 'cmake_clean_first': False, 'cmake_force_configure': False, 'cmake_target': None, 'cmake_target_skip_unavailable': False, 'install_base': '/home/ivan/Documents/PAS/zadatak1/install/fanuc_m710ic_support', 'merge_install': False, 'path': '/home/ivan/Documents/PAS/zadatak1/src/fanuc_m710ic_support', 'symlink_install': False, 'test_result_base': None}
[0.776s] Level 5:colcon.colcon_core.verb:set package 'fanuc_resources' build argument 'cmake_args' from command line to 'None'
[0.776s] Level 5:colcon.colcon_core.verb:set package 'fanuc_resources' build argument 'cmake_target' from command line to 'None'
[0.776s] Level 5:colcon.colcon_core.verb:set package 'fanuc_resources' build argument 'cmake_target_skip_unavailable' from command line to 'False'
[0.776s] Level 5:colcon.colcon_core.verb:set package 'fanuc_resources' build argument 'cmake_clean_cache' from command line to 'False'
[0.776s] Level 5:colcon.colcon_core.verb:set package 'fanuc_resources' build argument 'cmake_clean_first' from command line to 'False'
[0.776s] Level 5:colcon.colcon_core.verb:set package 'fanuc_resources' build argument 'cmake_force_configure' from command line to 'False'
[0.776s] Level 5:colcon.colcon_core.verb:set package 'fanuc_resources' build argument 'ament_cmake_args' from command line to 'None'
[0.776s] Level 5:colcon.colcon_core.verb:set package 'fanuc_resources' build argument 'catkin_cmake_args' from command line to 'None'
[0.776s] Level 5:colcon.colcon_core.verb:set package 'fanuc_resources' build argument 'catkin_skip_building_tests' from command line to 'False'
[0.776s] DEBUG:colcon.colcon_core.verb:Building package 'fanuc_resources' with the following arguments: {'ament_cmake_args': None, 'build_base': '/home/ivan/Documents/PAS/zadatak1/build/fanuc_resources', 'catkin_cmake_args': None, 'catkin_skip_building_tests': False, 'cmake_args': None, 'cmake_clean_cache': False, 'cmake_clean_first': False, 'cmake_force_configure': False, 'cmake_target': None, 'cmake_target_skip_unavailable': False, 'install_base': '/home/ivan/Documents/PAS/zadatak1/install/fanuc_resources', 'merge_install': False, 'path': '/home/ivan/Documents/PAS/zadatak1/src/fanuc_resources', 'symlink_install': False, 'test_result_base': None}
[0.776s] Level 5:colcon.colcon_core.verb:set package 'robot_visualize' build argument 'cmake_args' from command line to 'None'
[0.776s] Level 5:colcon.colcon_core.verb:set package 'robot_visualize' build argument 'cmake_target' from command line to 'None'
[0.776s] Level 5:colcon.colcon_core.verb:set package 'robot_visualize' build argument 'cmake_target_skip_unavailable' from command line to 'False'
[0.776s] Level 5:colcon.colcon_core.verb:set package 'robot_visualize' build argument 'cmake_clean_cache' from command line to 'False'
[0.776s] Level 5:colcon.colcon_core.verb:set package 'robot_visualize' build argument 'cmake_clean_first' from command line to 'False'
[0.776s] Level 5:colcon.colcon_core.verb:set package 'robot_visualize' build argument 'cmake_force_configure' from command line to 'False'
[0.776s] Level 5:colcon.colcon_core.verb:set package 'robot_visualize' build argument 'ament_cmake_args' from command line to 'None'
[0.776s] Level 5:colcon.colcon_core.verb:set package 'robot_visualize' build argument 'catkin_cmake_args' from command line to 'None'
[0.776s] Level 5:colcon.colcon_core.verb:set package 'robot_visualize' build argument 'catkin_skip_building_tests' from command line to 'False'
[0.776s] DEBUG:colcon.colcon_core.verb:Building package 'robot_visualize' with the following arguments: {'ament_cmake_args': None, 'build_base': '/home/ivan/Documents/PAS/zadatak1/build/robot_visualize', 'catkin_cmake_args': None, 'catkin_skip_building_tests': False, 'cmake_args': None, 'cmake_clean_cache': False, 'cmake_clean_first': False, 'cmake_force_configure': False, 'cmake_target': None, 'cmake_target_skip_unavailable': False, 'install_base': '/home/ivan/Documents/PAS/zadatak1/install/robot_visualize', 'merge_install': False, 'path': '/home/ivan/Documents/PAS/zadatak1/src/robot_visualize', 'symlink_install': False, 'test_result_base': None}
[0.776s] INFO:colcon.colcon_core.executor:Executing jobs using 'parallel' executor
[0.777s] DEBUG:colcon.colcon_parallel_executor.executor.parallel:run_until_complete
[0.777s] INFO:colcon.colcon_ros.task.ament_cmake.build:Building ROS package in '/home/ivan/Documents/PAS/zadatak1/src/fanuc_m710ic_support' with build type 'ament_cmake'
[0.777s] INFO:colcon.colcon_cmake.task.cmake.build:Building CMake package in '/home/ivan/Documents/PAS/zadatak1/src/fanuc_m710ic_support'
[0.782s] INFO:colcon.colcon_core.plugin_system:Skipping extension 'colcon_core.shell.bat': Not used on non-Windows systems
[0.782s] INFO:colcon.colcon_core.shell:Skip shell extension 'powershell' for command environment: Not usable outside of PowerShell
[0.782s] DEBUG:colcon.colcon_core.shell:Skip shell extension 'dsv' for command environment
[0.785s] INFO:colcon.colcon_ros.task.ament_cmake.build:Building ROS package in '/home/ivan/Documents/PAS/zadatak1/src/fanuc_resources' with build type 'ament_cmake'
[0.785s] INFO:colcon.colcon_cmake.task.cmake.build:Building CMake package in '/home/ivan/Documents/PAS/zadatak1/src/fanuc_resources'
[0.785s] INFO:colcon.colcon_core.shell:Skip shell extension 'powershell' for command environment: Not usable outside of PowerShell
[0.785s] DEBUG:colcon.colcon_core.shell:Skip shell extension 'dsv' for command environment
[0.787s] INFO:colcon.colcon_ros.task.ament_cmake.build:Building ROS package in '/home/ivan/Documents/PAS/zadatak1/src/robot_visualize' with build type 'ament_cmake'
[0.787s] INFO:colcon.colcon_cmake.task.cmake.build:Building CMake package in '/home/ivan/Documents/PAS/zadatak1/src/robot_visualize'
[0.787s] INFO:colcon.colcon_core.shell:Skip shell extension 'powershell' for command environment: Not usable outside of PowerShell
[0.787s] DEBUG:colcon.colcon_core.shell:Skip shell extension 'dsv' for command environment
[0.791s] DEBUG:colcon.colcon_core.event_handler.log_command:Invoking command in '/home/ivan/Documents/PAS/zadatak1/build/fanuc_m710ic_support': CMAKE_PREFIX_PATH=/opt/ros/humble /usr/bin/cmake --build /home/ivan/Documents/PAS/zadatak1/build/fanuc_m710ic_support -- -j16 -l16
[0.797s] DEBUG:colcon.colcon_core.event_handler.log_command:Invoking command in '/home/ivan/Documents/PAS/zadatak1/build/fanuc_resources': CMAKE_PREFIX_PATH=/opt/ros/humble /usr/bin/cmake --build /home/ivan/Documents/PAS/zadatak1/build/fanuc_resources -- -j16 -l16
[0.805s] DEBUG:colcon.colcon_core.event_handler.log_command:Invoking command in '/home/ivan/Documents/PAS/zadatak1/build/robot_visualize': CMAKE_PREFIX_PATH=/opt/ros/humble /usr/bin/cmake --build /home/ivan/Documents/PAS/zadatak1/build/robot_visualize -- -j16 -l16
[0.976s] DEBUG:colcon.colcon_core.event_handler.log_command:Invoked command in '/home/ivan/Documents/PAS/zadatak1/build/fanuc_m710ic_support' returned '0': CMAKE_PREFIX_PATH=/opt/ros/humble /usr/bin/cmake --build /home/ivan/Documents/PAS/zadatak1/build/fanuc_m710ic_support -- -j16 -l16
[0.984s] DEBUG:colcon.colcon_core.event_handler.log_command:Invoking command in '/home/ivan/Documents/PAS/zadatak1/build/fanuc_m710ic_support': CMAKE_PREFIX_PATH=/opt/ros/humble /usr/bin/cmake --install /home/ivan/Documents/PAS/zadatak1/build/fanuc_m710ic_support
[0.985s] DEBUG:colcon.colcon_core.event_handler.log_command:Invoked command in '/home/ivan/Documents/PAS/zadatak1/build/robot_visualize' returned '0': CMAKE_PREFIX_PATH=/opt/ros/humble /usr/bin/cmake --build /home/ivan/Documents/PAS/zadatak1/build/robot_visualize -- -j16 -l16
[0.990s] DEBUG:colcon.colcon_core.event_handler.log_command:Invoking command in '/home/ivan/Documents/PAS/zadatak1/build/robot_visualize': CMAKE_PREFIX_PATH=/opt/ros/humble /usr/bin/cmake --install /home/ivan/Documents/PAS/zadatak1/build/robot_visualize
[0.993s] DEBUG:colcon.colcon_core.event_handler.log_command:Invoked command in '/home/ivan/Documents/PAS/zadatak1/build/fanuc_resources' returned '0': CMAKE_PREFIX_PATH=/opt/ros/humble /usr/bin/cmake --build /home/ivan/Documents/PAS/zadatak1/build/fanuc_resources -- -j16 -l16
[0.997s] DEBUG:colcon.colcon_core.event_handler.log_command:Invoking command in '/home/ivan/Documents/PAS/zadatak1/build/fanuc_resources': CMAKE_PREFIX_PATH=/opt/ros/humble /usr/bin/cmake --install /home/ivan/Documents/PAS/zadatak1/build/fanuc_resources
[0.998s] Level 1:colcon.colcon_core.environment:create_environment_scripts_only(fanuc_m710ic_support)
[0.999s] DEBUG:colcon.colcon_core.event_handler.log_command:Invoked command in '/home/ivan/Documents/PAS/zadatak1/build/fanuc_m710ic_support' returned '0': CMAKE_PREFIX_PATH=/opt/ros/humble /usr/bin/cmake --install /home/ivan/Documents/PAS/zadatak1/build/fanuc_m710ic_support
[1.009s] Level 1:colcon.colcon_core.environment:checking '/home/ivan/Documents/PAS/zadatak1/install/fanuc_m710ic_support' for CMake module files
[1.010s] Level 1:colcon.colcon_core.environment:checking '/home/ivan/Documents/PAS/zadatak1/install/fanuc_m710ic_support' for CMake config files
[1.010s] Level 1:colcon.colcon_core.shell:create_environment_hook('fanuc_m710ic_support', 'cmake_prefix_path')
[1.010s] INFO:colcon.colcon_core.shell:Creating environment hook '/home/ivan/Documents/PAS/zadatak1/install/fanuc_m710ic_support/share/fanuc_m710ic_support/hook/cmake_prefix_path.ps1'
[1.011s] INFO:colcon.colcon_core.shell:Creating environment descriptor '/home/ivan/Documents/PAS/zadatak1/install/fanuc_m710ic_support/share/fanuc_m710ic_support/hook/cmake_prefix_path.dsv'
[1.012s] INFO:colcon.colcon_core.shell:Creating environment hook '/home/ivan/Documents/PAS/zadatak1/install/fanuc_m710ic_support/share/fanuc_m710ic_support/hook/cmake_prefix_path.sh'
[1.014s] Level 1:colcon.colcon_core.environment:checking '/home/ivan/Documents/PAS/zadatak1/install/fanuc_m710ic_support/bin'
[1.014s] Level 1:colcon.colcon_core.environment:checking '/home/ivan/Documents/PAS/zadatak1/install/fanuc_m710ic_support/lib/pkgconfig/fanuc_m710ic_support.pc'
[1.014s] Level 1:colcon.colcon_core.environment:checking '/home/ivan/Documents/PAS/zadatak1/install/fanuc_m710ic_support/lib/python3.10/site-packages'
[1.014s] Level 1:colcon.colcon_core.environment:checking '/home/ivan/Documents/PAS/zadatak1/install/fanuc_m710ic_support/bin'
[1.015s] INFO:colcon.colcon_core.shell:Creating package script '/home/ivan/Documents/PAS/zadatak1/install/fanuc_m710ic_support/share/fanuc_m710ic_support/package.ps1'
[1.015s] INFO:colcon.colcon_core.shell:Creating package descriptor '/home/ivan/Documents/PAS/zadatak1/install/fanuc_m710ic_support/share/fanuc_m710ic_support/package.dsv'
[1.016s] INFO:colcon.colcon_core.shell:Creating package script '/home/ivan/Documents/PAS/zadatak1/install/fanuc_m710ic_support/share/fanuc_m710ic_support/package.sh'
[1.017s] INFO:colcon.colcon_core.shell:Creating package script '/home/ivan/Documents/PAS/zadatak1/install/fanuc_m710ic_support/share/fanuc_m710ic_support/package.bash'
[1.018s] INFO:colcon.colcon_core.shell:Creating package script '/home/ivan/Documents/PAS/zadatak1/install/fanuc_m710ic_support/share/fanuc_m710ic_support/package.zsh'
[1.020s] Level 1:colcon.colcon_core.environment:create_file_with_runtime_dependencies(/home/ivan/Documents/PAS/zadatak1/install/fanuc_m710ic_support/share/colcon-core/packages/fanuc_m710ic_support)
[1.021s] Level 1:colcon.colcon_core.environment:create_environment_scripts_only(fanuc_m710ic_support)
[1.021s] Level 1:colcon.colcon_core.environment:checking '/home/ivan/Documents/PAS/zadatak1/install/fanuc_m710ic_support' for CMake module files
[1.021s] Level 1:colcon.colcon_core.environment:checking '/home/ivan/Documents/PAS/zadatak1/install/fanuc_m710ic_support' for CMake config files
[1.022s] Level 1:colcon.colcon_core.shell:create_environment_hook('fanuc_m710ic_support', 'cmake_prefix_path')
[1.022s] INFO:colcon.colcon_core.shell:Creating environment hook '/home/ivan/Documents/PAS/zadatak1/install/fanuc_m710ic_support/share/fanuc_m710ic_support/hook/cmake_prefix_path.ps1'
[1.022s] INFO:colcon.colcon_core.shell:Creating environment descriptor '/home/ivan/Documents/PAS/zadatak1/install/fanuc_m710ic_support/share/fanuc_m710ic_support/hook/cmake_prefix_path.dsv'
[1.023s] INFO:colcon.colcon_core.shell:Creating environment hook '/home/ivan/Documents/PAS/zadatak1/install/fanuc_m710ic_support/share/fanuc_m710ic_support/hook/cmake_prefix_path.sh'
[1.023s] Level 1:colcon.colcon_core.environment:checking '/home/ivan/Documents/PAS/zadatak1/install/fanuc_m710ic_support/bin'
[1.023s] Level 1:colcon.colcon_core.environment:checking '/home/ivan/Documents/PAS/zadatak1/install/fanuc_m710ic_support/lib/pkgconfig/fanuc_m710ic_support.pc'
[1.024s] Level 1:colcon.colcon_core.environment:checking '/home/ivan/Documents/PAS/zadatak1/install/fanuc_m710ic_support/lib/python3.10/site-packages'
[1.024s] Level 1:colcon.colcon_core.environment:checking '/home/ivan/Documents/PAS/zadatak1/install/fanuc_m710ic_support/bin'
[1.025s] INFO:colcon.colcon_core.shell:Creating package script '/home/ivan/Documents/PAS/zadatak1/install/fanuc_m710ic_support/share/fanuc_m710ic_support/package.ps1'
[1.025s] INFO:colcon.colcon_core.shell:Creating package descriptor '/home/ivan/Documents/PAS/zadatak1/install/fanuc_m710ic_support/share/fanuc_m710ic_support/package.dsv'
[1.026s] INFO:colcon.colcon_core.shell:Creating package script '/home/ivan/Documents/PAS/zadatak1/install/fanuc_m710ic_support/share/fanuc_m710ic_support/package.sh'
[1.026s] INFO:colcon.colcon_core.shell:Creating package script '/home/ivan/Documents/PAS/zadatak1/install/fanuc_m710ic_support/share/fanuc_m710ic_support/package.bash'
[1.027s] INFO:colcon.colcon_core.shell:Creating package script '/home/ivan/Documents/PAS/zadatak1/install/fanuc_m710ic_support/share/fanuc_m710ic_support/package.zsh'
[1.027s] Level 1:colcon.colcon_core.environment:create_file_with_runtime_dependencies(/home/ivan/Documents/PAS/zadatak1/install/fanuc_m710ic_support/share/colcon-core/packages/fanuc_m710ic_support)
[1.029s] Level 1:colcon.colcon_core.environment:create_environment_scripts_only(robot_visualize)
[1.029s] DEBUG:colcon.colcon_core.event_handler.log_command:Invoked command in '/home/ivan/Documents/PAS/zadatak1/build/robot_visualize' returned '0': CMAKE_PREFIX_PATH=/opt/ros/humble /usr/bin/cmake --install /home/ivan/Documents/PAS/zadatak1/build/robot_visualize
[1.030s] Level 1:colcon.colcon_core.environment:checking '/home/ivan/Documents/PAS/zadatak1/install/robot_visualize' for CMake module files
[1.031s] Level 1:colcon.colcon_core.environment:checking '/home/ivan/Documents/PAS/zadatak1/install/robot_visualize' for CMake config files
[1.031s] Level 1:colcon.colcon_core.shell:create_environment_hook('robot_visualize', 'cmake_prefix_path')
[1.031s] INFO:colcon.colcon_core.shell:Creating environment hook '/home/ivan/Documents/PAS/zadatak1/install/robot_visualize/share/robot_visualize/hook/cmake_prefix_path.ps1'
[1.032s] INFO:colcon.colcon_core.shell:Creating environment descriptor '/home/ivan/Documents/PAS/zadatak1/install/robot_visualize/share/robot_visualize/hook/cmake_prefix_path.dsv'
[1.032s] INFO:colcon.colcon_core.shell:Creating environment hook '/home/ivan/Documents/PAS/zadatak1/install/robot_visualize/share/robot_visualize/hook/cmake_prefix_path.sh'
[1.033s] Level 1:colcon.colcon_core.environment:checking '/home/ivan/Documents/PAS/zadatak1/install/robot_visualize/bin'
[1.033s] Level 1:colcon.colcon_core.environment:checking '/home/ivan/Documents/PAS/zadatak1/install/robot_visualize/lib/pkgconfig/robot_visualize.pc'
[1.034s] Level 1:colcon.colcon_core.environment:checking '/home/ivan/Documents/PAS/zadatak1/install/robot_visualize/lib/python3.10/site-packages'
[1.034s] Level 1:colcon.colcon_core.environment:checking '/home/ivan/Documents/PAS/zadatak1/install/robot_visualize/bin'
[1.035s] INFO:colcon.colcon_core.shell:Creating package script '/home/ivan/Documents/PAS/zadatak1/install/robot_visualize/share/robot_visualize/package.ps1'
[1.035s] INFO:colcon.colcon_core.shell:Creating package descriptor '/home/ivan/Documents/PAS/zadatak1/install/robot_visualize/share/robot_visualize/package.dsv'
[1.036s] INFO:colcon.colcon_core.shell:Creating package script '/home/ivan/Documents/PAS/zadatak1/install/robot_visualize/share/robot_visualize/package.sh'
[1.037s] INFO:colcon.colcon_core.shell:Creating package script '/home/ivan/Documents/PAS/zadatak1/install/robot_visualize/share/robot_visualize/package.bash'
[1.037s] INFO:colcon.colcon_core.shell:Creating package script '/home/ivan/Documents/PAS/zadatak1/install/robot_visualize/share/robot_visualize/package.zsh'
[1.038s] Level 1:colcon.colcon_core.environment:create_file_with_runtime_dependencies(/home/ivan/Documents/PAS/zadatak1/install/robot_visualize/share/colcon-core/packages/robot_visualize)
[1.038s] Level 1:colcon.colcon_core.environment:create_environment_scripts_only(robot_visualize)
[1.038s] Level 1:colcon.colcon_core.environment:checking '/home/ivan/Documents/PAS/zadatak1/install/robot_visualize' for CMake module files
[1.039s] Level 1:colcon.colcon_core.environment:checking '/home/ivan/Documents/PAS/zadatak1/install/robot_visualize' for CMake config files
[1.039s] Level 1:colcon.colcon_core.shell:create_environment_hook('robot_visualize', 'cmake_prefix_path')
[1.039s] INFO:colcon.colcon_core.shell:Creating environment hook '/home/ivan/Documents/PAS/zadatak1/install/robot_visualize/share/robot_visualize/hook/cmake_prefix_path.ps1'
[1.040s] INFO:colcon.colcon_core.shell:Creating environment descriptor '/home/ivan/Documents/PAS/zadatak1/install/robot_visualize/share/robot_visualize/hook/cmake_prefix_path.dsv'
[1.040s] INFO:colcon.colcon_core.shell:Creating environment hook '/home/ivan/Documents/PAS/zadatak1/install/robot_visualize/share/robot_visualize/hook/cmake_prefix_path.sh'
[1.041s] Level 1:colcon.colcon_core.environment:checking '/home/ivan/Documents/PAS/zadatak1/install/robot_visualize/bin'
[1.041s] Level 1:colcon.colcon_core.environment:checking '/home/ivan/Documents/PAS/zadatak1/install/robot_visualize/lib/pkgconfig/robot_visualize.pc'
[1.041s] Level 1:colcon.colcon_core.environment:checking '/home/ivan/Documents/PAS/zadatak1/install/robot_visualize/lib/python3.10/site-packages'
[1.042s] Level 1:colcon.colcon_core.environment:checking '/home/ivan/Documents/PAS/zadatak1/install/robot_visualize/bin'
[1.042s] INFO:colcon.colcon_core.shell:Creating package script '/home/ivan/Documents/PAS/zadatak1/install/robot_visualize/share/robot_visualize/package.ps1'
[1.043s] INFO:colcon.colcon_core.shell:Creating package descriptor '/home/ivan/Documents/PAS/zadatak1/install/robot_visualize/share/robot_visualize/package.dsv'
[1.043s] INFO:colcon.colcon_core.shell:Creating package script '/home/ivan/Documents/PAS/zadatak1/install/robot_visualize/share/robot_visualize/package.sh'
[1.043s] INFO:colcon.colcon_core.shell:Creating package script '/home/ivan/Documents/PAS/zadatak1/install/robot_visualize/share/robot_visualize/package.bash'
[1.044s] INFO:colcon.colcon_core.shell:Creating package script '/home/ivan/Documents/PAS/zadatak1/install/robot_visualize/share/robot_visualize/package.zsh'
[1.044s] Level 1:colcon.colcon_core.environment:create_file_with_runtime_dependencies(/home/ivan/Documents/PAS/zadatak1/install/robot_visualize/share/colcon-core/packages/robot_visualize)
[1.045s] Level 1:colcon.colcon_core.environment:create_environment_scripts_only(fanuc_resources)
[1.045s] Level 1:colcon.colcon_core.environment:checking '/home/ivan/Documents/PAS/zadatak1/install/fanuc_resources' for CMake module files
[1.046s] Level 1:colcon.colcon_core.environment:checking '/home/ivan/Documents/PAS/zadatak1/install/fanuc_resources' for CMake config files
[1.046s] DEBUG:colcon.colcon_core.event_handler.log_command:Invoked command in '/home/ivan/Documents/PAS/zadatak1/build/fanuc_resources' returned '0': CMAKE_PREFIX_PATH=/opt/ros/humble /usr/bin/cmake --install /home/ivan/Documents/PAS/zadatak1/build/fanuc_resources
[1.046s] Level 1:colcon.colcon_core.shell:create_environment_hook('fanuc_resources', 'cmake_prefix_path')
[1.047s] INFO:colcon.colcon_core.shell:Creating environment hook '/home/ivan/Documents/PAS/zadatak1/install/fanuc_resources/share/fanuc_resources/hook/cmake_prefix_path.ps1'
[1.047s] INFO:colcon.colcon_core.shell:Creating environment descriptor '/home/ivan/Documents/PAS/zadatak1/install/fanuc_resources/share/fanuc_resources/hook/cmake_prefix_path.dsv'
[1.047s] INFO:colcon.colcon_core.shell:Creating environment hook '/home/ivan/Documents/PAS/zadatak1/install/fanuc_resources/share/fanuc_resources/hook/cmake_prefix_path.sh'
[1.048s] Level 1:colcon.colcon_core.environment:checking '/home/ivan/Documents/PAS/zadatak1/install/fanuc_resources/bin'
[1.048s] Level 1:colcon.colcon_core.environment:checking '/home/ivan/Documents/PAS/zadatak1/install/fanuc_resources/lib/pkgconfig/fanuc_resources.pc'
[1.048s] Level 1:colcon.colcon_core.environment:checking '/home/ivan/Documents/PAS/zadatak1/install/fanuc_resources/lib/python3.10/site-packages'
[1.048s] Level 1:colcon.colcon_core.environment:checking '/home/ivan/Documents/PAS/zadatak1/install/fanuc_resources/bin'
[1.048s] INFO:colcon.colcon_core.shell:Creating package script '/home/ivan/Documents/PAS/zadatak1/install/fanuc_resources/share/fanuc_resources/package.ps1'
[1.049s] INFO:colcon.colcon_core.shell:Creating package descriptor '/home/ivan/Documents/PAS/zadatak1/install/fanuc_resources/share/fanuc_resources/package.dsv'
[1.049s] INFO:colcon.colcon_core.shell:Creating package script '/home/ivan/Documents/PAS/zadatak1/install/fanuc_resources/share/fanuc_resources/package.sh'
[1.049s] INFO:colcon.colcon_core.shell:Creating package script '/home/ivan/Documents/PAS/zadatak1/install/fanuc_resources/share/fanuc_resources/package.bash'
[1.049s] INFO:colcon.colcon_core.shell:Creating package script '/home/ivan/Documents/PAS/zadatak1/install/fanuc_resources/share/fanuc_resources/package.zsh'
[1.050s] Level 1:colcon.colcon_core.environment:create_file_with_runtime_dependencies(/home/ivan/Documents/PAS/zadatak1/install/fanuc_resources/share/colcon-core/packages/fanuc_resources)
[1.050s] Level 1:colcon.colcon_core.environment:create_environment_scripts_only(fanuc_resources)
[1.050s] Level 1:colcon.colcon_core.environment:checking '/home/ivan/Documents/PAS/zadatak1/install/fanuc_resources' for CMake module files
[1.050s] Level 1:colcon.colcon_core.environment:checking '/home/ivan/Documents/PAS/zadatak1/install/fanuc_resources' for CMake config files
[1.050s] Level 1:colcon.colcon_core.shell:create_environment_hook('fanuc_resources', 'cmake_prefix_path')
[1.050s] INFO:colcon.colcon_core.shell:Creating environment hook '/home/ivan/Documents/PAS/zadatak1/install/fanuc_resources/share/fanuc_resources/hook/cmake_prefix_path.ps1'
[1.051s] INFO:colcon.colcon_core.shell:Creating environment descriptor '/home/ivan/Documents/PAS/zadatak1/install/fanuc_resources/share/fanuc_resources/hook/cmake_prefix_path.dsv'
[1.051s] INFO:colcon.colcon_core.shell:Creating environment hook '/home/ivan/Documents/PAS/zadatak1/install/fanuc_resources/share/fanuc_resources/hook/cmake_prefix_path.sh'
[1.051s] Level 1:colcon.colcon_core.environment:checking '/home/ivan/Documents/PAS/zadatak1/install/fanuc_resources/bin'
[1.051s] Level 1:colcon.colcon_core.environment:checking '/home/ivan/Documents/PAS/zadatak1/install/fanuc_resources/lib/pkgconfig/fanuc_resources.pc'
[1.051s] Level 1:colcon.colcon_core.environment:checking '/home/ivan/Documents/PAS/zadatak1/install/fanuc_resources/lib/python3.10/site-packages'
[1.052s] Level 1:colcon.colcon_core.environment:checking '/home/ivan/Documents/PAS/zadatak1/install/fanuc_resources/bin'
[1.052s] INFO:colcon.colcon_core.shell:Creating package script '/home/ivan/Documents/PAS/zadatak1/install/fanuc_resources/share/fanuc_resources/package.ps1'
[1.052s] INFO:colcon.colcon_core.shell:Creating package descriptor '/home/ivan/Documents/PAS/zadatak1/install/fanuc_resources/share/fanuc_resources/package.dsv'
[1.052s] INFO:colcon.colcon_core.shell:Creating package script '/home/ivan/Documents/PAS/zadatak1/install/fanuc_resources/share/fanuc_resources/package.sh'
[1.053s] INFO:colcon.colcon_core.shell:Creating package script '/home/ivan/Documents/PAS/zadatak1/install/fanuc_resources/share/fanuc_resources/package.bash'
[1.053s] INFO:colcon.colcon_core.shell:Creating package script '/home/ivan/Documents/PAS/zadatak1/install/fanuc_resources/share/fanuc_resources/package.zsh'
[1.053s] Level 1:colcon.colcon_core.environment:create_file_with_runtime_dependencies(/home/ivan/Documents/PAS/zadatak1/install/fanuc_resources/share/colcon-core/packages/fanuc_resources)
[1.053s] DEBUG:colcon.colcon_parallel_executor.executor.parallel:closing loop
[1.053s] DEBUG:colcon.colcon_parallel_executor.executor.parallel:loop closed
[1.053s] DEBUG:colcon.colcon_parallel_executor.executor.parallel:run_until_complete finished with '0'
[1.053s] DEBUG:colcon.colcon_core.event_reactor:joining thread
[1.059s] INFO:colcon.colcon_core.plugin_system:Skipping extension 'colcon_notification.desktop_notification.terminal_notifier': Not used on non-Darwin systems
[1.059s] INFO:colcon.colcon_core.plugin_system:Skipping extension 'colcon_notification.desktop_notification.win32': Not used on non-Windows systems
[1.059s] INFO:colcon.colcon_notification.desktop_notification:Sending desktop notification using 'notify2'
[1.086s] DEBUG:colcon.colcon_core.event_reactor:joined thread
[1.086s] INFO:colcon.colcon_core.shell:Creating prefix script '/home/ivan/Documents/PAS/zadatak1/install/local_setup.ps1'
[1.087s] INFO:colcon.colcon_core.shell:Creating prefix util module '/home/ivan/Documents/PAS/zadatak1/install/_local_setup_util_ps1.py'
[1.089s] INFO:colcon.colcon_core.shell:Creating prefix chain script '/home/ivan/Documents/PAS/zadatak1/install/setup.ps1'
[1.090s] INFO:colcon.colcon_core.shell:Creating prefix script '/home/ivan/Documents/PAS/zadatak1/install/local_setup.sh'
[1.090s] INFO:colcon.colcon_core.shell:Creating prefix util module '/home/ivan/Documents/PAS/zadatak1/install/_local_setup_util_sh.py'
[1.091s] INFO:colcon.colcon_core.shell:Creating prefix chain script '/home/ivan/Documents/PAS/zadatak1/install/setup.sh'
[1.092s] INFO:colcon.colcon_core.shell:Creating prefix script '/home/ivan/Documents/PAS/zadatak1/install/local_setup.bash'
[1.093s] INFO:colcon.colcon_core.shell:Creating prefix chain script '/home/ivan/Documents/PAS/zadatak1/install/setup.bash'
[1.094s] INFO:colcon.colcon_core.shell:Creating prefix script '/home/ivan/Documents/PAS/zadatak1/install/local_setup.zsh'
[1.095s] INFO:colcon.colcon_core.shell:Creating prefix chain script '/home/ivan/Documents/PAS/zadatak1/install/setup.zsh'
