[0.010s] Invoking command in '/home/ivan/Documents/PAS/zadatak1/build/robot_visualize': CMAKE_PREFIX_PATH=${CMAKE_PREFIX_PATH}:/opt/ros/humble /usr/bin/cmake --build /home/ivan/Documents/PAS/zadatak1/build/robot_visualize -- -j16 -l16
[0.032s] -- Found ament_cmake: 1.3.12 (/home/ivan/ros2_humble/install/ament_cmake/share/ament_cmake/cmake)
[0.136s] -- Found ament_lint_auto: 0.12.14 (/home/ivan/ros2_humble/install/ament_lint_auto/share/ament_lint_auto/cmake)
[0.185s] -- Added test 'flake8' to check Python code syntax and style conventions
[0.185s] -- Added test 'lint_cmake' to check CMake code style
[0.185s] -- Added test 'pep257' to check Python code against some of the docstring style conventions in PEP 257
[0.185s] -- Added test 'xmllint' to check XML markup files
[0.186s] -- Configuring done
[0.189s] -- Generating done
[0.190s] -- Build files have been written to: /home/ivan/Documents/PAS/zadatak1/build/robot_visualize
[0.210s] Invoked command in '/home/ivan/Documents/PAS/zadatak1/build/robot_visualize' returned '0': CMAKE_PREFIX_PATH=${CMAKE_PREFIX_PATH}:/opt/ros/humble /usr/bin/cmake --build /home/ivan/Documents/PAS/zadatak1/build/robot_visualize -- -j16 -l16
[0.212s] Invoking command in '/home/ivan/Documents/PAS/zadatak1/build/robot_visualize': CMAKE_PREFIX_PATH=${CMAKE_PREFIX_PATH}:/opt/ros/humble /usr/bin/cmake --install /home/ivan/Documents/PAS/zadatak1/build/robot_visualize
[0.219s] -- Install configuration: ""
[0.220s] -- Up-to-date: /home/ivan/Documents/PAS/zadatak1/install/robot_visualize/share/robot_visualize/launch
[0.220s] -- Up-to-date: /home/ivan/Documents/PAS/zadatak1/install/robot_visualize/share/robot_visualize/launch/display.launch.py
[0.220s] -- Installing: /home/ivan/Documents/PAS/zadatak1/install/robot_visualize/share/robot_visualize/rviz
[0.220s] -- Installing: /home/ivan/Documents/PAS/zadatak1/install/robot_visualize/share/robot_visualize/rviz/config.rviz
[0.220s] -- Up-to-date: /home/ivan/Documents/PAS/zadatak1/install/robot_visualize/share/ament_index/resource_index/package_run_dependencies/robot_visualize
[0.220s] -- Installing: /home/ivan/Documents/PAS/zadatak1/install/robot_visualize/share/ament_index/resource_index/parent_prefix_path/robot_visualize
[0.220s] -- Installing: /home/ivan/Documents/PAS/zadatak1/install/robot_visualize/share/robot_visualize/environment/ament_prefix_path.dsv
[0.220s] -- Installing: /home/ivan/Documents/PAS/zadatak1/install/robot_visualize/share/robot_visualize/environment/path.dsv
[0.220s] -- Up-to-date: /home/ivan/Documents/PAS/zadatak1/install/robot_visualize/share/robot_visualize/local_setup.bash
[0.220s] -- Up-to-date: /home/ivan/Documents/PAS/zadatak1/install/robot_visualize/share/robot_visualize/local_setup.sh
[0.220s] -- Up-to-date: /home/ivan/Documents/PAS/zadatak1/install/robot_visualize/share/robot_visualize/local_setup.zsh
[0.221s] -- Installing: /home/ivan/Documents/PAS/zadatak1/install/robot_visualize/share/robot_visualize/local_setup.dsv
[0.221s] -- Installing: /home/ivan/Documents/PAS/zadatak1/install/robot_visualize/share/robot_visualize/package.dsv
[0.221s] -- Up-to-date: /home/ivan/Documents/PAS/zadatak1/install/robot_visualize/share/ament_index/resource_index/packages/robot_visualize
[0.221s] -- Up-to-date: /home/ivan/Documents/PAS/zadatak1/install/robot_visualize/share/robot_visualize/cmake/robot_visualizeConfig.cmake
[0.221s] -- Up-to-date: /home/ivan/Documents/PAS/zadatak1/install/robot_visualize/share/robot_visualize/cmake/robot_visualizeConfig-version.cmake
[0.221s] -- Up-to-date: /home/ivan/Documents/PAS/zadatak1/install/robot_visualize/share/robot_visualize/package.xml
[0.224s] Invoked command in '/home/ivan/Documents/PAS/zadatak1/build/robot_visualize' returned '0': CMAKE_PREFIX_PATH=${CMAKE_PREFIX_PATH}:/opt/ros/humble /usr/bin/cmake --install /home/ivan/Documents/PAS/zadatak1/build/robot_visualize
