[0.007s] Invoking command in '/home/ivan/Documents/PAS/zadatak1_sve/build/fanuc_resources': CMAKE_PREFIX_PATH=${CMAKE_PREFIX_PATH}:/opt/ros/humble /usr/bin/cmake /home/ivan/Documents/PAS/zadatak1_sve/src/fanuc_resources -DCMAKE_INSTALL_PREFIX=/home/ivan/Documents/PAS/zadatak1_sve/install/fanuc_resources
[0.051s] -- The C compiler identification is GNU 11.4.0
[0.103s] -- The CXX compiler identification is GNU 11.4.0
[0.109s] -- Detecting C compiler ABI info
[0.165s] -- Detecting C compiler ABI info - done
[0.170s] -- Check for working C compiler: /usr/bin/cc - skipped
[0.170s] -- Detecting C compile features
[0.170s] -- Detecting C compile features - done
[0.172s] -- Detecting CXX compiler ABI info
[0.247s] -- Detecting CXX compiler ABI info - done
[0.257s] -- Check for working CXX compiler: /usr/bin/c++ - skipped
[0.257s] -- Detecting CXX compile features
[0.257s] -- Detecting CXX compile features - done
[0.258s] -- Found ament_cmake: 1.3.12 (/opt/ros/humble/share/ament_cmake/cmake)
[0.364s] -- Found Python3: /usr/bin/python3 (found version "3.10.12") found components: Interpreter 
[0.424s] -- Found ament_lint_auto: 0.12.14 (/opt/ros/humble/share/ament_lint_auto/cmake)
[0.487s] -- Added test 'lint_cmake' to check CMake code style
[0.488s] -- Added test 'xmllint' to check XML markup files
[0.489s] -- Configuring done
[0.490s] -- Generating done
[0.491s] -- Build files have been written to: /home/ivan/Documents/PAS/zadatak1_sve/build/fanuc_resources
[0.494s] Invoked command in '/home/ivan/Documents/PAS/zadatak1_sve/build/fanuc_resources' returned '0': CMAKE_PREFIX_PATH=${CMAKE_PREFIX_PATH}:/opt/ros/humble /usr/bin/cmake /home/ivan/Documents/PAS/zadatak1_sve/src/fanuc_resources -DCMAKE_INSTALL_PREFIX=/home/ivan/Documents/PAS/zadatak1_sve/install/fanuc_resources
[0.497s] Invoking command in '/home/ivan/Documents/PAS/zadatak1_sve/build/fanuc_resources': CMAKE_PREFIX_PATH=${CMAKE_PREFIX_PATH}:/opt/ros/humble /usr/bin/cmake --build /home/ivan/Documents/PAS/zadatak1_sve/build/fanuc_resources -- -j16 -l16
[0.530s] Invoked command in '/home/ivan/Documents/PAS/zadatak1_sve/build/fanuc_resources' returned '0': CMAKE_PREFIX_PATH=${CMAKE_PREFIX_PATH}:/opt/ros/humble /usr/bin/cmake --build /home/ivan/Documents/PAS/zadatak1_sve/build/fanuc_resources -- -j16 -l16
[0.540s] Invoking command in '/home/ivan/Documents/PAS/zadatak1_sve/build/fanuc_resources': CMAKE_PREFIX_PATH=${CMAKE_PREFIX_PATH}:/opt/ros/humble /usr/bin/cmake --install /home/ivan/Documents/PAS/zadatak1_sve/build/fanuc_resources
[0.547s] -- Install configuration: ""
[0.548s] -- Installing: /home/ivan/Documents/PAS/zadatak1_sve/install/fanuc_resources/share/fanuc_resources//urdf
[0.548s] -- Installing: /home/ivan/Documents/PAS/zadatak1_sve/install/fanuc_resources/share/fanuc_resources//urdf/common_colours.xacro
[0.548s] -- Installing: /home/ivan/Documents/PAS/zadatak1_sve/install/fanuc_resources/share/fanuc_resources//urdf/common_materials.xacro
[0.548s] -- Installing: /home/ivan/Documents/PAS/zadatak1_sve/install/fanuc_resources/share/ament_index/resource_index/package_run_dependencies/fanuc_resources
[0.548s] -- Installing: /home/ivan/Documents/PAS/zadatak1_sve/install/fanuc_resources/share/ament_index/resource_index/parent_prefix_path/fanuc_resources
[0.548s] -- Installing: /home/ivan/Documents/PAS/zadatak1_sve/install/fanuc_resources/share/fanuc_resources/environment/ament_prefix_path.sh
[0.548s] -- Installing: /home/ivan/Documents/PAS/zadatak1_sve/install/fanuc_resources/share/fanuc_resources/environment/ament_prefix_path.dsv
[0.548s] -- Installing: /home/ivan/Documents/PAS/zadatak1_sve/install/fanuc_resources/share/fanuc_resources/environment/path.sh
[0.548s] -- Installing: /home/ivan/Documents/PAS/zadatak1_sve/install/fanuc_resources/share/fanuc_resources/environment/path.dsv
[0.548s] -- Installing: /home/ivan/Documents/PAS/zadatak1_sve/install/fanuc_resources/share/fanuc_resources/local_setup.bash
[0.548s] -- Installing: /home/ivan/Documents/PAS/zadatak1_sve/install/fanuc_resources/share/fanuc_resources/local_setup.sh
[0.548s] -- Installing: /home/ivan/Documents/PAS/zadatak1_sve/install/fanuc_resources/share/fanuc_resources/local_setup.zsh
[0.548s] -- Installing: /home/ivan/Documents/PAS/zadatak1_sve/install/fanuc_resources/share/fanuc_resources/local_setup.dsv
[0.548s] -- Installing: /home/ivan/Documents/PAS/zadatak1_sve/install/fanuc_resources/share/fanuc_resources/package.dsv
[0.548s] -- Installing: /home/ivan/Documents/PAS/zadatak1_sve/install/fanuc_resources/share/ament_index/resource_index/packages/fanuc_resources
[0.548s] -- Installing: /home/ivan/Documents/PAS/zadatak1_sve/install/fanuc_resources/share/fanuc_resources/cmake/fanuc_resourcesConfig.cmake
[0.548s] -- Installing: /home/ivan/Documents/PAS/zadatak1_sve/install/fanuc_resources/share/fanuc_resources/cmake/fanuc_resourcesConfig-version.cmake
[0.549s] -- Installing: /home/ivan/Documents/PAS/zadatak1_sve/install/fanuc_resources/share/fanuc_resources/package.xml
[0.550s] Invoked command in '/home/ivan/Documents/PAS/zadatak1_sve/build/fanuc_resources' returned '0': CMAKE_PREFIX_PATH=${CMAKE_PREFIX_PATH}:/opt/ros/humble /usr/bin/cmake --install /home/ivan/Documents/PAS/zadatak1_sve/build/fanuc_resources
